CRITICAL - 2022-01-31 11:50:27 --> Invalid file: welcome_message.php
#0 C:\xampp\htdocs\project_food\system\View\View.php(198): CodeIgniter\Exceptions\FrameworkException::forInvalidFile()
#1 C:\xampp\htdocs\project_food\system\Common.php(1089): CodeIgniter\View\View->render()
#2 C:\xampp\htdocs\project_food\app\Controllers\Home.php(9): view()
#3 C:\xampp\htdocs\project_food\system\CodeIgniter.php(825): App\Controllers\Home->index()
#4 C:\xampp\htdocs\project_food\system\CodeIgniter.php(412): CodeIgniter\CodeIgniter->runController()
#5 C:\xampp\htdocs\project_food\system\CodeIgniter.php(320): CodeIgniter\CodeIgniter->handleRequest()
#6 C:\xampp\htdocs\project_food\public\index.php(37): CodeIgniter\CodeIgniter->run()
#7 C:\xampp\htdocs\project_food\system\Commands\Server\rewrite.php(43): require_once('C:\\xampp\\htdocs...')
#8 {main}
CRITICAL - 2022-01-31 11:50:39 --> Invalid file: welcome_message.php
#0 C:\xampp\htdocs\project_food\system\View\View.php(198): CodeIgniter\Exceptions\FrameworkException::forInvalidFile()
#1 C:\xampp\htdocs\project_food\system\Common.php(1089): CodeIgniter\View\View->render()
#2 C:\xampp\htdocs\project_food\app\Controllers\Home.php(9): view()
#3 C:\xampp\htdocs\project_food\system\CodeIgniter.php(825): App\Controllers\Home->index()
#4 C:\xampp\htdocs\project_food\system\CodeIgniter.php(412): CodeIgniter\CodeIgniter->runController()
#5 C:\xampp\htdocs\project_food\system\CodeIgniter.php(320): CodeIgniter\CodeIgniter->handleRequest()
#6 C:\xampp\htdocs\project_food\public\index.php(37): CodeIgniter\CodeIgniter->run()
#7 C:\xampp\htdocs\project_food\system\Commands\Server\rewrite.php(43): require_once('C:\\xampp\\htdocs...')
#8 {main}
CRITICAL - 2022-01-31 11:54:15 --> Invalid file: welcome_message.php
#0 C:\xampp\htdocs\project_food\system\View\View.php(198): CodeIgniter\Exceptions\FrameworkException::forInvalidFile()
#1 C:\xampp\htdocs\project_food\system\Common.php(1089): CodeIgniter\View\View->render()
#2 C:\xampp\htdocs\project_food\app\Controllers\Home.php(9): view()
#3 C:\xampp\htdocs\project_food\system\CodeIgniter.php(825): App\Controllers\Home->index()
#4 C:\xampp\htdocs\project_food\system\CodeIgniter.php(412): CodeIgniter\CodeIgniter->runController()
#5 C:\xampp\htdocs\project_food\system\CodeIgniter.php(320): CodeIgniter\CodeIgniter->handleRequest()
#6 C:\xampp\htdocs\project_food\public\index.php(37): CodeIgniter\CodeIgniter->run()
#7 C:\xampp\htdocs\project_food\system\Commands\Server\rewrite.php(43): require_once('C:\\xampp\\htdocs...')
#8 {main}
CRITICAL - 2022-01-31 12:43:42 --> Undefined variable: lulu
#0 C:\xampp\htdocs\project_food\app\Views\food.php(236): CodeIgniter\Debug\Exceptions->errorHandler()
#1 C:\xampp\htdocs\project_food\system\View\View.php(210): include('C:\\xampp\\htdocs...')
#2 C:\xampp\htdocs\project_food\system\View\View.php(213): CodeIgniter\View\View->CodeIgniter\View\{closure}()
#3 C:\xampp\htdocs\project_food\system\Common.php(1089): CodeIgniter\View\View->render()
#4 C:\xampp\htdocs\project_food\app\Controllers\Home.php(9): view()
#5 C:\xampp\htdocs\project_food\system\CodeIgniter.php(825): App\Controllers\Home->index()
#6 C:\xampp\htdocs\project_food\system\CodeIgniter.php(412): CodeIgniter\CodeIgniter->runController()
#7 C:\xampp\htdocs\project_food\system\CodeIgniter.php(320): CodeIgniter\CodeIgniter->handleRequest()
#8 C:\xampp\htdocs\project_food\public\index.php(37): CodeIgniter\CodeIgniter->run()
#9 C:\xampp\htdocs\project_food\system\Commands\Server\rewrite.php(43): require_once('C:\\xampp\\htdocs...')
#10 {main}
CRITICAL - 2022-01-31 12:43:51 --> Undefined variable: lulu
#0 C:\xampp\htdocs\project_food\app\Views\food.php(236): CodeIgniter\Debug\Exceptions->errorHandler()
#1 C:\xampp\htdocs\project_food\system\View\View.php(210): include('C:\\xampp\\htdocs...')
#2 C:\xampp\htdocs\project_food\system\View\View.php(213): CodeIgniter\View\View->CodeIgniter\View\{closure}()
#3 C:\xampp\htdocs\project_food\system\Common.php(1089): CodeIgniter\View\View->render()
#4 C:\xampp\htdocs\project_food\app\Controllers\Home.php(9): view()
#5 C:\xampp\htdocs\project_food\system\CodeIgniter.php(825): App\Controllers\Home->index()
#6 C:\xampp\htdocs\project_food\system\CodeIgniter.php(412): CodeIgniter\CodeIgniter->runController()
#7 C:\xampp\htdocs\project_food\system\CodeIgniter.php(320): CodeIgniter\CodeIgniter->handleRequest()
#8 C:\xampp\htdocs\project_food\public\index.php(37): CodeIgniter\CodeIgniter->run()
#9 C:\xampp\htdocs\project_food\system\Commands\Server\rewrite.php(43): require_once('C:\\xampp\\htdocs...')
#10 {main}
CRITICAL - 2022-01-31 13:40:49 --> Undefined variable: titulo
#0 C:\xampp\htdocs\project_food\app\Views\Testes\index.php(1): CodeIgniter\Debug\Exceptions->errorHandler()
#1 C:\xampp\htdocs\project_food\system\View\View.php(210): include('C:\\xampp\\htdocs...')
#2 C:\xampp\htdocs\project_food\system\View\View.php(213): CodeIgniter\View\View->CodeIgniter\View\{closure}()
#3 C:\xampp\htdocs\project_food\system\Common.php(1089): CodeIgniter\View\View->render()
#4 C:\xampp\htdocs\project_food\app\Controllers\Testes.php(18): view()
#5 C:\xampp\htdocs\project_food\system\CodeIgniter.php(825): App\Controllers\Testes->index()
#6 C:\xampp\htdocs\project_food\system\CodeIgniter.php(412): CodeIgniter\CodeIgniter->runController()
#7 C:\xampp\htdocs\project_food\system\CodeIgniter.php(320): CodeIgniter\CodeIgniter->handleRequest()
#8 C:\xampp\htdocs\project_food\public\index.php(37): CodeIgniter\CodeIgniter->run()
#9 C:\xampp\htdocs\project_food\system\Commands\Server\rewrite.php(43): require_once('C:\\xampp\\htdocs...')
#10 {main}
CRITICAL - 2022-01-31 13:41:35 --> Undefined variable: subtitulo
#0 C:\xampp\htdocs\project_food\app\Views\Testes\index.php(3): CodeIgniter\Debug\Exceptions->errorHandler()
#1 C:\xampp\htdocs\project_food\system\View\View.php(210): include('C:\\xampp\\htdocs...')
#2 C:\xampp\htdocs\project_food\system\View\View.php(213): CodeIgniter\View\View->CodeIgniter\View\{closure}()
#3 C:\xampp\htdocs\project_food\system\Common.php(1089): CodeIgniter\View\View->render()
#4 C:\xampp\htdocs\project_food\app\Controllers\Testes.php(18): view()
#5 C:\xampp\htdocs\project_food\system\CodeIgniter.php(825): App\Controllers\Testes->index()
#6 C:\xampp\htdocs\project_food\system\CodeIgniter.php(412): CodeIgniter\CodeIgniter->runController()
#7 C:\xampp\htdocs\project_food\system\CodeIgniter.php(320): CodeIgniter\CodeIgniter->handleRequest()
#8 C:\xampp\htdocs\project_food\public\index.php(37): CodeIgniter\CodeIgniter->run()
#9 C:\xampp\htdocs\project_food\system\Commands\Server\rewrite.php(43): require_once('C:\\xampp\\htdocs...')
#10 {main}
CRITICAL - 2022-01-31 13:42:20 --> Undefined variable: subtitulo
#0 C:\xampp\htdocs\project_food\app\Views\Testes\index.php(3): CodeIgniter\Debug\Exceptions->errorHandler()
#1 C:\xampp\htdocs\project_food\system\View\View.php(210): include('C:\\xampp\\htdocs...')
#2 C:\xampp\htdocs\project_food\system\View\View.php(213): CodeIgniter\View\View->CodeIgniter\View\{closure}()
#3 C:\xampp\htdocs\project_food\system\Common.php(1089): CodeIgniter\View\View->render()
#4 C:\xampp\htdocs\project_food\app\Controllers\Testes.php(18): view()
#5 C:\xampp\htdocs\project_food\system\CodeIgniter.php(825): App\Controllers\Testes->index()
#6 C:\xampp\htdocs\project_food\system\CodeIgniter.php(412): CodeIgniter\CodeIgniter->runController()
#7 C:\xampp\htdocs\project_food\system\CodeIgniter.php(320): CodeIgniter\CodeIgniter->handleRequest()
#8 C:\xampp\htdocs\project_food\public\index.php(37): CodeIgniter\CodeIgniter->run()
#9 C:\xampp\htdocs\project_food\system\Commands\Server\rewrite.php(43): require_once('C:\\xampp\\htdocs...')
#10 {main}
