CRITICAL - 2022-02-03 13:38:02 --> Invalid file: Admin/layout/principal.php
#0 C:\Users\Adasi\Documents\project_food\Aula_codeigniter\system\View\View.php(198): CodeIgniter\Exceptions\FrameworkException::forInvalidFile()
#1 C:\Users\Adasi\Documents\project_food\Aula_codeigniter\system\View\View.php(226): CodeIgniter\View\View->render()
#2 C:\Users\Adasi\Documents\project_food\Aula_codeigniter\system\Common.php(1089): CodeIgniter\View\View->render()
#3 C:\Users\Adasi\Documents\project_food\Aula_codeigniter\app\Controllers\Admin\Home.php(15): view()
#4 C:\Users\Adasi\Documents\project_food\Aula_codeigniter\system\CodeIgniter.php(825): App\Controllers\Admin\Home->index()
#5 C:\Users\Adasi\Documents\project_food\Aula_codeigniter\system\CodeIgniter.php(412): CodeIgniter\CodeIgniter->runController()
#6 C:\Users\Adasi\Documents\project_food\Aula_codeigniter\system\CodeIgniter.php(320): CodeIgniter\CodeIgniter->handleRequest()
#7 C:\Users\Adasi\Documents\project_food\Aula_codeigniter\public\index.php(37): CodeIgniter\CodeIgniter->run()
#8 C:\Users\Adasi\Documents\project_food\Aula_codeigniter\system\Commands\Server\rewrite.php(43): require_once('C:\\Users\\Adasi\\...')
#9 {main}
CRITICAL - 2022-02-03 13:44:32 --> Invalid file: Admin/layout/principal.php
#0 C:\Users\Adasi\Documents\project_food\Aula_codeigniter\system\View\View.php(198): CodeIgniter\Exceptions\FrameworkException::forInvalidFile()
#1 C:\Users\Adasi\Documents\project_food\Aula_codeigniter\system\View\View.php(226): CodeIgniter\View\View->render()
#2 C:\Users\Adasi\Documents\project_food\Aula_codeigniter\system\Common.php(1089): CodeIgniter\View\View->render()
#3 C:\Users\Adasi\Documents\project_food\Aula_codeigniter\app\Controllers\Admin\Home.php(15): view()
#4 C:\Users\Adasi\Documents\project_food\Aula_codeigniter\system\CodeIgniter.php(825): App\Controllers\Admin\Home->index()
#5 C:\Users\Adasi\Documents\project_food\Aula_codeigniter\system\CodeIgniter.php(412): CodeIgniter\CodeIgniter->runController()
#6 C:\Users\Adasi\Documents\project_food\Aula_codeigniter\system\CodeIgniter.php(320): CodeIgniter\CodeIgniter->handleRequest()
#7 C:\Users\Adasi\Documents\project_food\Aula_codeigniter\public\index.php(37): CodeIgniter\CodeIgniter->run()
#8 C:\Users\Adasi\Documents\project_food\Aula_codeigniter\system\Commands\Server\rewrite.php(43): require_once('C:\\Users\\Adasi\\...')
#9 {main}
