ERROR - 2022-05-10 14:45:23 --> ErrorException: pg_query(): Query failed: ERROR:  missing FROM-clause entry for table &quot;produtos_especificacoes&quot;
LINE 7: AND &quot;produtos_especificacoes&quot;.&quot;customizavel&quot; = TRUE
            ^ in C:\Users\Adasi\Documents\Project_food\system\Database\Postgre\Connection.php:135
Stack trace:
#0 [internal function]: CodeIgniter\Debug\Exceptions->errorHandler()
#1 C:\Users\Adasi\Documents\Project_food\system\Database\Postgre\Connection.php(135): pg_query()
#2 C:\Users\Adasi\Documents\Project_food\system\Database\BaseConnection.php(670): CodeIgniter\Database\Postgre\Connection->execute()
#3 C:\Users\Adasi\Documents\Project_food\system\Database\BaseConnection.php(598): CodeIgniter\Database\BaseConnection->simpleQuery()
#4 C:\Users\Adasi\Documents\Project_food\system\Database\BaseBuilder.php(1455): CodeIgniter\Database\BaseConnection->query()
#5 C:\Users\Adasi\Documents\Project_food\system\Model.php(183): CodeIgniter\Database\BaseBuilder->get()
#6 C:\Users\Adasi\Documents\Project_food\system\BaseModel.php(584): CodeIgniter\Model->doFindAll()
#7 C:\Users\Adasi\Documents\Project_food\app\Models\ProdutoModel.php(148): CodeIgniter\BaseModel->findAll()
#8 C:\Users\Adasi\Documents\Project_food\app\Controllers\Produto.php(90): App\Models\ProdutoModel->exibeProdutosParaCustomizarSegundaMetade()
#9 C:\Users\Adasi\Documents\Project_food\system\CodeIgniter.php(825): App\Controllers\Produto->procurar()
#10 C:\Users\Adasi\Documents\Project_food\system\CodeIgniter.php(412): CodeIgniter\CodeIgniter->runController()
#11 C:\Users\Adasi\Documents\Project_food\system\CodeIgniter.php(320): CodeIgniter\CodeIgniter->handleRequest()
#12 C:\Users\Adasi\Documents\Project_food\public\index.php(37): CodeIgniter\CodeIgniter->run()
#13 C:\Users\Adasi\Documents\Project_food\system\Commands\Server\rewrite.php(43): require_once('C:\\Users\\Adasi\\...')
#14 {main}
CRITICAL - 2022-05-10 14:45:23 --> pg_query(): Query failed: ERROR:  missing FROM-clause entry for table &quot;produtos_especificacoes&quot;
LINE 7: AND &quot;produtos_especificacoes&quot;.&quot;customizavel&quot; = TRUE
            ^
#0 [internal function]: CodeIgniter\Debug\Exceptions->errorHandler()
#1 C:\Users\Adasi\Documents\Project_food\system\Database\Postgre\Connection.php(135): pg_query()
#2 C:\Users\Adasi\Documents\Project_food\system\Database\BaseConnection.php(670): CodeIgniter\Database\Postgre\Connection->execute()
#3 C:\Users\Adasi\Documents\Project_food\system\Database\BaseConnection.php(598): CodeIgniter\Database\BaseConnection->simpleQuery()
#4 C:\Users\Adasi\Documents\Project_food\system\Database\BaseBuilder.php(1455): CodeIgniter\Database\BaseConnection->query()
#5 C:\Users\Adasi\Documents\Project_food\system\Model.php(183): CodeIgniter\Database\BaseBuilder->get()
#6 C:\Users\Adasi\Documents\Project_food\system\BaseModel.php(584): CodeIgniter\Model->doFindAll()
#7 C:\Users\Adasi\Documents\Project_food\app\Models\ProdutoModel.php(148): CodeIgniter\BaseModel->findAll()
#8 C:\Users\Adasi\Documents\Project_food\app\Controllers\Produto.php(90): App\Models\ProdutoModel->exibeProdutosParaCustomizarSegundaMetade()
#9 C:\Users\Adasi\Documents\Project_food\system\CodeIgniter.php(825): App\Controllers\Produto->procurar()
#10 C:\Users\Adasi\Documents\Project_food\system\CodeIgniter.php(412): CodeIgniter\CodeIgniter->runController()
#11 C:\Users\Adasi\Documents\Project_food\system\CodeIgniter.php(320): CodeIgniter\CodeIgniter->handleRequest()
#12 C:\Users\Adasi\Documents\Project_food\public\index.php(37): CodeIgniter\CodeIgniter->run()
#13 C:\Users\Adasi\Documents\Project_food\system\Commands\Server\rewrite.php(43): require_once('C:\\Users\\Adasi\\...')
#14 {main}
ERROR - 2022-05-10 14:46:43 --> ErrorException: pg_query(): Query failed: ERROR:  missing FROM-clause entry for table &quot;produto&quot;
LINE 8: GROUP BY &quot;produto&quot;.&quot;nome&quot;
                 ^ in C:\Users\Adasi\Documents\Project_food\system\Database\Postgre\Connection.php:135
Stack trace:
#0 [internal function]: CodeIgniter\Debug\Exceptions->errorHandler()
#1 C:\Users\Adasi\Documents\Project_food\system\Database\Postgre\Connection.php(135): pg_query()
#2 C:\Users\Adasi\Documents\Project_food\system\Database\BaseConnection.php(670): CodeIgniter\Database\Postgre\Connection->execute()
#3 C:\Users\Adasi\Documents\Project_food\system\Database\BaseConnection.php(598): CodeIgniter\Database\BaseConnection->simpleQuery()
#4 C:\Users\Adasi\Documents\Project_food\system\Database\BaseBuilder.php(1455): CodeIgniter\Database\BaseConnection->query()
#5 C:\Users\Adasi\Documents\Project_food\system\Model.php(183): CodeIgniter\Database\BaseBuilder->get()
#6 C:\Users\Adasi\Documents\Project_food\system\BaseModel.php(584): CodeIgniter\Model->doFindAll()
#7 C:\Users\Adasi\Documents\Project_food\app\Models\ProdutoModel.php(148): CodeIgniter\BaseModel->findAll()
#8 C:\Users\Adasi\Documents\Project_food\app\Controllers\Produto.php(90): App\Models\ProdutoModel->exibeProdutosParaCustomizarSegundaMetade()
#9 C:\Users\Adasi\Documents\Project_food\system\CodeIgniter.php(825): App\Controllers\Produto->procurar()
#10 C:\Users\Adasi\Documents\Project_food\system\CodeIgniter.php(412): CodeIgniter\CodeIgniter->runController()
#11 C:\Users\Adasi\Documents\Project_food\system\CodeIgniter.php(320): CodeIgniter\CodeIgniter->handleRequest()
#12 C:\Users\Adasi\Documents\Project_food\public\index.php(37): CodeIgniter\CodeIgniter->run()
#13 C:\Users\Adasi\Documents\Project_food\system\Commands\Server\rewrite.php(43): require_once('C:\\Users\\Adasi\\...')
#14 {main}
CRITICAL - 2022-05-10 14:46:43 --> pg_query(): Query failed: ERROR:  missing FROM-clause entry for table &quot;produto&quot;
LINE 8: GROUP BY &quot;produto&quot;.&quot;nome&quot;
                 ^
#0 [internal function]: CodeIgniter\Debug\Exceptions->errorHandler()
#1 C:\Users\Adasi\Documents\Project_food\system\Database\Postgre\Connection.php(135): pg_query()
#2 C:\Users\Adasi\Documents\Project_food\system\Database\BaseConnection.php(670): CodeIgniter\Database\Postgre\Connection->execute()
#3 C:\Users\Adasi\Documents\Project_food\system\Database\BaseConnection.php(598): CodeIgniter\Database\BaseConnection->simpleQuery()
#4 C:\Users\Adasi\Documents\Project_food\system\Database\BaseBuilder.php(1455): CodeIgniter\Database\BaseConnection->query()
#5 C:\Users\Adasi\Documents\Project_food\system\Model.php(183): CodeIgniter\Database\BaseBuilder->get()
#6 C:\Users\Adasi\Documents\Project_food\system\BaseModel.php(584): CodeIgniter\Model->doFindAll()
#7 C:\Users\Adasi\Documents\Project_food\app\Models\ProdutoModel.php(148): CodeIgniter\BaseModel->findAll()
#8 C:\Users\Adasi\Documents\Project_food\app\Controllers\Produto.php(90): App\Models\ProdutoModel->exibeProdutosParaCustomizarSegundaMetade()
#9 C:\Users\Adasi\Documents\Project_food\system\CodeIgniter.php(825): App\Controllers\Produto->procurar()
#10 C:\Users\Adasi\Documents\Project_food\system\CodeIgniter.php(412): CodeIgniter\CodeIgniter->runController()
#11 C:\Users\Adasi\Documents\Project_food\system\CodeIgniter.php(320): CodeIgniter\CodeIgniter->handleRequest()
#12 C:\Users\Adasi\Documents\Project_food\public\index.php(37): CodeIgniter\CodeIgniter->run()
#13 C:\Users\Adasi\Documents\Project_food\system\Commands\Server\rewrite.php(43): require_once('C:\\Users\\Adasi\\...')
#14 {main}
ERROR - 2022-05-10 14:48:50 --> ErrorException: pg_query(): Query failed: ERROR:  missing FROM-clause entry for table &quot;produto&quot;
LINE 4: ...coes&quot; ON &quot;produtos_especificacoes&quot;.&quot;produto_id&quot; = &quot;produto&quot;....
                                                             ^ in C:\Users\Adasi\Documents\Project_food\system\Database\Postgre\Connection.php:135
Stack trace:
#0 [internal function]: CodeIgniter\Debug\Exceptions->errorHandler()
#1 C:\Users\Adasi\Documents\Project_food\system\Database\Postgre\Connection.php(135): pg_query()
#2 C:\Users\Adasi\Documents\Project_food\system\Database\BaseConnection.php(670): CodeIgniter\Database\Postgre\Connection->execute()
#3 C:\Users\Adasi\Documents\Project_food\system\Database\BaseConnection.php(598): CodeIgniter\Database\BaseConnection->simpleQuery()
#4 C:\Users\Adasi\Documents\Project_food\system\Database\BaseBuilder.php(1455): CodeIgniter\Database\BaseConnection->query()
#5 C:\Users\Adasi\Documents\Project_food\system\Model.php(183): CodeIgniter\Database\BaseBuilder->get()
#6 C:\Users\Adasi\Documents\Project_food\system\BaseModel.php(584): CodeIgniter\Model->doFindAll()
#7 C:\Users\Adasi\Documents\Project_food\app\Models\ProdutoModel.php(149): CodeIgniter\BaseModel->findAll()
#8 C:\Users\Adasi\Documents\Project_food\app\Controllers\Produto.php(90): App\Models\ProdutoModel->exibeProdutosParaCustomizarSegundaMetade()
#9 C:\Users\Adasi\Documents\Project_food\system\CodeIgniter.php(825): App\Controllers\Produto->procurar()
#10 C:\Users\Adasi\Documents\Project_food\system\CodeIgniter.php(412): CodeIgniter\CodeIgniter->runController()
#11 C:\Users\Adasi\Documents\Project_food\system\CodeIgniter.php(320): CodeIgniter\CodeIgniter->handleRequest()
#12 C:\Users\Adasi\Documents\Project_food\public\index.php(37): CodeIgniter\CodeIgniter->run()
#13 C:\Users\Adasi\Documents\Project_food\system\Commands\Server\rewrite.php(43): require_once('C:\\Users\\Adasi\\...')
#14 {main}
CRITICAL - 2022-05-10 14:48:50 --> pg_query(): Query failed: ERROR:  missing FROM-clause entry for table &quot;produto&quot;
LINE 4: ...coes&quot; ON &quot;produtos_especificacoes&quot;.&quot;produto_id&quot; = &quot;produto&quot;....
                                                             ^
#0 [internal function]: CodeIgniter\Debug\Exceptions->errorHandler()
#1 C:\Users\Adasi\Documents\Project_food\system\Database\Postgre\Connection.php(135): pg_query()
#2 C:\Users\Adasi\Documents\Project_food\system\Database\BaseConnection.php(670): CodeIgniter\Database\Postgre\Connection->execute()
#3 C:\Users\Adasi\Documents\Project_food\system\Database\BaseConnection.php(598): CodeIgniter\Database\BaseConnection->simpleQuery()
#4 C:\Users\Adasi\Documents\Project_food\system\Database\BaseBuilder.php(1455): CodeIgniter\Database\BaseConnection->query()
#5 C:\Users\Adasi\Documents\Project_food\system\Model.php(183): CodeIgniter\Database\BaseBuilder->get()
#6 C:\Users\Adasi\Documents\Project_food\system\BaseModel.php(584): CodeIgniter\Model->doFindAll()
#7 C:\Users\Adasi\Documents\Project_food\app\Models\ProdutoModel.php(149): CodeIgniter\BaseModel->findAll()
#8 C:\Users\Adasi\Documents\Project_food\app\Controllers\Produto.php(90): App\Models\ProdutoModel->exibeProdutosParaCustomizarSegundaMetade()
#9 C:\Users\Adasi\Documents\Project_food\system\CodeIgniter.php(825): App\Controllers\Produto->procurar()
#10 C:\Users\Adasi\Documents\Project_food\system\CodeIgniter.php(412): CodeIgniter\CodeIgniter->runController()
#11 C:\Users\Adasi\Documents\Project_food\system\CodeIgniter.php(320): CodeIgniter\CodeIgniter->handleRequest()
#12 C:\Users\Adasi\Documents\Project_food\public\index.php(37): CodeIgniter\CodeIgniter->run()
#13 C:\Users\Adasi\Documents\Project_food\system\Commands\Server\rewrite.php(43): require_once('C:\\Users\\Adasi\\...')
#14 {main}
ERROR - 2022-05-10 14:50:01 --> ErrorException: pg_query(): Query failed: ERROR:  missing FROM-clause entry for table &quot;produto&quot;
LINE 4: ...coes&quot; ON &quot;produtos_especificacoes&quot;.&quot;produto_id&quot; = &quot;produto&quot;....
                                                             ^ in C:\Users\Adasi\Documents\Project_food\system\Database\Postgre\Connection.php:135
Stack trace:
#0 [internal function]: CodeIgniter\Debug\Exceptions->errorHandler()
#1 C:\Users\Adasi\Documents\Project_food\system\Database\Postgre\Connection.php(135): pg_query()
#2 C:\Users\Adasi\Documents\Project_food\system\Database\BaseConnection.php(670): CodeIgniter\Database\Postgre\Connection->execute()
#3 C:\Users\Adasi\Documents\Project_food\system\Database\BaseConnection.php(598): CodeIgniter\Database\BaseConnection->simpleQuery()
#4 C:\Users\Adasi\Documents\Project_food\system\Database\BaseBuilder.php(1455): CodeIgniter\Database\BaseConnection->query()
#5 C:\Users\Adasi\Documents\Project_food\system\Model.php(183): CodeIgniter\Database\BaseBuilder->get()
#6 C:\Users\Adasi\Documents\Project_food\system\BaseModel.php(584): CodeIgniter\Model->doFindAll()
#7 C:\Users\Adasi\Documents\Project_food\app\Models\ProdutoModel.php(149): CodeIgniter\BaseModel->findAll()
#8 C:\Users\Adasi\Documents\Project_food\app\Controllers\Produto.php(90): App\Models\ProdutoModel->exibeProdutosParaCustomizarSegundaMetade()
#9 C:\Users\Adasi\Documents\Project_food\system\CodeIgniter.php(825): App\Controllers\Produto->procurar()
#10 C:\Users\Adasi\Documents\Project_food\system\CodeIgniter.php(412): CodeIgniter\CodeIgniter->runController()
#11 C:\Users\Adasi\Documents\Project_food\system\CodeIgniter.php(320): CodeIgniter\CodeIgniter->handleRequest()
#12 C:\Users\Adasi\Documents\Project_food\public\index.php(37): CodeIgniter\CodeIgniter->run()
#13 C:\Users\Adasi\Documents\Project_food\system\Commands\Server\rewrite.php(43): require_once('C:\\Users\\Adasi\\...')
#14 {main}
CRITICAL - 2022-05-10 14:50:01 --> pg_query(): Query failed: ERROR:  missing FROM-clause entry for table &quot;produto&quot;
LINE 4: ...coes&quot; ON &quot;produtos_especificacoes&quot;.&quot;produto_id&quot; = &quot;produto&quot;....
                                                             ^
#0 [internal function]: CodeIgniter\Debug\Exceptions->errorHandler()
#1 C:\Users\Adasi\Documents\Project_food\system\Database\Postgre\Connection.php(135): pg_query()
#2 C:\Users\Adasi\Documents\Project_food\system\Database\BaseConnection.php(670): CodeIgniter\Database\Postgre\Connection->execute()
#3 C:\Users\Adasi\Documents\Project_food\system\Database\BaseConnection.php(598): CodeIgniter\Database\BaseConnection->simpleQuery()
#4 C:\Users\Adasi\Documents\Project_food\system\Database\BaseBuilder.php(1455): CodeIgniter\Database\BaseConnection->query()
#5 C:\Users\Adasi\Documents\Project_food\system\Model.php(183): CodeIgniter\Database\BaseBuilder->get()
#6 C:\Users\Adasi\Documents\Project_food\system\BaseModel.php(584): CodeIgniter\Model->doFindAll()
#7 C:\Users\Adasi\Documents\Project_food\app\Models\ProdutoModel.php(149): CodeIgniter\BaseModel->findAll()
#8 C:\Users\Adasi\Documents\Project_food\app\Controllers\Produto.php(90): App\Models\ProdutoModel->exibeProdutosParaCustomizarSegundaMetade()
#9 C:\Users\Adasi\Documents\Project_food\system\CodeIgniter.php(825): App\Controllers\Produto->procurar()
#10 C:\Users\Adasi\Documents\Project_food\system\CodeIgniter.php(412): CodeIgniter\CodeIgniter->runController()
#11 C:\Users\Adasi\Documents\Project_food\system\CodeIgniter.php(320): CodeIgniter\CodeIgniter->handleRequest()
#12 C:\Users\Adasi\Documents\Project_food\public\index.php(37): CodeIgniter\CodeIgniter->run()
#13 C:\Users\Adasi\Documents\Project_food\system\Commands\Server\rewrite.php(43): require_once('C:\\Users\\Adasi\\...')
#14 {main}
ERROR - 2022-05-10 14:51:57 --> ErrorException: pg_query(): Query failed: ERROR:  missing FROM-clause entry for table &quot;produto&quot;
LINE 4: JOIN &quot;produtos_especificacoes&quot; ON &quot;produto&quot;.&quot;id&quot; = &quot;produtos...
                                          ^ in C:\Users\Adasi\Documents\Project_food\system\Database\Postgre\Connection.php:135
Stack trace:
#0 [internal function]: CodeIgniter\Debug\Exceptions->errorHandler()
#1 C:\Users\Adasi\Documents\Project_food\system\Database\Postgre\Connection.php(135): pg_query()
#2 C:\Users\Adasi\Documents\Project_food\system\Database\BaseConnection.php(670): CodeIgniter\Database\Postgre\Connection->execute()
#3 C:\Users\Adasi\Documents\Project_food\system\Database\BaseConnection.php(598): CodeIgniter\Database\BaseConnection->simpleQuery()
#4 C:\Users\Adasi\Documents\Project_food\system\Database\BaseBuilder.php(1455): CodeIgniter\Database\BaseConnection->query()
#5 C:\Users\Adasi\Documents\Project_food\system\Model.php(183): CodeIgniter\Database\BaseBuilder->get()
#6 C:\Users\Adasi\Documents\Project_food\system\BaseModel.php(584): CodeIgniter\Model->doFindAll()
#7 C:\Users\Adasi\Documents\Project_food\app\Models\ProdutoModel.php(149): CodeIgniter\BaseModel->findAll()
#8 C:\Users\Adasi\Documents\Project_food\app\Controllers\Produto.php(90): App\Models\ProdutoModel->exibeProdutosParaCustomizarSegundaMetade()
#9 C:\Users\Adasi\Documents\Project_food\system\CodeIgniter.php(825): App\Controllers\Produto->procurar()
#10 C:\Users\Adasi\Documents\Project_food\system\CodeIgniter.php(412): CodeIgniter\CodeIgniter->runController()
#11 C:\Users\Adasi\Documents\Project_food\system\CodeIgniter.php(320): CodeIgniter\CodeIgniter->handleRequest()
#12 C:\Users\Adasi\Documents\Project_food\public\index.php(37): CodeIgniter\CodeIgniter->run()
#13 C:\Users\Adasi\Documents\Project_food\system\Commands\Server\rewrite.php(43): require_once('C:\\Users\\Adasi\\...')
#14 {main}
CRITICAL - 2022-05-10 14:51:57 --> pg_query(): Query failed: ERROR:  missing FROM-clause entry for table &quot;produto&quot;
LINE 4: JOIN &quot;produtos_especificacoes&quot; ON &quot;produto&quot;.&quot;id&quot; = &quot;produtos...
                                          ^
#0 [internal function]: CodeIgniter\Debug\Exceptions->errorHandler()
#1 C:\Users\Adasi\Documents\Project_food\system\Database\Postgre\Connection.php(135): pg_query()
#2 C:\Users\Adasi\Documents\Project_food\system\Database\BaseConnection.php(670): CodeIgniter\Database\Postgre\Connection->execute()
#3 C:\Users\Adasi\Documents\Project_food\system\Database\BaseConnection.php(598): CodeIgniter\Database\BaseConnection->simpleQuery()
#4 C:\Users\Adasi\Documents\Project_food\system\Database\BaseBuilder.php(1455): CodeIgniter\Database\BaseConnection->query()
#5 C:\Users\Adasi\Documents\Project_food\system\Model.php(183): CodeIgniter\Database\BaseBuilder->get()
#6 C:\Users\Adasi\Documents\Project_food\system\BaseModel.php(584): CodeIgniter\Model->doFindAll()
#7 C:\Users\Adasi\Documents\Project_food\app\Models\ProdutoModel.php(149): CodeIgniter\BaseModel->findAll()
#8 C:\Users\Adasi\Documents\Project_food\app\Controllers\Produto.php(90): App\Models\ProdutoModel->exibeProdutosParaCustomizarSegundaMetade()
#9 C:\Users\Adasi\Documents\Project_food\system\CodeIgniter.php(825): App\Controllers\Produto->procurar()
#10 C:\Users\Adasi\Documents\Project_food\system\CodeIgniter.php(412): CodeIgniter\CodeIgniter->runController()
#11 C:\Users\Adasi\Documents\Project_food\system\CodeIgniter.php(320): CodeIgniter\CodeIgniter->handleRequest()
#12 C:\Users\Adasi\Documents\Project_food\public\index.php(37): CodeIgniter\CodeIgniter->run()
#13 C:\Users\Adasi\Documents\Project_food\system\Commands\Server\rewrite.php(43): require_once('C:\\Users\\Adasi\\...')
#14 {main}
ERROR - 2022-05-10 14:52:04 --> ErrorException: pg_query(): Query failed: ERROR:  missing FROM-clause entry for table &quot;produto&quot;
LINE 4: JOIN &quot;produtos_especificacoes&quot; ON &quot;produto&quot;.&quot;id&quot; = &quot;produtos...
                                          ^ in C:\Users\Adasi\Documents\Project_food\system\Database\Postgre\Connection.php:135
Stack trace:
#0 [internal function]: CodeIgniter\Debug\Exceptions->errorHandler()
#1 C:\Users\Adasi\Documents\Project_food\system\Database\Postgre\Connection.php(135): pg_query()
#2 C:\Users\Adasi\Documents\Project_food\system\Database\BaseConnection.php(670): CodeIgniter\Database\Postgre\Connection->execute()
#3 C:\Users\Adasi\Documents\Project_food\system\Database\BaseConnection.php(598): CodeIgniter\Database\BaseConnection->simpleQuery()
#4 C:\Users\Adasi\Documents\Project_food\system\Database\BaseBuilder.php(1455): CodeIgniter\Database\BaseConnection->query()
#5 C:\Users\Adasi\Documents\Project_food\system\Model.php(183): CodeIgniter\Database\BaseBuilder->get()
#6 C:\Users\Adasi\Documents\Project_food\system\BaseModel.php(584): CodeIgniter\Model->doFindAll()
#7 C:\Users\Adasi\Documents\Project_food\app\Models\ProdutoModel.php(149): CodeIgniter\BaseModel->findAll()
#8 C:\Users\Adasi\Documents\Project_food\app\Controllers\Produto.php(90): App\Models\ProdutoModel->exibeProdutosParaCustomizarSegundaMetade()
#9 C:\Users\Adasi\Documents\Project_food\system\CodeIgniter.php(825): App\Controllers\Produto->procurar()
#10 C:\Users\Adasi\Documents\Project_food\system\CodeIgniter.php(412): CodeIgniter\CodeIgniter->runController()
#11 C:\Users\Adasi\Documents\Project_food\system\CodeIgniter.php(320): CodeIgniter\CodeIgniter->handleRequest()
#12 C:\Users\Adasi\Documents\Project_food\public\index.php(37): CodeIgniter\CodeIgniter->run()
#13 C:\Users\Adasi\Documents\Project_food\system\Commands\Server\rewrite.php(43): require_once('C:\\Users\\Adasi\\...')
#14 {main}
CRITICAL - 2022-05-10 14:52:04 --> pg_query(): Query failed: ERROR:  missing FROM-clause entry for table &quot;produto&quot;
LINE 4: JOIN &quot;produtos_especificacoes&quot; ON &quot;produto&quot;.&quot;id&quot; = &quot;produtos...
                                          ^
#0 [internal function]: CodeIgniter\Debug\Exceptions->errorHandler()
#1 C:\Users\Adasi\Documents\Project_food\system\Database\Postgre\Connection.php(135): pg_query()
#2 C:\Users\Adasi\Documents\Project_food\system\Database\BaseConnection.php(670): CodeIgniter\Database\Postgre\Connection->execute()
#3 C:\Users\Adasi\Documents\Project_food\system\Database\BaseConnection.php(598): CodeIgniter\Database\BaseConnection->simpleQuery()
#4 C:\Users\Adasi\Documents\Project_food\system\Database\BaseBuilder.php(1455): CodeIgniter\Database\BaseConnection->query()
#5 C:\Users\Adasi\Documents\Project_food\system\Model.php(183): CodeIgniter\Database\BaseBuilder->get()
#6 C:\Users\Adasi\Documents\Project_food\system\BaseModel.php(584): CodeIgniter\Model->doFindAll()
#7 C:\Users\Adasi\Documents\Project_food\app\Models\ProdutoModel.php(149): CodeIgniter\BaseModel->findAll()
#8 C:\Users\Adasi\Documents\Project_food\app\Controllers\Produto.php(90): App\Models\ProdutoModel->exibeProdutosParaCustomizarSegundaMetade()
#9 C:\Users\Adasi\Documents\Project_food\system\CodeIgniter.php(825): App\Controllers\Produto->procurar()
#10 C:\Users\Adasi\Documents\Project_food\system\CodeIgniter.php(412): CodeIgniter\CodeIgniter->runController()
#11 C:\Users\Adasi\Documents\Project_food\system\CodeIgniter.php(320): CodeIgniter\CodeIgniter->handleRequest()
#12 C:\Users\Adasi\Documents\Project_food\public\index.php(37): CodeIgniter\CodeIgniter->run()
#13 C:\Users\Adasi\Documents\Project_food\system\Commands\Server\rewrite.php(43): require_once('C:\\Users\\Adasi\\...')
#14 {main}
ERROR - 2022-05-10 14:52:44 --> ErrorException: pg_query(): Query failed: ERROR:  missing FROM-clause entry for table &quot;produto&quot;
LINE 4: LEFT JOIN &quot;produtos_especificacoes&quot; ON &quot;produto&quot;.&quot;id&quot; = &quot;pro...
                                               ^ in C:\Users\Adasi\Documents\Project_food\system\Database\Postgre\Connection.php:135
Stack trace:
#0 [internal function]: CodeIgniter\Debug\Exceptions->errorHandler()
#1 C:\Users\Adasi\Documents\Project_food\system\Database\Postgre\Connection.php(135): pg_query()
#2 C:\Users\Adasi\Documents\Project_food\system\Database\BaseConnection.php(670): CodeIgniter\Database\Postgre\Connection->execute()
#3 C:\Users\Adasi\Documents\Project_food\system\Database\BaseConnection.php(598): CodeIgniter\Database\BaseConnection->simpleQuery()
#4 C:\Users\Adasi\Documents\Project_food\system\Database\BaseBuilder.php(1455): CodeIgniter\Database\BaseConnection->query()
#5 C:\Users\Adasi\Documents\Project_food\system\Model.php(183): CodeIgniter\Database\BaseBuilder->get()
#6 C:\Users\Adasi\Documents\Project_food\system\BaseModel.php(584): CodeIgniter\Model->doFindAll()
#7 C:\Users\Adasi\Documents\Project_food\app\Models\ProdutoModel.php(149): CodeIgniter\BaseModel->findAll()
#8 C:\Users\Adasi\Documents\Project_food\app\Controllers\Produto.php(90): App\Models\ProdutoModel->exibeProdutosParaCustomizarSegundaMetade()
#9 C:\Users\Adasi\Documents\Project_food\system\CodeIgniter.php(825): App\Controllers\Produto->procurar()
#10 C:\Users\Adasi\Documents\Project_food\system\CodeIgniter.php(412): CodeIgniter\CodeIgniter->runController()
#11 C:\Users\Adasi\Documents\Project_food\system\CodeIgniter.php(320): CodeIgniter\CodeIgniter->handleRequest()
#12 C:\Users\Adasi\Documents\Project_food\public\index.php(37): CodeIgniter\CodeIgniter->run()
#13 C:\Users\Adasi\Documents\Project_food\system\Commands\Server\rewrite.php(43): require_once('C:\\Users\\Adasi\\...')
#14 {main}
CRITICAL - 2022-05-10 14:52:44 --> pg_query(): Query failed: ERROR:  missing FROM-clause entry for table &quot;produto&quot;
LINE 4: LEFT JOIN &quot;produtos_especificacoes&quot; ON &quot;produto&quot;.&quot;id&quot; = &quot;pro...
                                               ^
#0 [internal function]: CodeIgniter\Debug\Exceptions->errorHandler()
#1 C:\Users\Adasi\Documents\Project_food\system\Database\Postgre\Connection.php(135): pg_query()
#2 C:\Users\Adasi\Documents\Project_food\system\Database\BaseConnection.php(670): CodeIgniter\Database\Postgre\Connection->execute()
#3 C:\Users\Adasi\Documents\Project_food\system\Database\BaseConnection.php(598): CodeIgniter\Database\BaseConnection->simpleQuery()
#4 C:\Users\Adasi\Documents\Project_food\system\Database\BaseBuilder.php(1455): CodeIgniter\Database\BaseConnection->query()
#5 C:\Users\Adasi\Documents\Project_food\system\Model.php(183): CodeIgniter\Database\BaseBuilder->get()
#6 C:\Users\Adasi\Documents\Project_food\system\BaseModel.php(584): CodeIgniter\Model->doFindAll()
#7 C:\Users\Adasi\Documents\Project_food\app\Models\ProdutoModel.php(149): CodeIgniter\BaseModel->findAll()
#8 C:\Users\Adasi\Documents\Project_food\app\Controllers\Produto.php(90): App\Models\ProdutoModel->exibeProdutosParaCustomizarSegundaMetade()
#9 C:\Users\Adasi\Documents\Project_food\system\CodeIgniter.php(825): App\Controllers\Produto->procurar()
#10 C:\Users\Adasi\Documents\Project_food\system\CodeIgniter.php(412): CodeIgniter\CodeIgniter->runController()
#11 C:\Users\Adasi\Documents\Project_food\system\CodeIgniter.php(320): CodeIgniter\CodeIgniter->handleRequest()
#12 C:\Users\Adasi\Documents\Project_food\public\index.php(37): CodeIgniter\CodeIgniter->run()
#13 C:\Users\Adasi\Documents\Project_food\system\Commands\Server\rewrite.php(43): require_once('C:\\Users\\Adasi\\...')
#14 {main}
ERROR - 2022-05-10 14:53:42 --> ErrorException: pg_query(): Query failed: ERROR:  missing FROM-clause entry for table &quot;produto&quot;
LINE 4: JOIN &quot;produtos_especificacoes&quot; ON &quot;produto&quot;.&quot;id&quot; = &quot;produtos...
                                          ^ in C:\Users\Adasi\Documents\Project_food\system\Database\Postgre\Connection.php:135
Stack trace:
#0 [internal function]: CodeIgniter\Debug\Exceptions->errorHandler()
#1 C:\Users\Adasi\Documents\Project_food\system\Database\Postgre\Connection.php(135): pg_query()
#2 C:\Users\Adasi\Documents\Project_food\system\Database\BaseConnection.php(670): CodeIgniter\Database\Postgre\Connection->execute()
#3 C:\Users\Adasi\Documents\Project_food\system\Database\BaseConnection.php(598): CodeIgniter\Database\BaseConnection->simpleQuery()
#4 C:\Users\Adasi\Documents\Project_food\system\Database\BaseBuilder.php(1455): CodeIgniter\Database\BaseConnection->query()
#5 C:\Users\Adasi\Documents\Project_food\system\Model.php(183): CodeIgniter\Database\BaseBuilder->get()
#6 C:\Users\Adasi\Documents\Project_food\system\BaseModel.php(584): CodeIgniter\Model->doFindAll()
#7 C:\Users\Adasi\Documents\Project_food\app\Models\ProdutoModel.php(149): CodeIgniter\BaseModel->findAll()
#8 C:\Users\Adasi\Documents\Project_food\app\Controllers\Produto.php(90): App\Models\ProdutoModel->exibeProdutosParaCustomizarSegundaMetade()
#9 C:\Users\Adasi\Documents\Project_food\system\CodeIgniter.php(825): App\Controllers\Produto->procurar()
#10 C:\Users\Adasi\Documents\Project_food\system\CodeIgniter.php(412): CodeIgniter\CodeIgniter->runController()
#11 C:\Users\Adasi\Documents\Project_food\system\CodeIgniter.php(320): CodeIgniter\CodeIgniter->handleRequest()
#12 C:\Users\Adasi\Documents\Project_food\public\index.php(37): CodeIgniter\CodeIgniter->run()
#13 C:\Users\Adasi\Documents\Project_food\system\Commands\Server\rewrite.php(43): require_once('C:\\Users\\Adasi\\...')
#14 {main}
CRITICAL - 2022-05-10 14:53:42 --> pg_query(): Query failed: ERROR:  missing FROM-clause entry for table &quot;produto&quot;
LINE 4: JOIN &quot;produtos_especificacoes&quot; ON &quot;produto&quot;.&quot;id&quot; = &quot;produtos...
                                          ^
#0 [internal function]: CodeIgniter\Debug\Exceptions->errorHandler()
#1 C:\Users\Adasi\Documents\Project_food\system\Database\Postgre\Connection.php(135): pg_query()
#2 C:\Users\Adasi\Documents\Project_food\system\Database\BaseConnection.php(670): CodeIgniter\Database\Postgre\Connection->execute()
#3 C:\Users\Adasi\Documents\Project_food\system\Database\BaseConnection.php(598): CodeIgniter\Database\BaseConnection->simpleQuery()
#4 C:\Users\Adasi\Documents\Project_food\system\Database\BaseBuilder.php(1455): CodeIgniter\Database\BaseConnection->query()
#5 C:\Users\Adasi\Documents\Project_food\system\Model.php(183): CodeIgniter\Database\BaseBuilder->get()
#6 C:\Users\Adasi\Documents\Project_food\system\BaseModel.php(584): CodeIgniter\Model->doFindAll()
#7 C:\Users\Adasi\Documents\Project_food\app\Models\ProdutoModel.php(149): CodeIgniter\BaseModel->findAll()
#8 C:\Users\Adasi\Documents\Project_food\app\Controllers\Produto.php(90): App\Models\ProdutoModel->exibeProdutosParaCustomizarSegundaMetade()
#9 C:\Users\Adasi\Documents\Project_food\system\CodeIgniter.php(825): App\Controllers\Produto->procurar()
#10 C:\Users\Adasi\Documents\Project_food\system\CodeIgniter.php(412): CodeIgniter\CodeIgniter->runController()
#11 C:\Users\Adasi\Documents\Project_food\system\CodeIgniter.php(320): CodeIgniter\CodeIgniter->handleRequest()
#12 C:\Users\Adasi\Documents\Project_food\public\index.php(37): CodeIgniter\CodeIgniter->run()
#13 C:\Users\Adasi\Documents\Project_food\system\Commands\Server\rewrite.php(43): require_once('C:\\Users\\Adasi\\...')
#14 {main}
ERROR - 2022-05-10 14:53:52 --> ErrorException: pg_query(): Query failed: ERROR:  missing FROM-clause entry for table &quot;produto&quot;
LINE 4: JOIN &quot;produtos_especificacoes&quot; ON &quot;produto&quot;.&quot;id&quot; = &quot;produtos...
                                          ^ in C:\Users\Adasi\Documents\Project_food\system\Database\Postgre\Connection.php:135
Stack trace:
#0 [internal function]: CodeIgniter\Debug\Exceptions->errorHandler()
#1 C:\Users\Adasi\Documents\Project_food\system\Database\Postgre\Connection.php(135): pg_query()
#2 C:\Users\Adasi\Documents\Project_food\system\Database\BaseConnection.php(670): CodeIgniter\Database\Postgre\Connection->execute()
#3 C:\Users\Adasi\Documents\Project_food\system\Database\BaseConnection.php(598): CodeIgniter\Database\BaseConnection->simpleQuery()
#4 C:\Users\Adasi\Documents\Project_food\system\Database\BaseBuilder.php(1455): CodeIgniter\Database\BaseConnection->query()
#5 C:\Users\Adasi\Documents\Project_food\system\Model.php(183): CodeIgniter\Database\BaseBuilder->get()
#6 C:\Users\Adasi\Documents\Project_food\system\BaseModel.php(584): CodeIgniter\Model->doFindAll()
#7 C:\Users\Adasi\Documents\Project_food\app\Models\ProdutoModel.php(149): CodeIgniter\BaseModel->findAll()
#8 C:\Users\Adasi\Documents\Project_food\app\Controllers\Produto.php(90): App\Models\ProdutoModel->exibeProdutosParaCustomizarSegundaMetade()
#9 C:\Users\Adasi\Documents\Project_food\system\CodeIgniter.php(825): App\Controllers\Produto->procurar()
#10 C:\Users\Adasi\Documents\Project_food\system\CodeIgniter.php(412): CodeIgniter\CodeIgniter->runController()
#11 C:\Users\Adasi\Documents\Project_food\system\CodeIgniter.php(320): CodeIgniter\CodeIgniter->handleRequest()
#12 C:\Users\Adasi\Documents\Project_food\public\index.php(37): CodeIgniter\CodeIgniter->run()
#13 C:\Users\Adasi\Documents\Project_food\system\Commands\Server\rewrite.php(43): require_once('C:\\Users\\Adasi\\...')
#14 {main}
CRITICAL - 2022-05-10 14:53:52 --> pg_query(): Query failed: ERROR:  missing FROM-clause entry for table &quot;produto&quot;
LINE 4: JOIN &quot;produtos_especificacoes&quot; ON &quot;produto&quot;.&quot;id&quot; = &quot;produtos...
                                          ^
#0 [internal function]: CodeIgniter\Debug\Exceptions->errorHandler()
#1 C:\Users\Adasi\Documents\Project_food\system\Database\Postgre\Connection.php(135): pg_query()
#2 C:\Users\Adasi\Documents\Project_food\system\Database\BaseConnection.php(670): CodeIgniter\Database\Postgre\Connection->execute()
#3 C:\Users\Adasi\Documents\Project_food\system\Database\BaseConnection.php(598): CodeIgniter\Database\BaseConnection->simpleQuery()
#4 C:\Users\Adasi\Documents\Project_food\system\Database\BaseBuilder.php(1455): CodeIgniter\Database\BaseConnection->query()
#5 C:\Users\Adasi\Documents\Project_food\system\Model.php(183): CodeIgniter\Database\BaseBuilder->get()
#6 C:\Users\Adasi\Documents\Project_food\system\BaseModel.php(584): CodeIgniter\Model->doFindAll()
#7 C:\Users\Adasi\Documents\Project_food\app\Models\ProdutoModel.php(149): CodeIgniter\BaseModel->findAll()
#8 C:\Users\Adasi\Documents\Project_food\app\Controllers\Produto.php(90): App\Models\ProdutoModel->exibeProdutosParaCustomizarSegundaMetade()
#9 C:\Users\Adasi\Documents\Project_food\system\CodeIgniter.php(825): App\Controllers\Produto->procurar()
#10 C:\Users\Adasi\Documents\Project_food\system\CodeIgniter.php(412): CodeIgniter\CodeIgniter->runController()
#11 C:\Users\Adasi\Documents\Project_food\system\CodeIgniter.php(320): CodeIgniter\CodeIgniter->handleRequest()
#12 C:\Users\Adasi\Documents\Project_food\public\index.php(37): CodeIgniter\CodeIgniter->run()
#13 C:\Users\Adasi\Documents\Project_food\system\Commands\Server\rewrite.php(43): require_once('C:\\Users\\Adasi\\...')
#14 {main}
ERROR - 2022-05-10 14:53:53 --> ErrorException: pg_query(): Query failed: ERROR:  missing FROM-clause entry for table &quot;produto&quot;
LINE 4: JOIN &quot;produtos_especificacoes&quot; ON &quot;produto&quot;.&quot;id&quot; = &quot;produtos...
                                          ^ in C:\Users\Adasi\Documents\Project_food\system\Database\Postgre\Connection.php:135
Stack trace:
#0 [internal function]: CodeIgniter\Debug\Exceptions->errorHandler()
#1 C:\Users\Adasi\Documents\Project_food\system\Database\Postgre\Connection.php(135): pg_query()
#2 C:\Users\Adasi\Documents\Project_food\system\Database\BaseConnection.php(670): CodeIgniter\Database\Postgre\Connection->execute()
#3 C:\Users\Adasi\Documents\Project_food\system\Database\BaseConnection.php(598): CodeIgniter\Database\BaseConnection->simpleQuery()
#4 C:\Users\Adasi\Documents\Project_food\system\Database\BaseBuilder.php(1455): CodeIgniter\Database\BaseConnection->query()
#5 C:\Users\Adasi\Documents\Project_food\system\Model.php(183): CodeIgniter\Database\BaseBuilder->get()
#6 C:\Users\Adasi\Documents\Project_food\system\BaseModel.php(584): CodeIgniter\Model->doFindAll()
#7 C:\Users\Adasi\Documents\Project_food\app\Models\ProdutoModel.php(149): CodeIgniter\BaseModel->findAll()
#8 C:\Users\Adasi\Documents\Project_food\app\Controllers\Produto.php(90): App\Models\ProdutoModel->exibeProdutosParaCustomizarSegundaMetade()
#9 C:\Users\Adasi\Documents\Project_food\system\CodeIgniter.php(825): App\Controllers\Produto->procurar()
#10 C:\Users\Adasi\Documents\Project_food\system\CodeIgniter.php(412): CodeIgniter\CodeIgniter->runController()
#11 C:\Users\Adasi\Documents\Project_food\system\CodeIgniter.php(320): CodeIgniter\CodeIgniter->handleRequest()
#12 C:\Users\Adasi\Documents\Project_food\public\index.php(37): CodeIgniter\CodeIgniter->run()
#13 C:\Users\Adasi\Documents\Project_food\system\Commands\Server\rewrite.php(43): require_once('C:\\Users\\Adasi\\...')
#14 {main}
CRITICAL - 2022-05-10 14:53:53 --> pg_query(): Query failed: ERROR:  missing FROM-clause entry for table &quot;produto&quot;
LINE 4: JOIN &quot;produtos_especificacoes&quot; ON &quot;produto&quot;.&quot;id&quot; = &quot;produtos...
                                          ^
#0 [internal function]: CodeIgniter\Debug\Exceptions->errorHandler()
#1 C:\Users\Adasi\Documents\Project_food\system\Database\Postgre\Connection.php(135): pg_query()
#2 C:\Users\Adasi\Documents\Project_food\system\Database\BaseConnection.php(670): CodeIgniter\Database\Postgre\Connection->execute()
#3 C:\Users\Adasi\Documents\Project_food\system\Database\BaseConnection.php(598): CodeIgniter\Database\BaseConnection->simpleQuery()
#4 C:\Users\Adasi\Documents\Project_food\system\Database\BaseBuilder.php(1455): CodeIgniter\Database\BaseConnection->query()
#5 C:\Users\Adasi\Documents\Project_food\system\Model.php(183): CodeIgniter\Database\BaseBuilder->get()
#6 C:\Users\Adasi\Documents\Project_food\system\BaseModel.php(584): CodeIgniter\Model->doFindAll()
#7 C:\Users\Adasi\Documents\Project_food\app\Models\ProdutoModel.php(149): CodeIgniter\BaseModel->findAll()
#8 C:\Users\Adasi\Documents\Project_food\app\Controllers\Produto.php(90): App\Models\ProdutoModel->exibeProdutosParaCustomizarSegundaMetade()
#9 C:\Users\Adasi\Documents\Project_food\system\CodeIgniter.php(825): App\Controllers\Produto->procurar()
#10 C:\Users\Adasi\Documents\Project_food\system\CodeIgniter.php(412): CodeIgniter\CodeIgniter->runController()
#11 C:\Users\Adasi\Documents\Project_food\system\CodeIgniter.php(320): CodeIgniter\CodeIgniter->handleRequest()
#12 C:\Users\Adasi\Documents\Project_food\public\index.php(37): CodeIgniter\CodeIgniter->run()
#13 C:\Users\Adasi\Documents\Project_food\system\Commands\Server\rewrite.php(43): require_once('C:\\Users\\Adasi\\...')
#14 {main}
ERROR - 2022-05-10 14:54:08 --> ErrorException: pg_query(): Query failed: ERROR:  missing FROM-clause entry for table &quot;produto&quot;
LINE 8: GROUP BY &quot;produto&quot;.&quot;nome&quot;
                 ^ in C:\Users\Adasi\Documents\Project_food\system\Database\Postgre\Connection.php:135
Stack trace:
#0 [internal function]: CodeIgniter\Debug\Exceptions->errorHandler()
#1 C:\Users\Adasi\Documents\Project_food\system\Database\Postgre\Connection.php(135): pg_query()
#2 C:\Users\Adasi\Documents\Project_food\system\Database\BaseConnection.php(670): CodeIgniter\Database\Postgre\Connection->execute()
#3 C:\Users\Adasi\Documents\Project_food\system\Database\BaseConnection.php(598): CodeIgniter\Database\BaseConnection->simpleQuery()
#4 C:\Users\Adasi\Documents\Project_food\system\Database\BaseBuilder.php(1455): CodeIgniter\Database\BaseConnection->query()
#5 C:\Users\Adasi\Documents\Project_food\system\Model.php(183): CodeIgniter\Database\BaseBuilder->get()
#6 C:\Users\Adasi\Documents\Project_food\system\BaseModel.php(584): CodeIgniter\Model->doFindAll()
#7 C:\Users\Adasi\Documents\Project_food\app\Models\ProdutoModel.php(149): CodeIgniter\BaseModel->findAll()
#8 C:\Users\Adasi\Documents\Project_food\app\Controllers\Produto.php(90): App\Models\ProdutoModel->exibeProdutosParaCustomizarSegundaMetade()
#9 C:\Users\Adasi\Documents\Project_food\system\CodeIgniter.php(825): App\Controllers\Produto->procurar()
#10 C:\Users\Adasi\Documents\Project_food\system\CodeIgniter.php(412): CodeIgniter\CodeIgniter->runController()
#11 C:\Users\Adasi\Documents\Project_food\system\CodeIgniter.php(320): CodeIgniter\CodeIgniter->handleRequest()
#12 C:\Users\Adasi\Documents\Project_food\public\index.php(37): CodeIgniter\CodeIgniter->run()
#13 C:\Users\Adasi\Documents\Project_food\system\Commands\Server\rewrite.php(43): require_once('C:\\Users\\Adasi\\...')
#14 {main}
CRITICAL - 2022-05-10 14:54:08 --> pg_query(): Query failed: ERROR:  missing FROM-clause entry for table &quot;produto&quot;
LINE 8: GROUP BY &quot;produto&quot;.&quot;nome&quot;
                 ^
#0 [internal function]: CodeIgniter\Debug\Exceptions->errorHandler()
#1 C:\Users\Adasi\Documents\Project_food\system\Database\Postgre\Connection.php(135): pg_query()
#2 C:\Users\Adasi\Documents\Project_food\system\Database\BaseConnection.php(670): CodeIgniter\Database\Postgre\Connection->execute()
#3 C:\Users\Adasi\Documents\Project_food\system\Database\BaseConnection.php(598): CodeIgniter\Database\BaseConnection->simpleQuery()
#4 C:\Users\Adasi\Documents\Project_food\system\Database\BaseBuilder.php(1455): CodeIgniter\Database\BaseConnection->query()
#5 C:\Users\Adasi\Documents\Project_food\system\Model.php(183): CodeIgniter\Database\BaseBuilder->get()
#6 C:\Users\Adasi\Documents\Project_food\system\BaseModel.php(584): CodeIgniter\Model->doFindAll()
#7 C:\Users\Adasi\Documents\Project_food\app\Models\ProdutoModel.php(149): CodeIgniter\BaseModel->findAll()
#8 C:\Users\Adasi\Documents\Project_food\app\Controllers\Produto.php(90): App\Models\ProdutoModel->exibeProdutosParaCustomizarSegundaMetade()
#9 C:\Users\Adasi\Documents\Project_food\system\CodeIgniter.php(825): App\Controllers\Produto->procurar()
#10 C:\Users\Adasi\Documents\Project_food\system\CodeIgniter.php(412): CodeIgniter\CodeIgniter->runController()
#11 C:\Users\Adasi\Documents\Project_food\system\CodeIgniter.php(320): CodeIgniter\CodeIgniter->handleRequest()
#12 C:\Users\Adasi\Documents\Project_food\public\index.php(37): CodeIgniter\CodeIgniter->run()
#13 C:\Users\Adasi\Documents\Project_food\system\Commands\Server\rewrite.php(43): require_once('C:\\Users\\Adasi\\...')
#14 {main}
ERROR - 2022-05-10 14:54:14 --> ErrorException: pg_query(): Query failed: ERROR:  missing FROM-clause entry for table &quot;produto&quot;
LINE 8: GROUP BY &quot;produto&quot;.&quot;nome&quot;
                 ^ in C:\Users\Adasi\Documents\Project_food\system\Database\Postgre\Connection.php:135
Stack trace:
#0 [internal function]: CodeIgniter\Debug\Exceptions->errorHandler()
#1 C:\Users\Adasi\Documents\Project_food\system\Database\Postgre\Connection.php(135): pg_query()
#2 C:\Users\Adasi\Documents\Project_food\system\Database\BaseConnection.php(670): CodeIgniter\Database\Postgre\Connection->execute()
#3 C:\Users\Adasi\Documents\Project_food\system\Database\BaseConnection.php(598): CodeIgniter\Database\BaseConnection->simpleQuery()
#4 C:\Users\Adasi\Documents\Project_food\system\Database\BaseBuilder.php(1455): CodeIgniter\Database\BaseConnection->query()
#5 C:\Users\Adasi\Documents\Project_food\system\Model.php(183): CodeIgniter\Database\BaseBuilder->get()
#6 C:\Users\Adasi\Documents\Project_food\system\BaseModel.php(584): CodeIgniter\Model->doFindAll()
#7 C:\Users\Adasi\Documents\Project_food\app\Models\ProdutoModel.php(149): CodeIgniter\BaseModel->findAll()
#8 C:\Users\Adasi\Documents\Project_food\app\Controllers\Produto.php(90): App\Models\ProdutoModel->exibeProdutosParaCustomizarSegundaMetade()
#9 C:\Users\Adasi\Documents\Project_food\system\CodeIgniter.php(825): App\Controllers\Produto->procurar()
#10 C:\Users\Adasi\Documents\Project_food\system\CodeIgniter.php(412): CodeIgniter\CodeIgniter->runController()
#11 C:\Users\Adasi\Documents\Project_food\system\CodeIgniter.php(320): CodeIgniter\CodeIgniter->handleRequest()
#12 C:\Users\Adasi\Documents\Project_food\public\index.php(37): CodeIgniter\CodeIgniter->run()
#13 C:\Users\Adasi\Documents\Project_food\system\Commands\Server\rewrite.php(43): require_once('C:\\Users\\Adasi\\...')
#14 {main}
CRITICAL - 2022-05-10 14:54:14 --> pg_query(): Query failed: ERROR:  missing FROM-clause entry for table &quot;produto&quot;
LINE 8: GROUP BY &quot;produto&quot;.&quot;nome&quot;
                 ^
#0 [internal function]: CodeIgniter\Debug\Exceptions->errorHandler()
#1 C:\Users\Adasi\Documents\Project_food\system\Database\Postgre\Connection.php(135): pg_query()
#2 C:\Users\Adasi\Documents\Project_food\system\Database\BaseConnection.php(670): CodeIgniter\Database\Postgre\Connection->execute()
#3 C:\Users\Adasi\Documents\Project_food\system\Database\BaseConnection.php(598): CodeIgniter\Database\BaseConnection->simpleQuery()
#4 C:\Users\Adasi\Documents\Project_food\system\Database\BaseBuilder.php(1455): CodeIgniter\Database\BaseConnection->query()
#5 C:\Users\Adasi\Documents\Project_food\system\Model.php(183): CodeIgniter\Database\BaseBuilder->get()
#6 C:\Users\Adasi\Documents\Project_food\system\BaseModel.php(584): CodeIgniter\Model->doFindAll()
#7 C:\Users\Adasi\Documents\Project_food\app\Models\ProdutoModel.php(149): CodeIgniter\BaseModel->findAll()
#8 C:\Users\Adasi\Documents\Project_food\app\Controllers\Produto.php(90): App\Models\ProdutoModel->exibeProdutosParaCustomizarSegundaMetade()
#9 C:\Users\Adasi\Documents\Project_food\system\CodeIgniter.php(825): App\Controllers\Produto->procurar()
#10 C:\Users\Adasi\Documents\Project_food\system\CodeIgniter.php(412): CodeIgniter\CodeIgniter->runController()
#11 C:\Users\Adasi\Documents\Project_food\system\CodeIgniter.php(320): CodeIgniter\CodeIgniter->handleRequest()
#12 C:\Users\Adasi\Documents\Project_food\public\index.php(37): CodeIgniter\CodeIgniter->run()
#13 C:\Users\Adasi\Documents\Project_food\system\Commands\Server\rewrite.php(43): require_once('C:\\Users\\Adasi\\...')
#14 {main}
ERROR - 2022-05-10 14:54:21 --> ErrorException: pg_query(): Query failed: ERROR:  missing FROM-clause entry for table &quot;produto&quot;
LINE 8: GROUP BY &quot;produto&quot;.&quot;nome&quot;
                 ^ in C:\Users\Adasi\Documents\Project_food\system\Database\Postgre\Connection.php:135
Stack trace:
#0 [internal function]: CodeIgniter\Debug\Exceptions->errorHandler()
#1 C:\Users\Adasi\Documents\Project_food\system\Database\Postgre\Connection.php(135): pg_query()
#2 C:\Users\Adasi\Documents\Project_food\system\Database\BaseConnection.php(670): CodeIgniter\Database\Postgre\Connection->execute()
#3 C:\Users\Adasi\Documents\Project_food\system\Database\BaseConnection.php(598): CodeIgniter\Database\BaseConnection->simpleQuery()
#4 C:\Users\Adasi\Documents\Project_food\system\Database\BaseBuilder.php(1455): CodeIgniter\Database\BaseConnection->query()
#5 C:\Users\Adasi\Documents\Project_food\system\Model.php(183): CodeIgniter\Database\BaseBuilder->get()
#6 C:\Users\Adasi\Documents\Project_food\system\BaseModel.php(584): CodeIgniter\Model->doFindAll()
#7 C:\Users\Adasi\Documents\Project_food\app\Models\ProdutoModel.php(149): CodeIgniter\BaseModel->findAll()
#8 C:\Users\Adasi\Documents\Project_food\app\Controllers\Produto.php(90): App\Models\ProdutoModel->exibeProdutosParaCustomizarSegundaMetade()
#9 C:\Users\Adasi\Documents\Project_food\system\CodeIgniter.php(825): App\Controllers\Produto->procurar()
#10 C:\Users\Adasi\Documents\Project_food\system\CodeIgniter.php(412): CodeIgniter\CodeIgniter->runController()
#11 C:\Users\Adasi\Documents\Project_food\system\CodeIgniter.php(320): CodeIgniter\CodeIgniter->handleRequest()
#12 C:\Users\Adasi\Documents\Project_food\public\index.php(37): CodeIgniter\CodeIgniter->run()
#13 C:\Users\Adasi\Documents\Project_food\system\Commands\Server\rewrite.php(43): require_once('C:\\Users\\Adasi\\...')
#14 {main}
CRITICAL - 2022-05-10 14:54:21 --> pg_query(): Query failed: ERROR:  missing FROM-clause entry for table &quot;produto&quot;
LINE 8: GROUP BY &quot;produto&quot;.&quot;nome&quot;
                 ^
#0 [internal function]: CodeIgniter\Debug\Exceptions->errorHandler()
#1 C:\Users\Adasi\Documents\Project_food\system\Database\Postgre\Connection.php(135): pg_query()
#2 C:\Users\Adasi\Documents\Project_food\system\Database\BaseConnection.php(670): CodeIgniter\Database\Postgre\Connection->execute()
#3 C:\Users\Adasi\Documents\Project_food\system\Database\BaseConnection.php(598): CodeIgniter\Database\BaseConnection->simpleQuery()
#4 C:\Users\Adasi\Documents\Project_food\system\Database\BaseBuilder.php(1455): CodeIgniter\Database\BaseConnection->query()
#5 C:\Users\Adasi\Documents\Project_food\system\Model.php(183): CodeIgniter\Database\BaseBuilder->get()
#6 C:\Users\Adasi\Documents\Project_food\system\BaseModel.php(584): CodeIgniter\Model->doFindAll()
#7 C:\Users\Adasi\Documents\Project_food\app\Models\ProdutoModel.php(149): CodeIgniter\BaseModel->findAll()
#8 C:\Users\Adasi\Documents\Project_food\app\Controllers\Produto.php(90): App\Models\ProdutoModel->exibeProdutosParaCustomizarSegundaMetade()
#9 C:\Users\Adasi\Documents\Project_food\system\CodeIgniter.php(825): App\Controllers\Produto->procurar()
#10 C:\Users\Adasi\Documents\Project_food\system\CodeIgniter.php(412): CodeIgniter\CodeIgniter->runController()
#11 C:\Users\Adasi\Documents\Project_food\system\CodeIgniter.php(320): CodeIgniter\CodeIgniter->handleRequest()
#12 C:\Users\Adasi\Documents\Project_food\public\index.php(37): CodeIgniter\CodeIgniter->run()
#13 C:\Users\Adasi\Documents\Project_food\system\Commands\Server\rewrite.php(43): require_once('C:\\Users\\Adasi\\...')
#14 {main}
ERROR - 2022-05-10 14:54:50 --> ErrorException: pg_query(): Query failed: ERROR:  column &quot;produtos.id&quot; must appear in the GROUP BY clause or be used in an aggregate function
LINE 1: SELECT &quot;produtos&quot;.&quot;id&quot;, &quot;produtos&quot;.&quot;nome&quot;
               ^ in C:\Users\Adasi\Documents\Project_food\system\Database\Postgre\Connection.php:135
Stack trace:
#0 [internal function]: CodeIgniter\Debug\Exceptions->errorHandler()
#1 C:\Users\Adasi\Documents\Project_food\system\Database\Postgre\Connection.php(135): pg_query()
#2 C:\Users\Adasi\Documents\Project_food\system\Database\BaseConnection.php(670): CodeIgniter\Database\Postgre\Connection->execute()
#3 C:\Users\Adasi\Documents\Project_food\system\Database\BaseConnection.php(598): CodeIgniter\Database\BaseConnection->simpleQuery()
#4 C:\Users\Adasi\Documents\Project_food\system\Database\BaseBuilder.php(1455): CodeIgniter\Database\BaseConnection->query()
#5 C:\Users\Adasi\Documents\Project_food\system\Model.php(183): CodeIgniter\Database\BaseBuilder->get()
#6 C:\Users\Adasi\Documents\Project_food\system\BaseModel.php(584): CodeIgniter\Model->doFindAll()
#7 C:\Users\Adasi\Documents\Project_food\app\Models\ProdutoModel.php(149): CodeIgniter\BaseModel->findAll()
#8 C:\Users\Adasi\Documents\Project_food\app\Controllers\Produto.php(90): App\Models\ProdutoModel->exibeProdutosParaCustomizarSegundaMetade()
#9 C:\Users\Adasi\Documents\Project_food\system\CodeIgniter.php(825): App\Controllers\Produto->procurar()
#10 C:\Users\Adasi\Documents\Project_food\system\CodeIgniter.php(412): CodeIgniter\CodeIgniter->runController()
#11 C:\Users\Adasi\Documents\Project_food\system\CodeIgniter.php(320): CodeIgniter\CodeIgniter->handleRequest()
#12 C:\Users\Adasi\Documents\Project_food\public\index.php(37): CodeIgniter\CodeIgniter->run()
#13 C:\Users\Adasi\Documents\Project_food\system\Commands\Server\rewrite.php(43): require_once('C:\\Users\\Adasi\\...')
#14 {main}
CRITICAL - 2022-05-10 14:54:50 --> pg_query(): Query failed: ERROR:  column &quot;produtos.id&quot; must appear in the GROUP BY clause or be used in an aggregate function
LINE 1: SELECT &quot;produtos&quot;.&quot;id&quot;, &quot;produtos&quot;.&quot;nome&quot;
               ^
#0 [internal function]: CodeIgniter\Debug\Exceptions->errorHandler()
#1 C:\Users\Adasi\Documents\Project_food\system\Database\Postgre\Connection.php(135): pg_query()
#2 C:\Users\Adasi\Documents\Project_food\system\Database\BaseConnection.php(670): CodeIgniter\Database\Postgre\Connection->execute()
#3 C:\Users\Adasi\Documents\Project_food\system\Database\BaseConnection.php(598): CodeIgniter\Database\BaseConnection->simpleQuery()
#4 C:\Users\Adasi\Documents\Project_food\system\Database\BaseBuilder.php(1455): CodeIgniter\Database\BaseConnection->query()
#5 C:\Users\Adasi\Documents\Project_food\system\Model.php(183): CodeIgniter\Database\BaseBuilder->get()
#6 C:\Users\Adasi\Documents\Project_food\system\BaseModel.php(584): CodeIgniter\Model->doFindAll()
#7 C:\Users\Adasi\Documents\Project_food\app\Models\ProdutoModel.php(149): CodeIgniter\BaseModel->findAll()
#8 C:\Users\Adasi\Documents\Project_food\app\Controllers\Produto.php(90): App\Models\ProdutoModel->exibeProdutosParaCustomizarSegundaMetade()
#9 C:\Users\Adasi\Documents\Project_food\system\CodeIgniter.php(825): App\Controllers\Produto->procurar()
#10 C:\Users\Adasi\Documents\Project_food\system\CodeIgniter.php(412): CodeIgniter\CodeIgniter->runController()
#11 C:\Users\Adasi\Documents\Project_food\system\CodeIgniter.php(320): CodeIgniter\CodeIgniter->handleRequest()
#12 C:\Users\Adasi\Documents\Project_food\public\index.php(37): CodeIgniter\CodeIgniter->run()
#13 C:\Users\Adasi\Documents\Project_food\system\Commands\Server\rewrite.php(43): require_once('C:\\Users\\Adasi\\...')
#14 {main}
CRITICAL - 2022-05-10 14:55:12 --> Trying to get property 'imagem' of non-object
#0 C:\Users\Adasi\Documents\Project_food\app\Controllers\Produto.php(98): CodeIgniter\Debug\Exceptions->errorHandler()
#1 C:\Users\Adasi\Documents\Project_food\system\CodeIgniter.php(825): App\Controllers\Produto->procurar()
#2 C:\Users\Adasi\Documents\Project_food\system\CodeIgniter.php(412): CodeIgniter\CodeIgniter->runController()
#3 C:\Users\Adasi\Documents\Project_food\system\CodeIgniter.php(320): CodeIgniter\CodeIgniter->handleRequest()
#4 C:\Users\Adasi\Documents\Project_food\public\index.php(37): CodeIgniter\CodeIgniter->run()
#5 C:\Users\Adasi\Documents\Project_food\system\Commands\Server\rewrite.php(43): require_once('C:\\Users\\Adasi\\...')
#6 {main}
CRITICAL - 2022-05-10 14:56:41 --> Trying to get property 'imagem' of non-object
#0 C:\Users\Adasi\Documents\Project_food\app\Controllers\Produto.php(98): CodeIgniter\Debug\Exceptions->errorHandler()
#1 C:\Users\Adasi\Documents\Project_food\system\CodeIgniter.php(825): App\Controllers\Produto->procurar()
#2 C:\Users\Adasi\Documents\Project_food\system\CodeIgniter.php(412): CodeIgniter\CodeIgniter->runController()
#3 C:\Users\Adasi\Documents\Project_food\system\CodeIgniter.php(320): CodeIgniter\CodeIgniter->handleRequest()
#4 C:\Users\Adasi\Documents\Project_food\public\index.php(37): CodeIgniter\CodeIgniter->run()
#5 C:\Users\Adasi\Documents\Project_food\system\Commands\Server\rewrite.php(43): require_once('C:\\Users\\Adasi\\...')
#6 {main}
CRITICAL - 2022-05-10 15:00:02 --> Trying to get property 'imagem' of non-object
#0 C:\Users\Adasi\Documents\Project_food\app\Controllers\Produto.php(98): CodeIgniter\Debug\Exceptions->errorHandler()
#1 C:\Users\Adasi\Documents\Project_food\system\CodeIgniter.php(825): App\Controllers\Produto->procurar()
#2 C:\Users\Adasi\Documents\Project_food\system\CodeIgniter.php(412): CodeIgniter\CodeIgniter->runController()
#3 C:\Users\Adasi\Documents\Project_food\system\CodeIgniter.php(320): CodeIgniter\CodeIgniter->handleRequest()
#4 C:\Users\Adasi\Documents\Project_food\public\index.php(37): CodeIgniter\CodeIgniter->run()
#5 C:\Users\Adasi\Documents\Project_food\system\Commands\Server\rewrite.php(43): require_once('C:\\Users\\Adasi\\...')
#6 {main}
CRITICAL - 2022-05-10 15:01:11 --> Trying to get property 'imagem' of non-object
#0 C:\Users\Adasi\Documents\Project_food\app\Controllers\Produto.php(100): CodeIgniter\Debug\Exceptions->errorHandler()
#1 C:\Users\Adasi\Documents\Project_food\system\CodeIgniter.php(825): App\Controllers\Produto->procurar()
#2 C:\Users\Adasi\Documents\Project_food\system\CodeIgniter.php(412): CodeIgniter\CodeIgniter->runController()
#3 C:\Users\Adasi\Documents\Project_food\system\CodeIgniter.php(320): CodeIgniter\CodeIgniter->handleRequest()
#4 C:\Users\Adasi\Documents\Project_food\public\index.php(37): CodeIgniter\CodeIgniter->run()
#5 C:\Users\Adasi\Documents\Project_food\system\Commands\Server\rewrite.php(43): require_once('C:\\Users\\Adasi\\...')
#6 {main}
CRITICAL - 2022-05-10 15:01:20 --> Trying to get property 'imagem' of non-object
#0 C:\Users\Adasi\Documents\Project_food\app\Controllers\Produto.php(100): CodeIgniter\Debug\Exceptions->errorHandler()
#1 C:\Users\Adasi\Documents\Project_food\system\CodeIgniter.php(825): App\Controllers\Produto->procurar()
#2 C:\Users\Adasi\Documents\Project_food\system\CodeIgniter.php(412): CodeIgniter\CodeIgniter->runController()
#3 C:\Users\Adasi\Documents\Project_food\system\CodeIgniter.php(320): CodeIgniter\CodeIgniter->handleRequest()
#4 C:\Users\Adasi\Documents\Project_food\public\index.php(37): CodeIgniter\CodeIgniter->run()
#5 C:\Users\Adasi\Documents\Project_food\system\Commands\Server\rewrite.php(43): require_once('C:\\Users\\Adasi\\...')
#6 {main}
CRITICAL - 2022-05-10 15:05:33 --> Trying to get property 'imagem' of non-object
#0 C:\Users\Adasi\Documents\Project_food\app\Controllers\Produto.php(99): CodeIgniter\Debug\Exceptions->errorHandler()
#1 C:\Users\Adasi\Documents\Project_food\system\CodeIgniter.php(825): App\Controllers\Produto->procurar()
#2 C:\Users\Adasi\Documents\Project_food\system\CodeIgniter.php(412): CodeIgniter\CodeIgniter->runController()
#3 C:\Users\Adasi\Documents\Project_food\system\CodeIgniter.php(320): CodeIgniter\CodeIgniter->handleRequest()
#4 C:\Users\Adasi\Documents\Project_food\public\index.php(37): CodeIgniter\CodeIgniter->run()
#5 C:\Users\Adasi\Documents\Project_food\system\Commands\Server\rewrite.php(43): require_once('C:\\Users\\Adasi\\...')
#6 {main}
