CRITICAL - 2022-04-29 16:13:38 --> Undefined variable: index
#0 C:\Users\Adasi\Documents\Project_food\app\Views\Produto\detalhes.php(101): CodeIgniter\Debug\Exceptions->errorHandler()
#1 C:\Users\Adasi\Documents\Project_food\system\View\View.php(210): include('C:\\Users\\Adasi\\...')
#2 C:\Users\Adasi\Documents\Project_food\system\View\View.php(213): CodeIgniter\View\View->CodeIgniter\View\{closure}()
#3 C:\Users\Adasi\Documents\Project_food\system\Common.php(1089): CodeIgniter\View\View->render()
#4 C:\Users\Adasi\Documents\Project_food\app\Controllers\Produto.php(44): view()
#5 C:\Users\Adasi\Documents\Project_food\system\CodeIgniter.php(825): App\Controllers\Produto->detalhes()
#6 C:\Users\Adasi\Documents\Project_food\system\CodeIgniter.php(412): CodeIgniter\CodeIgniter->runController()
#7 C:\Users\Adasi\Documents\Project_food\system\CodeIgniter.php(320): CodeIgniter\CodeIgniter->handleRequest()
#8 C:\Users\Adasi\Documents\Project_food\public\index.php(37): CodeIgniter\CodeIgniter->run()
#9 C:\Users\Adasi\Documents\Project_food\system\Commands\Server\rewrite.php(43): require_once('C:\\Users\\Adasi\\...')
#10 {main}
CRITICAL - 2022-04-29 19:30:32 --> Cannot use object of type App\Entities\Produto as array
#0 C:\Users\bets1\Food\system\CodeIgniter.php(825): App\Controllers\Carrinho->adicionar()
#1 C:\Users\bets1\Food\system\CodeIgniter.php(412): CodeIgniter\CodeIgniter->runController()
#2 C:\Users\bets1\Food\system\CodeIgniter.php(320): CodeIgniter\CodeIgniter->handleRequest()
#3 C:\Users\bets1\Food\public\index.php(37): CodeIgniter\CodeIgniter->run()
#4 C:\Users\bets1\Food\system\Commands\Server\rewrite.php(43): require_once('C:\\Users\\bets1\\...')
#5 {main}
CRITICAL - 2022-04-29 19:31:11 --> Cannot use object of type App\Entities\Produto as array
#0 C:\Users\bets1\Food\system\CodeIgniter.php(825): App\Controllers\Carrinho->adicionar()
#1 C:\Users\bets1\Food\system\CodeIgniter.php(412): CodeIgniter\CodeIgniter->runController()
#2 C:\Users\bets1\Food\system\CodeIgniter.php(320): CodeIgniter\CodeIgniter->handleRequest()
#3 C:\Users\bets1\Food\public\index.php(37): CodeIgniter\CodeIgniter->run()
#4 C:\Users\bets1\Food\system\Commands\Server\rewrite.php(43): require_once('C:\\Users\\bets1\\...')
#5 {main}
CRITICAL - 2022-04-29 19:32:33 --> Cannot use object of type App\Entities\Produto as array
#0 C:\Users\bets1\Food\system\CodeIgniter.php(825): App\Controllers\Carrinho->adicionar()
#1 C:\Users\bets1\Food\system\CodeIgniter.php(412): CodeIgniter\CodeIgniter->runController()
#2 C:\Users\bets1\Food\system\CodeIgniter.php(320): CodeIgniter\CodeIgniter->handleRequest()
#3 C:\Users\bets1\Food\public\index.php(37): CodeIgniter\CodeIgniter->run()
#4 C:\Users\bets1\Food\system\Commands\Server\rewrite.php(43): require_once('C:\\Users\\bets1\\...')
#5 {main}
CRITICAL - 2022-04-29 19:32:48 --> Cannot use object of type App\Entities\Produto as array
#0 C:\Users\bets1\Food\system\CodeIgniter.php(825): App\Controllers\Carrinho->adicionar()
#1 C:\Users\bets1\Food\system\CodeIgniter.php(412): CodeIgniter\CodeIgniter->runController()
#2 C:\Users\bets1\Food\system\CodeIgniter.php(320): CodeIgniter\CodeIgniter->handleRequest()
#3 C:\Users\bets1\Food\public\index.php(37): CodeIgniter\CodeIgniter->run()
#4 C:\Users\bets1\Food\system\Commands\Server\rewrite.php(43): require_once('C:\\Users\\bets1\\...')
#5 {main}
CRITICAL - 2022-04-29 19:33:21 --> Cannot use object of type App\Entities\Produto as array
#0 C:\Users\bets1\Food\system\CodeIgniter.php(825): App\Controllers\Carrinho->adicionar()
#1 C:\Users\bets1\Food\system\CodeIgniter.php(412): CodeIgniter\CodeIgniter->runController()
#2 C:\Users\bets1\Food\system\CodeIgniter.php(320): CodeIgniter\CodeIgniter->handleRequest()
#3 C:\Users\bets1\Food\public\index.php(37): CodeIgniter\CodeIgniter->run()
#4 C:\Users\bets1\Food\system\Commands\Server\rewrite.php(43): require_once('C:\\Users\\bets1\\...')
#5 {main}
CRITICAL - 2022-04-29 19:34:17 --> Cannot use object of type App\Entities\Produto as array
#0 C:\Users\bets1\Food\system\CodeIgniter.php(825): App\Controllers\Carrinho->adicionar()
#1 C:\Users\bets1\Food\system\CodeIgniter.php(412): CodeIgniter\CodeIgniter->runController()
#2 C:\Users\bets1\Food\system\CodeIgniter.php(320): CodeIgniter\CodeIgniter->handleRequest()
#3 C:\Users\bets1\Food\public\index.php(37): CodeIgniter\CodeIgniter->run()
#4 C:\Users\bets1\Food\system\Commands\Server\rewrite.php(43): require_once('C:\\Users\\bets1\\...')
#5 {main}
CRITICAL - 2022-04-29 19:36:29 --> Cannot use object of type App\Entities\Produto as array
#0 C:\Users\bets1\Food\system\CodeIgniter.php(825): App\Controllers\Carrinho->adicionar()
#1 C:\Users\bets1\Food\system\CodeIgniter.php(412): CodeIgniter\CodeIgniter->runController()
#2 C:\Users\bets1\Food\system\CodeIgniter.php(320): CodeIgniter\CodeIgniter->handleRequest()
#3 C:\Users\bets1\Food\public\index.php(37): CodeIgniter\CodeIgniter->run()
#4 C:\Users\bets1\Food\system\Commands\Server\rewrite.php(43): require_once('C:\\Users\\bets1\\...')
#5 {main}
