CRITICAL - 2022-02-25 06:38:24 --> Arquivo inválido: testeci4.php
#0 C:\Users\Adasi\Documents\Project_food\system\View\View.php(198): CodeIgniter\Exceptions\FrameworkException::forInvalidFile()
#1 C:\Users\Adasi\Documents\Project_food\system\Common.php(1089): CodeIgniter\View\View->render()
#2 C:\Users\Adasi\Documents\Project_food\app\Controllers\Home.php(9): view()
#3 C:\Users\Adasi\Documents\Project_food\system\CodeIgniter.php(825): App\Controllers\Home->index()
#4 C:\Users\Adasi\Documents\Project_food\system\CodeIgniter.php(412): CodeIgniter\CodeIgniter->runController()
#5 C:\Users\Adasi\Documents\Project_food\system\CodeIgniter.php(320): CodeIgniter\CodeIgniter->handleRequest()
#6 C:\Users\Adasi\Documents\Project_food\public\index.php(37): CodeIgniter\CodeIgniter->run()
#7 C:\Users\Adasi\Documents\Project_food\system\Commands\Server\rewrite.php(43): require_once('C:\\Users\\Adasi\\...')
#8 {main}
CRITICAL - 2022-02-25 07:04:33 --> syntax error, unexpected '$config' (T_VARIABLE), expecting function (T_FUNCTION) or const (T_CONST)
#0 C:\Users\Adasi\Documents\Project_food\system\Autoloader\Autoloader.php(241): CodeIgniter\Autoloader\Autoloader->includeFile()
#1 C:\Users\Adasi\Documents\Project_food\system\Autoloader\Autoloader.php(219): CodeIgniter\Autoloader\Autoloader->loadInNamespace()
#2 [internal function]: CodeIgniter\Autoloader\Autoloader->loadClass()
#3 [internal function]: spl_autoload_call()
#4 C:\Users\Adasi\Documents\Project_food\system\Config\Factories.php(136): class_exists()
#5 C:\Users\Adasi\Documents\Project_food\system\Config\Factories.php(106): CodeIgniter\Config\Factories::locateClass()
#6 C:\Users\Adasi\Documents\Project_food\system\Common.php(198): CodeIgniter\Config\Factories::__callStatic()
#7 C:\Users\Adasi\Documents\Project_food\system\Config\Services.php(193): config()
#8 C:\Users\Adasi\Documents\Project_food\system\Config\BaseService.php(248): CodeIgniter\Config\Services::email()
#9 C:\Users\Adasi\Documents\Project_food\system\Config\BaseService.php(189): CodeIgniter\Config\BaseService::__callStatic()
#10 C:\Users\Adasi\Documents\Project_food\system\Config\Services.php(189): CodeIgniter\Config\BaseService::getSharedInstance()
#11 C:\Users\Adasi\Documents\Project_food\system\Config\BaseService.php(248): CodeIgniter\Config\Services::email()
#12 C:\Users\Adasi\Documents\Project_food\app\Controllers\Home.php(14): CodeIgniter\Config\BaseService::__callStatic()
#13 C:\Users\Adasi\Documents\Project_food\system\CodeIgniter.php(825): App\Controllers\Home->email()
#14 C:\Users\Adasi\Documents\Project_food\system\CodeIgniter.php(412): CodeIgniter\CodeIgniter->runController()
#15 C:\Users\Adasi\Documents\Project_food\system\CodeIgniter.php(320): CodeIgniter\CodeIgniter->handleRequest()
#16 C:\Users\Adasi\Documents\Project_food\public\index.php(37): CodeIgniter\CodeIgniter->run()
#17 C:\Users\Adasi\Documents\Project_food\system\Commands\Server\rewrite.php(43): require_once('C:\\Users\\Adasi\\...')
#18 {main}
CRITICAL - 2022-02-25 07:07:44 --> syntax error, unexpected '$config' (T_VARIABLE), expecting function (T_FUNCTION) or const (T_CONST)
#0 C:\Users\Adasi\Documents\Project_food\system\Autoloader\Autoloader.php(241): CodeIgniter\Autoloader\Autoloader->includeFile()
#1 C:\Users\Adasi\Documents\Project_food\system\Autoloader\Autoloader.php(219): CodeIgniter\Autoloader\Autoloader->loadInNamespace()
#2 [internal function]: CodeIgniter\Autoloader\Autoloader->loadClass()
#3 [internal function]: spl_autoload_call()
#4 C:\Users\Adasi\Documents\Project_food\system\Config\Factories.php(136): class_exists()
#5 C:\Users\Adasi\Documents\Project_food\system\Config\Factories.php(106): CodeIgniter\Config\Factories::locateClass()
#6 C:\Users\Adasi\Documents\Project_food\system\Common.php(198): CodeIgniter\Config\Factories::__callStatic()
#7 C:\Users\Adasi\Documents\Project_food\system\Config\Services.php(193): config()
#8 C:\Users\Adasi\Documents\Project_food\system\Config\BaseService.php(248): CodeIgniter\Config\Services::email()
#9 C:\Users\Adasi\Documents\Project_food\system\Config\BaseService.php(189): CodeIgniter\Config\BaseService::__callStatic()
#10 C:\Users\Adasi\Documents\Project_food\system\Config\Services.php(189): CodeIgniter\Config\BaseService::getSharedInstance()
#11 C:\Users\Adasi\Documents\Project_food\system\Config\BaseService.php(248): CodeIgniter\Config\Services::email()
#12 C:\Users\Adasi\Documents\Project_food\app\Controllers\Home.php(14): CodeIgniter\Config\BaseService::__callStatic()
#13 C:\Users\Adasi\Documents\Project_food\system\CodeIgniter.php(825): App\Controllers\Home->email()
#14 C:\Users\Adasi\Documents\Project_food\system\CodeIgniter.php(412): CodeIgniter\CodeIgniter->runController()
#15 C:\Users\Adasi\Documents\Project_food\system\CodeIgniter.php(320): CodeIgniter\CodeIgniter->handleRequest()
#16 C:\Users\Adasi\Documents\Project_food\public\index.php(37): CodeIgniter\CodeIgniter->run()
#17 C:\Users\Adasi\Documents\Project_food\system\Commands\Server\rewrite.php(43): require_once('C:\\Users\\Adasi\\...')
#18 {main}
ERROR - 2022-02-25 07:14:59 --> Email: sendWithSmtp throwed fsockopen(): SSL operation failed with code 1. OpenSSL Error messages:
error:1408F10B:SSL routines:ssl3_get_record:wrong version number
ERROR - 2022-02-25 07:16:50 --> Email: sendWithSmtp throwed fsockopen(): SSL operation failed with code 1. OpenSSL Error messages:
error:1408F10B:SSL routines:ssl3_get_record:wrong version number
ERROR - 2022-02-25 07:19:31 --> Email: sendWithSmtp throwed fsockopen(): SSL operation failed with code 1. OpenSSL Error messages:
error:1408F10B:SSL routines:ssl3_get_record:wrong version number
ERROR - 2022-02-25 07:20:23 --> Email: sendWithSmtp throwed fsockopen(): SSL operation failed with code 1. OpenSSL Error messages:
error:1408F10B:SSL routines:ssl3_get_record:wrong version number
ERROR - 2022-02-25 07:23:57 --> Email: sendWithSmtp throwed fsockopen(): SSL operation failed with code 1. OpenSSL Error messages:
error:1408F10B:SSL routines:ssl3_get_record:wrong version number
CRITICAL - 2022-02-25 07:31:52 --> syntax error, unexpected '$config' (T_VARIABLE), expecting function (T_FUNCTION) or const (T_CONST)
#0 C:\Users\Adasi\Documents\Project_food\system\Autoloader\Autoloader.php(241): CodeIgniter\Autoloader\Autoloader->includeFile()
#1 C:\Users\Adasi\Documents\Project_food\system\Autoloader\Autoloader.php(219): CodeIgniter\Autoloader\Autoloader->loadInNamespace()
#2 [internal function]: CodeIgniter\Autoloader\Autoloader->loadClass()
#3 [internal function]: spl_autoload_call()
#4 C:\Users\Adasi\Documents\Project_food\system\Config\Factories.php(136): class_exists()
#5 C:\Users\Adasi\Documents\Project_food\system\Config\Factories.php(106): CodeIgniter\Config\Factories::locateClass()
#6 C:\Users\Adasi\Documents\Project_food\system\Common.php(198): CodeIgniter\Config\Factories::__callStatic()
#7 C:\Users\Adasi\Documents\Project_food\system\Config\Services.php(193): config()
#8 C:\Users\Adasi\Documents\Project_food\system\Config\BaseService.php(248): CodeIgniter\Config\Services::email()
#9 C:\Users\Adasi\Documents\Project_food\system\Config\BaseService.php(189): CodeIgniter\Config\BaseService::__callStatic()
#10 C:\Users\Adasi\Documents\Project_food\system\Config\Services.php(189): CodeIgniter\Config\BaseService::getSharedInstance()
#11 C:\Users\Adasi\Documents\Project_food\system\Config\BaseService.php(248): CodeIgniter\Config\Services::email()
#12 C:\Users\Adasi\Documents\Project_food\app\Controllers\Home.php(14): CodeIgniter\Config\BaseService::__callStatic()
#13 C:\Users\Adasi\Documents\Project_food\system\CodeIgniter.php(825): App\Controllers\Home->email()
#14 C:\Users\Adasi\Documents\Project_food\system\CodeIgniter.php(412): CodeIgniter\CodeIgniter->runController()
#15 C:\Users\Adasi\Documents\Project_food\system\CodeIgniter.php(320): CodeIgniter\CodeIgniter->handleRequest()
#16 C:\Users\Adasi\Documents\Project_food\public\index.php(37): CodeIgniter\CodeIgniter->run()
#17 C:\Users\Adasi\Documents\Project_food\system\Commands\Server\rewrite.php(43): require_once('C:\\Users\\Adasi\\...')
#18 {main}
CRITICAL - 2022-02-25 07:32:52 --> syntax error, unexpected '[', expecting ';' or '{'
#0 C:\Users\Adasi\Documents\Project_food\system\Autoloader\Autoloader.php(241): CodeIgniter\Autoloader\Autoloader->includeFile()
#1 C:\Users\Adasi\Documents\Project_food\system\Autoloader\Autoloader.php(219): CodeIgniter\Autoloader\Autoloader->loadInNamespace()
#2 [internal function]: CodeIgniter\Autoloader\Autoloader->loadClass()
#3 [internal function]: spl_autoload_call()
#4 C:\Users\Adasi\Documents\Project_food\system\Config\Factories.php(136): class_exists()
#5 C:\Users\Adasi\Documents\Project_food\system\Config\Factories.php(106): CodeIgniter\Config\Factories::locateClass()
#6 C:\Users\Adasi\Documents\Project_food\system\Common.php(198): CodeIgniter\Config\Factories::__callStatic()
#7 C:\Users\Adasi\Documents\Project_food\system\Config\Services.php(193): config()
#8 C:\Users\Adasi\Documents\Project_food\system\Config\BaseService.php(248): CodeIgniter\Config\Services::email()
#9 C:\Users\Adasi\Documents\Project_food\system\Config\BaseService.php(189): CodeIgniter\Config\BaseService::__callStatic()
#10 C:\Users\Adasi\Documents\Project_food\system\Config\Services.php(189): CodeIgniter\Config\BaseService::getSharedInstance()
#11 C:\Users\Adasi\Documents\Project_food\system\Config\BaseService.php(248): CodeIgniter\Config\Services::email()
#12 C:\Users\Adasi\Documents\Project_food\app\Controllers\Home.php(14): CodeIgniter\Config\BaseService::__callStatic()
#13 C:\Users\Adasi\Documents\Project_food\system\CodeIgniter.php(825): App\Controllers\Home->email()
#14 C:\Users\Adasi\Documents\Project_food\system\CodeIgniter.php(412): CodeIgniter\CodeIgniter->runController()
#15 C:\Users\Adasi\Documents\Project_food\system\CodeIgniter.php(320): CodeIgniter\CodeIgniter->handleRequest()
#16 C:\Users\Adasi\Documents\Project_food\public\index.php(37): CodeIgniter\CodeIgniter->run()
#17 C:\Users\Adasi\Documents\Project_food\system\Commands\Server\rewrite.php(43): require_once('C:\\Users\\Adasi\\...')
#18 {main}
ERROR - 2022-02-25 08:09:34 --> Email: sendWithSmtp throwed fsockopen(): SSL operation failed with code 1. OpenSSL Error messages:
error:1408F10B:SSL routines:ssl3_get_record:wrong version number
ERROR - 2022-02-25 08:10:34 --> Email: sendWithSmtp throwed fsockopen(): SSL operation failed with code 1. OpenSSL Error messages:
error:1408F10B:SSL routines:ssl3_get_record:wrong version number
