CRITICAL - 2022-03-15 09:13:57 --> Arquivo inválido: testeci4.php
#0 C:\Users\Adasi\Documents\Project_food\system\View\View.php(198): CodeIgniter\Exceptions\FrameworkException::forInvalidFile()
#1 C:\Users\Adasi\Documents\Project_food\system\Common.php(1089): CodeIgniter\View\View->render()
#2 C:\Users\Adasi\Documents\Project_food\app\Controllers\Home.php(9): view()
#3 C:\Users\Adasi\Documents\Project_food\system\CodeIgniter.php(825): App\Controllers\Home->index()
#4 C:\Users\Adasi\Documents\Project_food\system\CodeIgniter.php(412): CodeIgniter\CodeIgniter->runController()
#5 C:\Users\Adasi\Documents\Project_food\system\CodeIgniter.php(320): CodeIgniter\CodeIgniter->handleRequest()
#6 C:\Users\Adasi\Documents\Project_food\public\index.php(37): CodeIgniter\CodeIgniter->run()
#7 C:\Users\Adasi\Documents\Project_food\system\Commands\Server\rewrite.php(43): require_once('C:\\Users\\Adasi\\...')
#8 {main}
CRITICAL - 2022-03-15 09:17:47 --> Argument 1 passed to App\Controllers\Admin\Medidas::buscaMedidaOu404() must be of the type int or null, string given, called in C:\Users\Adasi\Documents\Project_food\app\Controllers\Admin\Medidas.php on line 96
#0 C:\Users\Adasi\Documents\Project_food\app\Controllers\Admin\Medidas.php(96): App\Controllers\Admin\Medidas->buscaMedidaOu404()
#1 C:\Users\Adasi\Documents\Project_food\system\CodeIgniter.php(825): App\Controllers\Admin\Medidas->show()
#2 C:\Users\Adasi\Documents\Project_food\system\CodeIgniter.php(412): CodeIgniter\CodeIgniter->runController()
#3 C:\Users\Adasi\Documents\Project_food\system\CodeIgniter.php(320): CodeIgniter\CodeIgniter->handleRequest()
#4 C:\Users\Adasi\Documents\Project_food\public\index.php(37): CodeIgniter\CodeIgniter->run()
#5 C:\Users\Adasi\Documents\Project_food\system\Commands\Server\rewrite.php(43): require_once('C:\\Users\\Adasi\\...')
#6 {main}
CRITICAL - 2022-03-15 09:17:48 --> Argument 1 passed to App\Controllers\Admin\Medidas::buscaMedidaOu404() must be of the type int or null, string given, called in C:\Users\Adasi\Documents\Project_food\app\Controllers\Admin\Medidas.php on line 96
#0 C:\Users\Adasi\Documents\Project_food\app\Controllers\Admin\Medidas.php(96): App\Controllers\Admin\Medidas->buscaMedidaOu404()
#1 C:\Users\Adasi\Documents\Project_food\system\CodeIgniter.php(825): App\Controllers\Admin\Medidas->show()
#2 C:\Users\Adasi\Documents\Project_food\system\CodeIgniter.php(412): CodeIgniter\CodeIgniter->runController()
#3 C:\Users\Adasi\Documents\Project_food\system\CodeIgniter.php(320): CodeIgniter\CodeIgniter->handleRequest()
#4 C:\Users\Adasi\Documents\Project_food\public\index.php(37): CodeIgniter\CodeIgniter->run()
#5 C:\Users\Adasi\Documents\Project_food\system\Commands\Server\rewrite.php(43): require_once('C:\\Users\\Adasi\\...')
#6 {main}
CRITICAL - 2022-03-15 09:17:49 --> Argument 1 passed to App\Controllers\Admin\Medidas::buscaMedidaOu404() must be of the type int or null, string given, called in C:\Users\Adasi\Documents\Project_food\app\Controllers\Admin\Medidas.php on line 96
#0 C:\Users\Adasi\Documents\Project_food\app\Controllers\Admin\Medidas.php(96): App\Controllers\Admin\Medidas->buscaMedidaOu404()
#1 C:\Users\Adasi\Documents\Project_food\system\CodeIgniter.php(825): App\Controllers\Admin\Medidas->show()
#2 C:\Users\Adasi\Documents\Project_food\system\CodeIgniter.php(412): CodeIgniter\CodeIgniter->runController()
#3 C:\Users\Adasi\Documents\Project_food\system\CodeIgniter.php(320): CodeIgniter\CodeIgniter->handleRequest()
#4 C:\Users\Adasi\Documents\Project_food\public\index.php(37): CodeIgniter\CodeIgniter->run()
#5 C:\Users\Adasi\Documents\Project_food\system\Commands\Server\rewrite.php(43): require_once('C:\\Users\\Adasi\\...')
#6 {main}
CRITICAL - 2022-03-15 09:17:50 --> Argument 1 passed to App\Controllers\Admin\Medidas::buscaMedidaOu404() must be of the type int or null, string given, called in C:\Users\Adasi\Documents\Project_food\app\Controllers\Admin\Medidas.php on line 96
#0 C:\Users\Adasi\Documents\Project_food\app\Controllers\Admin\Medidas.php(96): App\Controllers\Admin\Medidas->buscaMedidaOu404()
#1 C:\Users\Adasi\Documents\Project_food\system\CodeIgniter.php(825): App\Controllers\Admin\Medidas->show()
#2 C:\Users\Adasi\Documents\Project_food\system\CodeIgniter.php(412): CodeIgniter\CodeIgniter->runController()
#3 C:\Users\Adasi\Documents\Project_food\system\CodeIgniter.php(320): CodeIgniter\CodeIgniter->handleRequest()
#4 C:\Users\Adasi\Documents\Project_food\public\index.php(37): CodeIgniter\CodeIgniter->run()
#5 C:\Users\Adasi\Documents\Project_food\system\Commands\Server\rewrite.php(43): require_once('C:\\Users\\Adasi\\...')
#6 {main}
CRITICAL - 2022-03-15 09:17:50 --> Argument 1 passed to App\Controllers\Admin\Medidas::buscaMedidaOu404() must be of the type int or null, string given, called in C:\Users\Adasi\Documents\Project_food\app\Controllers\Admin\Medidas.php on line 96
#0 C:\Users\Adasi\Documents\Project_food\app\Controllers\Admin\Medidas.php(96): App\Controllers\Admin\Medidas->buscaMedidaOu404()
#1 C:\Users\Adasi\Documents\Project_food\system\CodeIgniter.php(825): App\Controllers\Admin\Medidas->show()
#2 C:\Users\Adasi\Documents\Project_food\system\CodeIgniter.php(412): CodeIgniter\CodeIgniter->runController()
#3 C:\Users\Adasi\Documents\Project_food\system\CodeIgniter.php(320): CodeIgniter\CodeIgniter->handleRequest()
#4 C:\Users\Adasi\Documents\Project_food\public\index.php(37): CodeIgniter\CodeIgniter->run()
#5 C:\Users\Adasi\Documents\Project_food\system\Commands\Server\rewrite.php(43): require_once('C:\\Users\\Adasi\\...')
#6 {main}
CRITICAL - 2022-03-15 09:17:51 --> Argument 1 passed to App\Controllers\Admin\Medidas::buscaMedidaOu404() must be of the type int or null, string given, called in C:\Users\Adasi\Documents\Project_food\app\Controllers\Admin\Medidas.php on line 96
#0 C:\Users\Adasi\Documents\Project_food\app\Controllers\Admin\Medidas.php(96): App\Controllers\Admin\Medidas->buscaMedidaOu404()
#1 C:\Users\Adasi\Documents\Project_food\system\CodeIgniter.php(825): App\Controllers\Admin\Medidas->show()
#2 C:\Users\Adasi\Documents\Project_food\system\CodeIgniter.php(412): CodeIgniter\CodeIgniter->runController()
#3 C:\Users\Adasi\Documents\Project_food\system\CodeIgniter.php(320): CodeIgniter\CodeIgniter->handleRequest()
#4 C:\Users\Adasi\Documents\Project_food\public\index.php(37): CodeIgniter\CodeIgniter->run()
#5 C:\Users\Adasi\Documents\Project_food\system\Commands\Server\rewrite.php(43): require_once('C:\\Users\\Adasi\\...')
#6 {main}
CRITICAL - 2022-03-15 09:17:53 --> Argument 1 passed to App\Controllers\Admin\Medidas::buscaMedidaOu404() must be of the type int or null, string given, called in C:\Users\Adasi\Documents\Project_food\app\Controllers\Admin\Medidas.php on line 172
#0 C:\Users\Adasi\Documents\Project_food\app\Controllers\Admin\Medidas.php(172): App\Controllers\Admin\Medidas->buscaMedidaOu404()
#1 C:\Users\Adasi\Documents\Project_food\system\CodeIgniter.php(825): App\Controllers\Admin\Medidas->excluir()
#2 C:\Users\Adasi\Documents\Project_food\system\CodeIgniter.php(412): CodeIgniter\CodeIgniter->runController()
#3 C:\Users\Adasi\Documents\Project_food\system\CodeIgniter.php(320): CodeIgniter\CodeIgniter->handleRequest()
#4 C:\Users\Adasi\Documents\Project_food\public\index.php(37): CodeIgniter\CodeIgniter->run()
#5 C:\Users\Adasi\Documents\Project_food\system\Commands\Server\rewrite.php(43): require_once('C:\\Users\\Adasi\\...')
#6 {main}
CRITICAL - 2022-03-15 09:17:54 --> Argument 1 passed to App\Controllers\Admin\Medidas::buscaMedidaOu404() must be of the type int or null, string given, called in C:\Users\Adasi\Documents\Project_food\app\Controllers\Admin\Medidas.php on line 172
#0 C:\Users\Adasi\Documents\Project_food\app\Controllers\Admin\Medidas.php(172): App\Controllers\Admin\Medidas->buscaMedidaOu404()
#1 C:\Users\Adasi\Documents\Project_food\system\CodeIgniter.php(825): App\Controllers\Admin\Medidas->excluir()
#2 C:\Users\Adasi\Documents\Project_food\system\CodeIgniter.php(412): CodeIgniter\CodeIgniter->runController()
#3 C:\Users\Adasi\Documents\Project_food\system\CodeIgniter.php(320): CodeIgniter\CodeIgniter->handleRequest()
#4 C:\Users\Adasi\Documents\Project_food\public\index.php(37): CodeIgniter\CodeIgniter->run()
#5 C:\Users\Adasi\Documents\Project_food\system\Commands\Server\rewrite.php(43): require_once('C:\\Users\\Adasi\\...')
#6 {main}
CRITICAL - 2022-03-15 09:17:56 --> Argument 1 passed to App\Controllers\Admin\Medidas::buscaMedidaOu404() must be of the type int or null, string given, called in C:\Users\Adasi\Documents\Project_food\app\Controllers\Admin\Medidas.php on line 172
#0 C:\Users\Adasi\Documents\Project_food\app\Controllers\Admin\Medidas.php(172): App\Controllers\Admin\Medidas->buscaMedidaOu404()
#1 C:\Users\Adasi\Documents\Project_food\system\CodeIgniter.php(825): App\Controllers\Admin\Medidas->excluir()
#2 C:\Users\Adasi\Documents\Project_food\system\CodeIgniter.php(412): CodeIgniter\CodeIgniter->runController()
#3 C:\Users\Adasi\Documents\Project_food\system\CodeIgniter.php(320): CodeIgniter\CodeIgniter->handleRequest()
#4 C:\Users\Adasi\Documents\Project_food\public\index.php(37): CodeIgniter\CodeIgniter->run()
#5 C:\Users\Adasi\Documents\Project_food\system\Commands\Server\rewrite.php(43): require_once('C:\\Users\\Adasi\\...')
#6 {main}
CRITICAL - 2022-03-15 09:17:57 --> Argument 1 passed to App\Controllers\Admin\Medidas::buscaMedidaOu404() must be of the type int or null, string given, called in C:\Users\Adasi\Documents\Project_food\app\Controllers\Admin\Medidas.php on line 172
#0 C:\Users\Adasi\Documents\Project_food\app\Controllers\Admin\Medidas.php(172): App\Controllers\Admin\Medidas->buscaMedidaOu404()
#1 C:\Users\Adasi\Documents\Project_food\system\CodeIgniter.php(825): App\Controllers\Admin\Medidas->excluir()
#2 C:\Users\Adasi\Documents\Project_food\system\CodeIgniter.php(412): CodeIgniter\CodeIgniter->runController()
#3 C:\Users\Adasi\Documents\Project_food\system\CodeIgniter.php(320): CodeIgniter\CodeIgniter->handleRequest()
#4 C:\Users\Adasi\Documents\Project_food\public\index.php(37): CodeIgniter\CodeIgniter->run()
#5 C:\Users\Adasi\Documents\Project_food\system\Commands\Server\rewrite.php(43): require_once('C:\\Users\\Adasi\\...')
#6 {main}
CRITICAL - 2022-03-15 09:17:58 --> Argument 1 passed to App\Controllers\Admin\Medidas::buscaMedidaOu404() must be of the type int or null, string given, called in C:\Users\Adasi\Documents\Project_food\app\Controllers\Admin\Medidas.php on line 172
#0 C:\Users\Adasi\Documents\Project_food\app\Controllers\Admin\Medidas.php(172): App\Controllers\Admin\Medidas->buscaMedidaOu404()
#1 C:\Users\Adasi\Documents\Project_food\system\CodeIgniter.php(825): App\Controllers\Admin\Medidas->excluir()
#2 C:\Users\Adasi\Documents\Project_food\system\CodeIgniter.php(412): CodeIgniter\CodeIgniter->runController()
#3 C:\Users\Adasi\Documents\Project_food\system\CodeIgniter.php(320): CodeIgniter\CodeIgniter->handleRequest()
#4 C:\Users\Adasi\Documents\Project_food\public\index.php(37): CodeIgniter\CodeIgniter->run()
#5 C:\Users\Adasi\Documents\Project_food\system\Commands\Server\rewrite.php(43): require_once('C:\\Users\\Adasi\\...')
#6 {main}
CRITICAL - 2022-03-15 09:17:58 --> Argument 1 passed to App\Controllers\Admin\Medidas::buscaMedidaOu404() must be of the type int or null, string given, called in C:\Users\Adasi\Documents\Project_food\app\Controllers\Admin\Medidas.php on line 172
#0 C:\Users\Adasi\Documents\Project_food\app\Controllers\Admin\Medidas.php(172): App\Controllers\Admin\Medidas->buscaMedidaOu404()
#1 C:\Users\Adasi\Documents\Project_food\system\CodeIgniter.php(825): App\Controllers\Admin\Medidas->excluir()
#2 C:\Users\Adasi\Documents\Project_food\system\CodeIgniter.php(412): CodeIgniter\CodeIgniter->runController()
#3 C:\Users\Adasi\Documents\Project_food\system\CodeIgniter.php(320): CodeIgniter\CodeIgniter->handleRequest()
#4 C:\Users\Adasi\Documents\Project_food\public\index.php(37): CodeIgniter\CodeIgniter->run()
#5 C:\Users\Adasi\Documents\Project_food\system\Commands\Server\rewrite.php(43): require_once('C:\\Users\\Adasi\\...')
#6 {main}
CRITICAL - 2022-03-15 09:18:01 --> Argument 1 passed to App\Controllers\Admin\Medidas::buscaMedidaOu404() must be of the type int or null, string given, called in C:\Users\Adasi\Documents\Project_food\app\Controllers\Admin\Medidas.php on line 96
#0 C:\Users\Adasi\Documents\Project_food\app\Controllers\Admin\Medidas.php(96): App\Controllers\Admin\Medidas->buscaMedidaOu404()
#1 C:\Users\Adasi\Documents\Project_food\system\CodeIgniter.php(825): App\Controllers\Admin\Medidas->show()
#2 C:\Users\Adasi\Documents\Project_food\system\CodeIgniter.php(412): CodeIgniter\CodeIgniter->runController()
#3 C:\Users\Adasi\Documents\Project_food\system\CodeIgniter.php(320): CodeIgniter\CodeIgniter->handleRequest()
#4 C:\Users\Adasi\Documents\Project_food\public\index.php(37): CodeIgniter\CodeIgniter->run()
#5 C:\Users\Adasi\Documents\Project_food\system\Commands\Server\rewrite.php(43): require_once('C:\\Users\\Adasi\\...')
#6 {main}
CRITICAL - 2022-03-15 09:18:02 --> Argument 1 passed to App\Controllers\Admin\Medidas::buscaMedidaOu404() must be of the type int or null, string given, called in C:\Users\Adasi\Documents\Project_food\app\Controllers\Admin\Medidas.php on line 96
#0 C:\Users\Adasi\Documents\Project_food\app\Controllers\Admin\Medidas.php(96): App\Controllers\Admin\Medidas->buscaMedidaOu404()
#1 C:\Users\Adasi\Documents\Project_food\system\CodeIgniter.php(825): App\Controllers\Admin\Medidas->show()
#2 C:\Users\Adasi\Documents\Project_food\system\CodeIgniter.php(412): CodeIgniter\CodeIgniter->runController()
#3 C:\Users\Adasi\Documents\Project_food\system\CodeIgniter.php(320): CodeIgniter\CodeIgniter->handleRequest()
#4 C:\Users\Adasi\Documents\Project_food\public\index.php(37): CodeIgniter\CodeIgniter->run()
#5 C:\Users\Adasi\Documents\Project_food\system\Commands\Server\rewrite.php(43): require_once('C:\\Users\\Adasi\\...')
#6 {main}
CRITICAL - 2022-03-15 09:18:02 --> Argument 1 passed to App\Controllers\Admin\Medidas::buscaMedidaOu404() must be of the type int or null, string given, called in C:\Users\Adasi\Documents\Project_food\app\Controllers\Admin\Medidas.php on line 96
#0 C:\Users\Adasi\Documents\Project_food\app\Controllers\Admin\Medidas.php(96): App\Controllers\Admin\Medidas->buscaMedidaOu404()
#1 C:\Users\Adasi\Documents\Project_food\system\CodeIgniter.php(825): App\Controllers\Admin\Medidas->show()
#2 C:\Users\Adasi\Documents\Project_food\system\CodeIgniter.php(412): CodeIgniter\CodeIgniter->runController()
#3 C:\Users\Adasi\Documents\Project_food\system\CodeIgniter.php(320): CodeIgniter\CodeIgniter->handleRequest()
#4 C:\Users\Adasi\Documents\Project_food\public\index.php(37): CodeIgniter\CodeIgniter->run()
#5 C:\Users\Adasi\Documents\Project_food\system\Commands\Server\rewrite.php(43): require_once('C:\\Users\\Adasi\\...')
#6 {main}
CRITICAL - 2022-03-15 09:18:04 --> Argument 1 passed to App\Controllers\Admin\Medidas::buscaMedidaOu404() must be of the type int or null, string given, called in C:\Users\Adasi\Documents\Project_food\app\Controllers\Admin\Medidas.php on line 96
#0 C:\Users\Adasi\Documents\Project_food\app\Controllers\Admin\Medidas.php(96): App\Controllers\Admin\Medidas->buscaMedidaOu404()
#1 C:\Users\Adasi\Documents\Project_food\system\CodeIgniter.php(825): App\Controllers\Admin\Medidas->show()
#2 C:\Users\Adasi\Documents\Project_food\system\CodeIgniter.php(412): CodeIgniter\CodeIgniter->runController()
#3 C:\Users\Adasi\Documents\Project_food\system\CodeIgniter.php(320): CodeIgniter\CodeIgniter->handleRequest()
#4 C:\Users\Adasi\Documents\Project_food\public\index.php(37): CodeIgniter\CodeIgniter->run()
#5 C:\Users\Adasi\Documents\Project_food\system\Commands\Server\rewrite.php(43): require_once('C:\\Users\\Adasi\\...')
#6 {main}
CRITICAL - 2022-03-15 09:18:05 --> Argument 1 passed to App\Controllers\Admin\Medidas::buscaMedidaOu404() must be of the type int or null, string given, called in C:\Users\Adasi\Documents\Project_food\app\Controllers\Admin\Medidas.php on line 96
#0 C:\Users\Adasi\Documents\Project_food\app\Controllers\Admin\Medidas.php(96): App\Controllers\Admin\Medidas->buscaMedidaOu404()
#1 C:\Users\Adasi\Documents\Project_food\system\CodeIgniter.php(825): App\Controllers\Admin\Medidas->show()
#2 C:\Users\Adasi\Documents\Project_food\system\CodeIgniter.php(412): CodeIgniter\CodeIgniter->runController()
#3 C:\Users\Adasi\Documents\Project_food\system\CodeIgniter.php(320): CodeIgniter\CodeIgniter->handleRequest()
#4 C:\Users\Adasi\Documents\Project_food\public\index.php(37): CodeIgniter\CodeIgniter->run()
#5 C:\Users\Adasi\Documents\Project_food\system\Commands\Server\rewrite.php(43): require_once('C:\\Users\\Adasi\\...')
#6 {main}
CRITICAL - 2022-03-15 09:18:05 --> Argument 1 passed to App\Controllers\Admin\Medidas::buscaMedidaOu404() must be of the type int or null, string given, called in C:\Users\Adasi\Documents\Project_food\app\Controllers\Admin\Medidas.php on line 96
#0 C:\Users\Adasi\Documents\Project_food\app\Controllers\Admin\Medidas.php(96): App\Controllers\Admin\Medidas->buscaMedidaOu404()
#1 C:\Users\Adasi\Documents\Project_food\system\CodeIgniter.php(825): App\Controllers\Admin\Medidas->show()
#2 C:\Users\Adasi\Documents\Project_food\system\CodeIgniter.php(412): CodeIgniter\CodeIgniter->runController()
#3 C:\Users\Adasi\Documents\Project_food\system\CodeIgniter.php(320): CodeIgniter\CodeIgniter->handleRequest()
#4 C:\Users\Adasi\Documents\Project_food\public\index.php(37): CodeIgniter\CodeIgniter->run()
#5 C:\Users\Adasi\Documents\Project_food\system\Commands\Server\rewrite.php(43): require_once('C:\\Users\\Adasi\\...')
#6 {main}
