ERROR - 2022-05-05 16:08:34 --> ErrorException: pg_query(): Query failed: ERROR:  relation &quot;protudo_especificacoes&quot; does not exist
LINE 3: JOIN &quot;protudo_especificacoes&quot; ON &quot;produtos_especificacoes&quot;.&quot;...
             ^ in C:\Users\Adasi\Documents\Project_food\system\Database\Postgre\Connection.php:135
Stack trace:
#0 [internal function]: CodeIgniter\Debug\Exceptions->errorHandler()
#1 C:\Users\Adasi\Documents\Project_food\system\Database\Postgre\Connection.php(135): pg_query()
#2 C:\Users\Adasi\Documents\Project_food\system\Database\BaseConnection.php(670): CodeIgniter\Database\Postgre\Connection->execute()
#3 C:\Users\Adasi\Documents\Project_food\system\Database\BaseConnection.php(598): CodeIgniter\Database\BaseConnection->simpleQuery()
#4 C:\Users\Adasi\Documents\Project_food\system\Database\BaseBuilder.php(1455): CodeIgniter\Database\BaseConnection->query()
#5 C:\Users\Adasi\Documents\Project_food\system\Model.php(183): CodeIgniter\Database\BaseBuilder->get()
#6 C:\Users\Adasi\Documents\Project_food\system\BaseModel.php(584): CodeIgniter\Model->doFindAll()
#7 C:\Users\Adasi\Documents\Project_food\app\Models\ProdutoModel.php(137): CodeIgniter\BaseModel->findAll()
#8 C:\Users\Adasi\Documents\Project_food\app\Controllers\Produto.php(65): App\Models\ProdutoModel->exibeOpcoesProdutosParaCustomizar()
#9 C:\Users\Adasi\Documents\Project_food\system\CodeIgniter.php(825): App\Controllers\Produto->customizar()
#10 C:\Users\Adasi\Documents\Project_food\system\CodeIgniter.php(412): CodeIgniter\CodeIgniter->runController()
#11 C:\Users\Adasi\Documents\Project_food\system\CodeIgniter.php(320): CodeIgniter\CodeIgniter->handleRequest()
#12 C:\Users\Adasi\Documents\Project_food\public\index.php(37): CodeIgniter\CodeIgniter->run()
#13 C:\Users\Adasi\Documents\Project_food\system\Commands\Server\rewrite.php(43): require_once('C:\\Users\\Adasi\\...')
#14 {main}
CRITICAL - 2022-05-05 16:08:34 --> pg_query(): Query failed: ERROR:  relation &quot;protudo_especificacoes&quot; does not exist
LINE 3: JOIN &quot;protudo_especificacoes&quot; ON &quot;produtos_especificacoes&quot;.&quot;...
             ^
#0 [internal function]: CodeIgniter\Debug\Exceptions->errorHandler()
#1 C:\Users\Adasi\Documents\Project_food\system\Database\Postgre\Connection.php(135): pg_query()
#2 C:\Users\Adasi\Documents\Project_food\system\Database\BaseConnection.php(670): CodeIgniter\Database\Postgre\Connection->execute()
#3 C:\Users\Adasi\Documents\Project_food\system\Database\BaseConnection.php(598): CodeIgniter\Database\BaseConnection->simpleQuery()
#4 C:\Users\Adasi\Documents\Project_food\system\Database\BaseBuilder.php(1455): CodeIgniter\Database\BaseConnection->query()
#5 C:\Users\Adasi\Documents\Project_food\system\Model.php(183): CodeIgniter\Database\BaseBuilder->get()
#6 C:\Users\Adasi\Documents\Project_food\system\BaseModel.php(584): CodeIgniter\Model->doFindAll()
#7 C:\Users\Adasi\Documents\Project_food\app\Models\ProdutoModel.php(137): CodeIgniter\BaseModel->findAll()
#8 C:\Users\Adasi\Documents\Project_food\app\Controllers\Produto.php(65): App\Models\ProdutoModel->exibeOpcoesProdutosParaCustomizar()
#9 C:\Users\Adasi\Documents\Project_food\system\CodeIgniter.php(825): App\Controllers\Produto->customizar()
#10 C:\Users\Adasi\Documents\Project_food\system\CodeIgniter.php(412): CodeIgniter\CodeIgniter->runController()
#11 C:\Users\Adasi\Documents\Project_food\system\CodeIgniter.php(320): CodeIgniter\CodeIgniter->handleRequest()
#12 C:\Users\Adasi\Documents\Project_food\public\index.php(37): CodeIgniter\CodeIgniter->run()
#13 C:\Users\Adasi\Documents\Project_food\system\Commands\Server\rewrite.php(43): require_once('C:\\Users\\Adasi\\...')
#14 {main}
ERROR - 2022-05-05 16:09:14 --> ErrorException: pg_query(): Query failed: ERROR:  relation &quot;protudos_especificacoes&quot; does not exist
LINE 3: JOIN &quot;protudos_especificacoes&quot; ON &quot;produtos_especificacoes&quot;....
             ^ in C:\Users\Adasi\Documents\Project_food\system\Database\Postgre\Connection.php:135
Stack trace:
#0 [internal function]: CodeIgniter\Debug\Exceptions->errorHandler()
#1 C:\Users\Adasi\Documents\Project_food\system\Database\Postgre\Connection.php(135): pg_query()
#2 C:\Users\Adasi\Documents\Project_food\system\Database\BaseConnection.php(670): CodeIgniter\Database\Postgre\Connection->execute()
#3 C:\Users\Adasi\Documents\Project_food\system\Database\BaseConnection.php(598): CodeIgniter\Database\BaseConnection->simpleQuery()
#4 C:\Users\Adasi\Documents\Project_food\system\Database\BaseBuilder.php(1455): CodeIgniter\Database\BaseConnection->query()
#5 C:\Users\Adasi\Documents\Project_food\system\Model.php(183): CodeIgniter\Database\BaseBuilder->get()
#6 C:\Users\Adasi\Documents\Project_food\system\BaseModel.php(584): CodeIgniter\Model->doFindAll()
#7 C:\Users\Adasi\Documents\Project_food\app\Models\ProdutoModel.php(137): CodeIgniter\BaseModel->findAll()
#8 C:\Users\Adasi\Documents\Project_food\app\Controllers\Produto.php(65): App\Models\ProdutoModel->exibeOpcoesProdutosParaCustomizar()
#9 C:\Users\Adasi\Documents\Project_food\system\CodeIgniter.php(825): App\Controllers\Produto->customizar()
#10 C:\Users\Adasi\Documents\Project_food\system\CodeIgniter.php(412): CodeIgniter\CodeIgniter->runController()
#11 C:\Users\Adasi\Documents\Project_food\system\CodeIgniter.php(320): CodeIgniter\CodeIgniter->handleRequest()
#12 C:\Users\Adasi\Documents\Project_food\public\index.php(37): CodeIgniter\CodeIgniter->run()
#13 C:\Users\Adasi\Documents\Project_food\system\Commands\Server\rewrite.php(43): require_once('C:\\Users\\Adasi\\...')
#14 {main}
CRITICAL - 2022-05-05 16:09:14 --> pg_query(): Query failed: ERROR:  relation &quot;protudos_especificacoes&quot; does not exist
LINE 3: JOIN &quot;protudos_especificacoes&quot; ON &quot;produtos_especificacoes&quot;....
             ^
#0 [internal function]: CodeIgniter\Debug\Exceptions->errorHandler()
#1 C:\Users\Adasi\Documents\Project_food\system\Database\Postgre\Connection.php(135): pg_query()
#2 C:\Users\Adasi\Documents\Project_food\system\Database\BaseConnection.php(670): CodeIgniter\Database\Postgre\Connection->execute()
#3 C:\Users\Adasi\Documents\Project_food\system\Database\BaseConnection.php(598): CodeIgniter\Database\BaseConnection->simpleQuery()
#4 C:\Users\Adasi\Documents\Project_food\system\Database\BaseBuilder.php(1455): CodeIgniter\Database\BaseConnection->query()
#5 C:\Users\Adasi\Documents\Project_food\system\Model.php(183): CodeIgniter\Database\BaseBuilder->get()
#6 C:\Users\Adasi\Documents\Project_food\system\BaseModel.php(584): CodeIgniter\Model->doFindAll()
#7 C:\Users\Adasi\Documents\Project_food\app\Models\ProdutoModel.php(137): CodeIgniter\BaseModel->findAll()
#8 C:\Users\Adasi\Documents\Project_food\app\Controllers\Produto.php(65): App\Models\ProdutoModel->exibeOpcoesProdutosParaCustomizar()
#9 C:\Users\Adasi\Documents\Project_food\system\CodeIgniter.php(825): App\Controllers\Produto->customizar()
#10 C:\Users\Adasi\Documents\Project_food\system\CodeIgniter.php(412): CodeIgniter\CodeIgniter->runController()
#11 C:\Users\Adasi\Documents\Project_food\system\CodeIgniter.php(320): CodeIgniter\CodeIgniter->handleRequest()
#12 C:\Users\Adasi\Documents\Project_food\public\index.php(37): CodeIgniter\CodeIgniter->run()
#13 C:\Users\Adasi\Documents\Project_food\system\Commands\Server\rewrite.php(43): require_once('C:\\Users\\Adasi\\...')
#14 {main}
ERROR - 2022-05-05 16:09:52 --> ErrorException: pg_query(): Query failed: ERROR:  column &quot;produtos.id&quot; must appear in the GROUP BY clause or be used in an aggregate function
LINE 1: SELECT &quot;produtos&quot;.&quot;id&quot;, &quot;produtos&quot;.&quot;nome&quot;
               ^ in C:\Users\Adasi\Documents\Project_food\system\Database\Postgre\Connection.php:135
Stack trace:
#0 [internal function]: CodeIgniter\Debug\Exceptions->errorHandler()
#1 C:\Users\Adasi\Documents\Project_food\system\Database\Postgre\Connection.php(135): pg_query()
#2 C:\Users\Adasi\Documents\Project_food\system\Database\BaseConnection.php(670): CodeIgniter\Database\Postgre\Connection->execute()
#3 C:\Users\Adasi\Documents\Project_food\system\Database\BaseConnection.php(598): CodeIgniter\Database\BaseConnection->simpleQuery()
#4 C:\Users\Adasi\Documents\Project_food\system\Database\BaseBuilder.php(1455): CodeIgniter\Database\BaseConnection->query()
#5 C:\Users\Adasi\Documents\Project_food\system\Model.php(183): CodeIgniter\Database\BaseBuilder->get()
#6 C:\Users\Adasi\Documents\Project_food\system\BaseModel.php(584): CodeIgniter\Model->doFindAll()
#7 C:\Users\Adasi\Documents\Project_food\app\Models\ProdutoModel.php(137): CodeIgniter\BaseModel->findAll()
#8 C:\Users\Adasi\Documents\Project_food\app\Controllers\Produto.php(65): App\Models\ProdutoModel->exibeOpcoesProdutosParaCustomizar()
#9 C:\Users\Adasi\Documents\Project_food\system\CodeIgniter.php(825): App\Controllers\Produto->customizar()
#10 C:\Users\Adasi\Documents\Project_food\system\CodeIgniter.php(412): CodeIgniter\CodeIgniter->runController()
#11 C:\Users\Adasi\Documents\Project_food\system\CodeIgniter.php(320): CodeIgniter\CodeIgniter->handleRequest()
#12 C:\Users\Adasi\Documents\Project_food\public\index.php(37): CodeIgniter\CodeIgniter->run()
#13 C:\Users\Adasi\Documents\Project_food\system\Commands\Server\rewrite.php(43): require_once('C:\\Users\\Adasi\\...')
#14 {main}
CRITICAL - 2022-05-05 16:09:52 --> pg_query(): Query failed: ERROR:  column &quot;produtos.id&quot; must appear in the GROUP BY clause or be used in an aggregate function
LINE 1: SELECT &quot;produtos&quot;.&quot;id&quot;, &quot;produtos&quot;.&quot;nome&quot;
               ^
#0 [internal function]: CodeIgniter\Debug\Exceptions->errorHandler()
#1 C:\Users\Adasi\Documents\Project_food\system\Database\Postgre\Connection.php(135): pg_query()
#2 C:\Users\Adasi\Documents\Project_food\system\Database\BaseConnection.php(670): CodeIgniter\Database\Postgre\Connection->execute()
#3 C:\Users\Adasi\Documents\Project_food\system\Database\BaseConnection.php(598): CodeIgniter\Database\BaseConnection->simpleQuery()
#4 C:\Users\Adasi\Documents\Project_food\system\Database\BaseBuilder.php(1455): CodeIgniter\Database\BaseConnection->query()
#5 C:\Users\Adasi\Documents\Project_food\system\Model.php(183): CodeIgniter\Database\BaseBuilder->get()
#6 C:\Users\Adasi\Documents\Project_food\system\BaseModel.php(584): CodeIgniter\Model->doFindAll()
#7 C:\Users\Adasi\Documents\Project_food\app\Models\ProdutoModel.php(137): CodeIgniter\BaseModel->findAll()
#8 C:\Users\Adasi\Documents\Project_food\app\Controllers\Produto.php(65): App\Models\ProdutoModel->exibeOpcoesProdutosParaCustomizar()
#9 C:\Users\Adasi\Documents\Project_food\system\CodeIgniter.php(825): App\Controllers\Produto->customizar()
#10 C:\Users\Adasi\Documents\Project_food\system\CodeIgniter.php(412): CodeIgniter\CodeIgniter->runController()
#11 C:\Users\Adasi\Documents\Project_food\system\CodeIgniter.php(320): CodeIgniter\CodeIgniter->handleRequest()
#12 C:\Users\Adasi\Documents\Project_food\public\index.php(37): CodeIgniter\CodeIgniter->run()
#13 C:\Users\Adasi\Documents\Project_food\system\Commands\Server\rewrite.php(43): require_once('C:\\Users\\Adasi\\...')
#14 {main}
ERROR - 2022-05-05 16:10:29 --> ErrorException: pg_query(): Query failed: ERROR:  column &quot;produtos.id&quot; must appear in the GROUP BY clause or be used in an aggregate function
LINE 1: SELECT &quot;produtos&quot;.&quot;id&quot;, &quot;produtos&quot;.&quot;nome&quot;
               ^ in C:\Users\Adasi\Documents\Project_food\system\Database\Postgre\Connection.php:135
Stack trace:
#0 [internal function]: CodeIgniter\Debug\Exceptions->errorHandler()
#1 C:\Users\Adasi\Documents\Project_food\system\Database\Postgre\Connection.php(135): pg_query()
#2 C:\Users\Adasi\Documents\Project_food\system\Database\BaseConnection.php(670): CodeIgniter\Database\Postgre\Connection->execute()
#3 C:\Users\Adasi\Documents\Project_food\system\Database\BaseConnection.php(598): CodeIgniter\Database\BaseConnection->simpleQuery()
#4 C:\Users\Adasi\Documents\Project_food\system\Database\BaseBuilder.php(1455): CodeIgniter\Database\BaseConnection->query()
#5 C:\Users\Adasi\Documents\Project_food\system\Model.php(183): CodeIgniter\Database\BaseBuilder->get()
#6 C:\Users\Adasi\Documents\Project_food\system\BaseModel.php(584): CodeIgniter\Model->doFindAll()
#7 C:\Users\Adasi\Documents\Project_food\app\Models\ProdutoModel.php(137): CodeIgniter\BaseModel->findAll()
#8 C:\Users\Adasi\Documents\Project_food\app\Controllers\Produto.php(65): App\Models\ProdutoModel->exibeOpcoesProdutosParaCustomizar()
#9 C:\Users\Adasi\Documents\Project_food\system\CodeIgniter.php(825): App\Controllers\Produto->customizar()
#10 C:\Users\Adasi\Documents\Project_food\system\CodeIgniter.php(412): CodeIgniter\CodeIgniter->runController()
#11 C:\Users\Adasi\Documents\Project_food\system\CodeIgniter.php(320): CodeIgniter\CodeIgniter->handleRequest()
#12 C:\Users\Adasi\Documents\Project_food\public\index.php(37): CodeIgniter\CodeIgniter->run()
#13 C:\Users\Adasi\Documents\Project_food\system\Commands\Server\rewrite.php(43): require_once('C:\\Users\\Adasi\\...')
#14 {main}
CRITICAL - 2022-05-05 16:10:29 --> pg_query(): Query failed: ERROR:  column &quot;produtos.id&quot; must appear in the GROUP BY clause or be used in an aggregate function
LINE 1: SELECT &quot;produtos&quot;.&quot;id&quot;, &quot;produtos&quot;.&quot;nome&quot;
               ^
#0 [internal function]: CodeIgniter\Debug\Exceptions->errorHandler()
#1 C:\Users\Adasi\Documents\Project_food\system\Database\Postgre\Connection.php(135): pg_query()
#2 C:\Users\Adasi\Documents\Project_food\system\Database\BaseConnection.php(670): CodeIgniter\Database\Postgre\Connection->execute()
#3 C:\Users\Adasi\Documents\Project_food\system\Database\BaseConnection.php(598): CodeIgniter\Database\BaseConnection->simpleQuery()
#4 C:\Users\Adasi\Documents\Project_food\system\Database\BaseBuilder.php(1455): CodeIgniter\Database\BaseConnection->query()
#5 C:\Users\Adasi\Documents\Project_food\system\Model.php(183): CodeIgniter\Database\BaseBuilder->get()
#6 C:\Users\Adasi\Documents\Project_food\system\BaseModel.php(584): CodeIgniter\Model->doFindAll()
#7 C:\Users\Adasi\Documents\Project_food\app\Models\ProdutoModel.php(137): CodeIgniter\BaseModel->findAll()
#8 C:\Users\Adasi\Documents\Project_food\app\Controllers\Produto.php(65): App\Models\ProdutoModel->exibeOpcoesProdutosParaCustomizar()
#9 C:\Users\Adasi\Documents\Project_food\system\CodeIgniter.php(825): App\Controllers\Produto->customizar()
#10 C:\Users\Adasi\Documents\Project_food\system\CodeIgniter.php(412): CodeIgniter\CodeIgniter->runController()
#11 C:\Users\Adasi\Documents\Project_food\system\CodeIgniter.php(320): CodeIgniter\CodeIgniter->handleRequest()
#12 C:\Users\Adasi\Documents\Project_food\public\index.php(37): CodeIgniter\CodeIgniter->run()
#13 C:\Users\Adasi\Documents\Project_food\system\Commands\Server\rewrite.php(43): require_once('C:\\Users\\Adasi\\...')
#14 {main}
ERROR - 2022-05-05 16:10:51 --> ErrorException: pg_query(): Query failed: ERROR:  column &quot;produtos.id&quot; must appear in the GROUP BY clause or be used in an aggregate function
LINE 1: SELECT &quot;produtos&quot;.&quot;id&quot;, &quot;produtos&quot;.&quot;nome&quot;
               ^ in C:\Users\Adasi\Documents\Project_food\system\Database\Postgre\Connection.php:135
Stack trace:
#0 [internal function]: CodeIgniter\Debug\Exceptions->errorHandler()
#1 C:\Users\Adasi\Documents\Project_food\system\Database\Postgre\Connection.php(135): pg_query()
#2 C:\Users\Adasi\Documents\Project_food\system\Database\BaseConnection.php(670): CodeIgniter\Database\Postgre\Connection->execute()
#3 C:\Users\Adasi\Documents\Project_food\system\Database\BaseConnection.php(598): CodeIgniter\Database\BaseConnection->simpleQuery()
#4 C:\Users\Adasi\Documents\Project_food\system\Database\BaseBuilder.php(1455): CodeIgniter\Database\BaseConnection->query()
#5 C:\Users\Adasi\Documents\Project_food\system\Model.php(183): CodeIgniter\Database\BaseBuilder->get()
#6 C:\Users\Adasi\Documents\Project_food\system\BaseModel.php(584): CodeIgniter\Model->doFindAll()
#7 C:\Users\Adasi\Documents\Project_food\app\Models\ProdutoModel.php(137): CodeIgniter\BaseModel->findAll()
#8 C:\Users\Adasi\Documents\Project_food\app\Controllers\Produto.php(65): App\Models\ProdutoModel->exibeOpcoesProdutosParaCustomizar()
#9 C:\Users\Adasi\Documents\Project_food\system\CodeIgniter.php(825): App\Controllers\Produto->customizar()
#10 C:\Users\Adasi\Documents\Project_food\system\CodeIgniter.php(412): CodeIgniter\CodeIgniter->runController()
#11 C:\Users\Adasi\Documents\Project_food\system\CodeIgniter.php(320): CodeIgniter\CodeIgniter->handleRequest()
#12 C:\Users\Adasi\Documents\Project_food\public\index.php(37): CodeIgniter\CodeIgniter->run()
#13 C:\Users\Adasi\Documents\Project_food\system\Commands\Server\rewrite.php(43): require_once('C:\\Users\\Adasi\\...')
#14 {main}
CRITICAL - 2022-05-05 16:10:51 --> pg_query(): Query failed: ERROR:  column &quot;produtos.id&quot; must appear in the GROUP BY clause or be used in an aggregate function
LINE 1: SELECT &quot;produtos&quot;.&quot;id&quot;, &quot;produtos&quot;.&quot;nome&quot;
               ^
#0 [internal function]: CodeIgniter\Debug\Exceptions->errorHandler()
#1 C:\Users\Adasi\Documents\Project_food\system\Database\Postgre\Connection.php(135): pg_query()
#2 C:\Users\Adasi\Documents\Project_food\system\Database\BaseConnection.php(670): CodeIgniter\Database\Postgre\Connection->execute()
#3 C:\Users\Adasi\Documents\Project_food\system\Database\BaseConnection.php(598): CodeIgniter\Database\BaseConnection->simpleQuery()
#4 C:\Users\Adasi\Documents\Project_food\system\Database\BaseBuilder.php(1455): CodeIgniter\Database\BaseConnection->query()
#5 C:\Users\Adasi\Documents\Project_food\system\Model.php(183): CodeIgniter\Database\BaseBuilder->get()
#6 C:\Users\Adasi\Documents\Project_food\system\BaseModel.php(584): CodeIgniter\Model->doFindAll()
#7 C:\Users\Adasi\Documents\Project_food\app\Models\ProdutoModel.php(137): CodeIgniter\BaseModel->findAll()
#8 C:\Users\Adasi\Documents\Project_food\app\Controllers\Produto.php(65): App\Models\ProdutoModel->exibeOpcoesProdutosParaCustomizar()
#9 C:\Users\Adasi\Documents\Project_food\system\CodeIgniter.php(825): App\Controllers\Produto->customizar()
#10 C:\Users\Adasi\Documents\Project_food\system\CodeIgniter.php(412): CodeIgniter\CodeIgniter->runController()
#11 C:\Users\Adasi\Documents\Project_food\system\CodeIgniter.php(320): CodeIgniter\CodeIgniter->handleRequest()
#12 C:\Users\Adasi\Documents\Project_food\public\index.php(37): CodeIgniter\CodeIgniter->run()
#13 C:\Users\Adasi\Documents\Project_food\system\Commands\Server\rewrite.php(43): require_once('C:\\Users\\Adasi\\...')
#14 {main}
ERROR - 2022-05-05 16:15:36 --> ErrorException: pg_query(): Query failed: ERROR:  missing FROM-clause entry for table &quot;produto&quot;
LINE 8: GROUP BY &quot;produtos&quot;.&quot;nome&quot;, &quot;produto&quot;.&quot;id&quot;
                                    ^ in C:\Users\Adasi\Documents\Project_food\system\Database\Postgre\Connection.php:135
Stack trace:
#0 [internal function]: CodeIgniter\Debug\Exceptions->errorHandler()
#1 C:\Users\Adasi\Documents\Project_food\system\Database\Postgre\Connection.php(135): pg_query()
#2 C:\Users\Adasi\Documents\Project_food\system\Database\BaseConnection.php(670): CodeIgniter\Database\Postgre\Connection->execute()
#3 C:\Users\Adasi\Documents\Project_food\system\Database\BaseConnection.php(598): CodeIgniter\Database\BaseConnection->simpleQuery()
#4 C:\Users\Adasi\Documents\Project_food\system\Database\BaseBuilder.php(1455): CodeIgniter\Database\BaseConnection->query()
#5 C:\Users\Adasi\Documents\Project_food\system\Model.php(183): CodeIgniter\Database\BaseBuilder->get()
#6 C:\Users\Adasi\Documents\Project_food\system\BaseModel.php(584): CodeIgniter\Model->doFindAll()
#7 C:\Users\Adasi\Documents\Project_food\app\Models\ProdutoModel.php(137): CodeIgniter\BaseModel->findAll()
#8 C:\Users\Adasi\Documents\Project_food\app\Controllers\Produto.php(65): App\Models\ProdutoModel->exibeOpcoesProdutosParaCustomizar()
#9 C:\Users\Adasi\Documents\Project_food\system\CodeIgniter.php(825): App\Controllers\Produto->customizar()
#10 C:\Users\Adasi\Documents\Project_food\system\CodeIgniter.php(412): CodeIgniter\CodeIgniter->runController()
#11 C:\Users\Adasi\Documents\Project_food\system\CodeIgniter.php(320): CodeIgniter\CodeIgniter->handleRequest()
#12 C:\Users\Adasi\Documents\Project_food\public\index.php(37): CodeIgniter\CodeIgniter->run()
#13 C:\Users\Adasi\Documents\Project_food\system\Commands\Server\rewrite.php(43): require_once('C:\\Users\\Adasi\\...')
#14 {main}
CRITICAL - 2022-05-05 16:15:36 --> pg_query(): Query failed: ERROR:  missing FROM-clause entry for table &quot;produto&quot;
LINE 8: GROUP BY &quot;produtos&quot;.&quot;nome&quot;, &quot;produto&quot;.&quot;id&quot;
                                    ^
#0 [internal function]: CodeIgniter\Debug\Exceptions->errorHandler()
#1 C:\Users\Adasi\Documents\Project_food\system\Database\Postgre\Connection.php(135): pg_query()
#2 C:\Users\Adasi\Documents\Project_food\system\Database\BaseConnection.php(670): CodeIgniter\Database\Postgre\Connection->execute()
#3 C:\Users\Adasi\Documents\Project_food\system\Database\BaseConnection.php(598): CodeIgniter\Database\BaseConnection->simpleQuery()
#4 C:\Users\Adasi\Documents\Project_food\system\Database\BaseBuilder.php(1455): CodeIgniter\Database\BaseConnection->query()
#5 C:\Users\Adasi\Documents\Project_food\system\Model.php(183): CodeIgniter\Database\BaseBuilder->get()
#6 C:\Users\Adasi\Documents\Project_food\system\BaseModel.php(584): CodeIgniter\Model->doFindAll()
#7 C:\Users\Adasi\Documents\Project_food\app\Models\ProdutoModel.php(137): CodeIgniter\BaseModel->findAll()
#8 C:\Users\Adasi\Documents\Project_food\app\Controllers\Produto.php(65): App\Models\ProdutoModel->exibeOpcoesProdutosParaCustomizar()
#9 C:\Users\Adasi\Documents\Project_food\system\CodeIgniter.php(825): App\Controllers\Produto->customizar()
#10 C:\Users\Adasi\Documents\Project_food\system\CodeIgniter.php(412): CodeIgniter\CodeIgniter->runController()
#11 C:\Users\Adasi\Documents\Project_food\system\CodeIgniter.php(320): CodeIgniter\CodeIgniter->handleRequest()
#12 C:\Users\Adasi\Documents\Project_food\public\index.php(37): CodeIgniter\CodeIgniter->run()
#13 C:\Users\Adasi\Documents\Project_food\system\Commands\Server\rewrite.php(43): require_once('C:\\Users\\Adasi\\...')
#14 {main}
ERROR - 2022-05-05 16:16:37 --> ErrorException: pg_query(): Query failed: ERROR:  missing FROM-clause entry for table &quot;produto&quot;
LINE 8: GROUP BY &quot;produtos&quot;.&quot;nome&quot;, &quot;produto&quot;.&quot;id&quot;
                                    ^ in C:\Users\Adasi\Documents\Project_food\system\Database\Postgre\Connection.php:135
Stack trace:
#0 [internal function]: CodeIgniter\Debug\Exceptions->errorHandler()
#1 C:\Users\Adasi\Documents\Project_food\system\Database\Postgre\Connection.php(135): pg_query()
#2 C:\Users\Adasi\Documents\Project_food\system\Database\BaseConnection.php(670): CodeIgniter\Database\Postgre\Connection->execute()
#3 C:\Users\Adasi\Documents\Project_food\system\Database\BaseConnection.php(598): CodeIgniter\Database\BaseConnection->simpleQuery()
#4 C:\Users\Adasi\Documents\Project_food\system\Database\BaseBuilder.php(1455): CodeIgniter\Database\BaseConnection->query()
#5 C:\Users\Adasi\Documents\Project_food\system\Model.php(183): CodeIgniter\Database\BaseBuilder->get()
#6 C:\Users\Adasi\Documents\Project_food\system\BaseModel.php(584): CodeIgniter\Model->doFindAll()
#7 C:\Users\Adasi\Documents\Project_food\app\Models\ProdutoModel.php(137): CodeIgniter\BaseModel->findAll()
#8 C:\Users\Adasi\Documents\Project_food\app\Controllers\Produto.php(65): App\Models\ProdutoModel->exibeOpcoesProdutosParaCustomizar()
#9 C:\Users\Adasi\Documents\Project_food\system\CodeIgniter.php(825): App\Controllers\Produto->customizar()
#10 C:\Users\Adasi\Documents\Project_food\system\CodeIgniter.php(412): CodeIgniter\CodeIgniter->runController()
#11 C:\Users\Adasi\Documents\Project_food\system\CodeIgniter.php(320): CodeIgniter\CodeIgniter->handleRequest()
#12 C:\Users\Adasi\Documents\Project_food\public\index.php(37): CodeIgniter\CodeIgniter->run()
#13 C:\Users\Adasi\Documents\Project_food\system\Commands\Server\rewrite.php(43): require_once('C:\\Users\\Adasi\\...')
#14 {main}
CRITICAL - 2022-05-05 16:16:37 --> pg_query(): Query failed: ERROR:  missing FROM-clause entry for table &quot;produto&quot;
LINE 8: GROUP BY &quot;produtos&quot;.&quot;nome&quot;, &quot;produto&quot;.&quot;id&quot;
                                    ^
#0 [internal function]: CodeIgniter\Debug\Exceptions->errorHandler()
#1 C:\Users\Adasi\Documents\Project_food\system\Database\Postgre\Connection.php(135): pg_query()
#2 C:\Users\Adasi\Documents\Project_food\system\Database\BaseConnection.php(670): CodeIgniter\Database\Postgre\Connection->execute()
#3 C:\Users\Adasi\Documents\Project_food\system\Database\BaseConnection.php(598): CodeIgniter\Database\BaseConnection->simpleQuery()
#4 C:\Users\Adasi\Documents\Project_food\system\Database\BaseBuilder.php(1455): CodeIgniter\Database\BaseConnection->query()
#5 C:\Users\Adasi\Documents\Project_food\system\Model.php(183): CodeIgniter\Database\BaseBuilder->get()
#6 C:\Users\Adasi\Documents\Project_food\system\BaseModel.php(584): CodeIgniter\Model->doFindAll()
#7 C:\Users\Adasi\Documents\Project_food\app\Models\ProdutoModel.php(137): CodeIgniter\BaseModel->findAll()
#8 C:\Users\Adasi\Documents\Project_food\app\Controllers\Produto.php(65): App\Models\ProdutoModel->exibeOpcoesProdutosParaCustomizar()
#9 C:\Users\Adasi\Documents\Project_food\system\CodeIgniter.php(825): App\Controllers\Produto->customizar()
#10 C:\Users\Adasi\Documents\Project_food\system\CodeIgniter.php(412): CodeIgniter\CodeIgniter->runController()
#11 C:\Users\Adasi\Documents\Project_food\system\CodeIgniter.php(320): CodeIgniter\CodeIgniter->handleRequest()
#12 C:\Users\Adasi\Documents\Project_food\public\index.php(37): CodeIgniter\CodeIgniter->run()
#13 C:\Users\Adasi\Documents\Project_food\system\Commands\Server\rewrite.php(43): require_once('C:\\Users\\Adasi\\...')
#14 {main}
ERROR - 2022-05-05 16:18:08 --> ErrorException: pg_query(): Query failed: ERROR:  syntax error at or near &quot;.&quot;
LINE 1: SELECT &quot;produtos&quot;.&quot;id,&quot; &quot;produtos&quot;.&quot;nome&quot;
                                          ^ in C:\Users\Adasi\Documents\Project_food\system\Database\Postgre\Connection.php:135
Stack trace:
#0 [internal function]: CodeIgniter\Debug\Exceptions->errorHandler()
#1 C:\Users\Adasi\Documents\Project_food\system\Database\Postgre\Connection.php(135): pg_query()
#2 C:\Users\Adasi\Documents\Project_food\system\Database\BaseConnection.php(670): CodeIgniter\Database\Postgre\Connection->execute()
#3 C:\Users\Adasi\Documents\Project_food\system\Database\BaseConnection.php(598): CodeIgniter\Database\BaseConnection->simpleQuery()
#4 C:\Users\Adasi\Documents\Project_food\system\Database\BaseBuilder.php(1455): CodeIgniter\Database\BaseConnection->query()
#5 C:\Users\Adasi\Documents\Project_food\system\Model.php(183): CodeIgniter\Database\BaseBuilder->get()
#6 C:\Users\Adasi\Documents\Project_food\system\BaseModel.php(584): CodeIgniter\Model->doFindAll()
#7 C:\Users\Adasi\Documents\Project_food\app\Models\ProdutoModel.php(137): CodeIgniter\BaseModel->findAll()
#8 C:\Users\Adasi\Documents\Project_food\app\Controllers\Produto.php(65): App\Models\ProdutoModel->exibeOpcoesProdutosParaCustomizar()
#9 C:\Users\Adasi\Documents\Project_food\system\CodeIgniter.php(825): App\Controllers\Produto->customizar()
#10 C:\Users\Adasi\Documents\Project_food\system\CodeIgniter.php(412): CodeIgniter\CodeIgniter->runController()
#11 C:\Users\Adasi\Documents\Project_food\system\CodeIgniter.php(320): CodeIgniter\CodeIgniter->handleRequest()
#12 C:\Users\Adasi\Documents\Project_food\public\index.php(37): CodeIgniter\CodeIgniter->run()
#13 C:\Users\Adasi\Documents\Project_food\system\Commands\Server\rewrite.php(43): require_once('C:\\Users\\Adasi\\...')
#14 {main}
CRITICAL - 2022-05-05 16:18:08 --> pg_query(): Query failed: ERROR:  syntax error at or near &quot;.&quot;
LINE 1: SELECT &quot;produtos&quot;.&quot;id,&quot; &quot;produtos&quot;.&quot;nome&quot;
                                          ^
#0 [internal function]: CodeIgniter\Debug\Exceptions->errorHandler()
#1 C:\Users\Adasi\Documents\Project_food\system\Database\Postgre\Connection.php(135): pg_query()
#2 C:\Users\Adasi\Documents\Project_food\system\Database\BaseConnection.php(670): CodeIgniter\Database\Postgre\Connection->execute()
#3 C:\Users\Adasi\Documents\Project_food\system\Database\BaseConnection.php(598): CodeIgniter\Database\BaseConnection->simpleQuery()
#4 C:\Users\Adasi\Documents\Project_food\system\Database\BaseBuilder.php(1455): CodeIgniter\Database\BaseConnection->query()
#5 C:\Users\Adasi\Documents\Project_food\system\Model.php(183): CodeIgniter\Database\BaseBuilder->get()
#6 C:\Users\Adasi\Documents\Project_food\system\BaseModel.php(584): CodeIgniter\Model->doFindAll()
#7 C:\Users\Adasi\Documents\Project_food\app\Models\ProdutoModel.php(137): CodeIgniter\BaseModel->findAll()
#8 C:\Users\Adasi\Documents\Project_food\app\Controllers\Produto.php(65): App\Models\ProdutoModel->exibeOpcoesProdutosParaCustomizar()
#9 C:\Users\Adasi\Documents\Project_food\system\CodeIgniter.php(825): App\Controllers\Produto->customizar()
#10 C:\Users\Adasi\Documents\Project_food\system\CodeIgniter.php(412): CodeIgniter\CodeIgniter->runController()
#11 C:\Users\Adasi\Documents\Project_food\system\CodeIgniter.php(320): CodeIgniter\CodeIgniter->handleRequest()
#12 C:\Users\Adasi\Documents\Project_food\public\index.php(37): CodeIgniter\CodeIgniter->run()
#13 C:\Users\Adasi\Documents\Project_food\system\Commands\Server\rewrite.php(43): require_once('C:\\Users\\Adasi\\...')
#14 {main}
ERROR - 2022-05-05 16:18:25 --> ErrorException: pg_query(): Query failed: ERROR:  column &quot;produtos.id&quot; must appear in the GROUP BY clause or be used in an aggregate function
LINE 1: SELECT &quot;produtos&quot;.&quot;id&quot;, &quot;produtos&quot;.&quot;nome&quot;
               ^ in C:\Users\Adasi\Documents\Project_food\system\Database\Postgre\Connection.php:135
Stack trace:
#0 [internal function]: CodeIgniter\Debug\Exceptions->errorHandler()
#1 C:\Users\Adasi\Documents\Project_food\system\Database\Postgre\Connection.php(135): pg_query()
#2 C:\Users\Adasi\Documents\Project_food\system\Database\BaseConnection.php(670): CodeIgniter\Database\Postgre\Connection->execute()
#3 C:\Users\Adasi\Documents\Project_food\system\Database\BaseConnection.php(598): CodeIgniter\Database\BaseConnection->simpleQuery()
#4 C:\Users\Adasi\Documents\Project_food\system\Database\BaseBuilder.php(1455): CodeIgniter\Database\BaseConnection->query()
#5 C:\Users\Adasi\Documents\Project_food\system\Model.php(183): CodeIgniter\Database\BaseBuilder->get()
#6 C:\Users\Adasi\Documents\Project_food\system\BaseModel.php(584): CodeIgniter\Model->doFindAll()
#7 C:\Users\Adasi\Documents\Project_food\app\Models\ProdutoModel.php(137): CodeIgniter\BaseModel->findAll()
#8 C:\Users\Adasi\Documents\Project_food\app\Controllers\Produto.php(65): App\Models\ProdutoModel->exibeOpcoesProdutosParaCustomizar()
#9 C:\Users\Adasi\Documents\Project_food\system\CodeIgniter.php(825): App\Controllers\Produto->customizar()
#10 C:\Users\Adasi\Documents\Project_food\system\CodeIgniter.php(412): CodeIgniter\CodeIgniter->runController()
#11 C:\Users\Adasi\Documents\Project_food\system\CodeIgniter.php(320): CodeIgniter\CodeIgniter->handleRequest()
#12 C:\Users\Adasi\Documents\Project_food\public\index.php(37): CodeIgniter\CodeIgniter->run()
#13 C:\Users\Adasi\Documents\Project_food\system\Commands\Server\rewrite.php(43): require_once('C:\\Users\\Adasi\\...')
#14 {main}
CRITICAL - 2022-05-05 16:18:25 --> pg_query(): Query failed: ERROR:  column &quot;produtos.id&quot; must appear in the GROUP BY clause or be used in an aggregate function
LINE 1: SELECT &quot;produtos&quot;.&quot;id&quot;, &quot;produtos&quot;.&quot;nome&quot;
               ^
#0 [internal function]: CodeIgniter\Debug\Exceptions->errorHandler()
#1 C:\Users\Adasi\Documents\Project_food\system\Database\Postgre\Connection.php(135): pg_query()
#2 C:\Users\Adasi\Documents\Project_food\system\Database\BaseConnection.php(670): CodeIgniter\Database\Postgre\Connection->execute()
#3 C:\Users\Adasi\Documents\Project_food\system\Database\BaseConnection.php(598): CodeIgniter\Database\BaseConnection->simpleQuery()
#4 C:\Users\Adasi\Documents\Project_food\system\Database\BaseBuilder.php(1455): CodeIgniter\Database\BaseConnection->query()
#5 C:\Users\Adasi\Documents\Project_food\system\Model.php(183): CodeIgniter\Database\BaseBuilder->get()
#6 C:\Users\Adasi\Documents\Project_food\system\BaseModel.php(584): CodeIgniter\Model->doFindAll()
#7 C:\Users\Adasi\Documents\Project_food\app\Models\ProdutoModel.php(137): CodeIgniter\BaseModel->findAll()
#8 C:\Users\Adasi\Documents\Project_food\app\Controllers\Produto.php(65): App\Models\ProdutoModel->exibeOpcoesProdutosParaCustomizar()
#9 C:\Users\Adasi\Documents\Project_food\system\CodeIgniter.php(825): App\Controllers\Produto->customizar()
#10 C:\Users\Adasi\Documents\Project_food\system\CodeIgniter.php(412): CodeIgniter\CodeIgniter->runController()
#11 C:\Users\Adasi\Documents\Project_food\system\CodeIgniter.php(320): CodeIgniter\CodeIgniter->handleRequest()
#12 C:\Users\Adasi\Documents\Project_food\public\index.php(37): CodeIgniter\CodeIgniter->run()
#13 C:\Users\Adasi\Documents\Project_food\system\Commands\Server\rewrite.php(43): require_once('C:\\Users\\Adasi\\...')
#14 {main}
ERROR - 2022-05-05 16:20:55 --> ErrorException: pg_query(): Query failed: ERROR:  column &quot;produtos.id&quot; must appear in the GROUP BY clause or be used in an aggregate function
LINE 1: SELECT &quot;produtos&quot;.&quot;id&quot;, &quot;produtos&quot;.&quot;nome&quot;
               ^ in C:\Users\Adasi\Documents\Project_food\system\Database\Postgre\Connection.php:135
Stack trace:
#0 [internal function]: CodeIgniter\Debug\Exceptions->errorHandler()
#1 C:\Users\Adasi\Documents\Project_food\system\Database\Postgre\Connection.php(135): pg_query()
#2 C:\Users\Adasi\Documents\Project_food\system\Database\BaseConnection.php(670): CodeIgniter\Database\Postgre\Connection->execute()
#3 C:\Users\Adasi\Documents\Project_food\system\Database\BaseConnection.php(598): CodeIgniter\Database\BaseConnection->simpleQuery()
#4 C:\Users\Adasi\Documents\Project_food\system\Database\BaseBuilder.php(1455): CodeIgniter\Database\BaseConnection->query()
#5 C:\Users\Adasi\Documents\Project_food\system\Model.php(183): CodeIgniter\Database\BaseBuilder->get()
#6 C:\Users\Adasi\Documents\Project_food\system\BaseModel.php(584): CodeIgniter\Model->doFindAll()
#7 C:\Users\Adasi\Documents\Project_food\app\Models\ProdutoModel.php(137): CodeIgniter\BaseModel->findAll()
#8 C:\Users\Adasi\Documents\Project_food\app\Controllers\Produto.php(65): App\Models\ProdutoModel->exibeOpcoesProdutosParaCustomizar()
#9 C:\Users\Adasi\Documents\Project_food\system\CodeIgniter.php(825): App\Controllers\Produto->customizar()
#10 C:\Users\Adasi\Documents\Project_food\system\CodeIgniter.php(412): CodeIgniter\CodeIgniter->runController()
#11 C:\Users\Adasi\Documents\Project_food\system\CodeIgniter.php(320): CodeIgniter\CodeIgniter->handleRequest()
#12 C:\Users\Adasi\Documents\Project_food\public\index.php(37): CodeIgniter\CodeIgniter->run()
#13 C:\Users\Adasi\Documents\Project_food\system\Commands\Server\rewrite.php(43): require_once('C:\\Users\\Adasi\\...')
#14 {main}
CRITICAL - 2022-05-05 16:20:55 --> pg_query(): Query failed: ERROR:  column &quot;produtos.id&quot; must appear in the GROUP BY clause or be used in an aggregate function
LINE 1: SELECT &quot;produtos&quot;.&quot;id&quot;, &quot;produtos&quot;.&quot;nome&quot;
               ^
#0 [internal function]: CodeIgniter\Debug\Exceptions->errorHandler()
#1 C:\Users\Adasi\Documents\Project_food\system\Database\Postgre\Connection.php(135): pg_query()
#2 C:\Users\Adasi\Documents\Project_food\system\Database\BaseConnection.php(670): CodeIgniter\Database\Postgre\Connection->execute()
#3 C:\Users\Adasi\Documents\Project_food\system\Database\BaseConnection.php(598): CodeIgniter\Database\BaseConnection->simpleQuery()
#4 C:\Users\Adasi\Documents\Project_food\system\Database\BaseBuilder.php(1455): CodeIgniter\Database\BaseConnection->query()
#5 C:\Users\Adasi\Documents\Project_food\system\Model.php(183): CodeIgniter\Database\BaseBuilder->get()
#6 C:\Users\Adasi\Documents\Project_food\system\BaseModel.php(584): CodeIgniter\Model->doFindAll()
#7 C:\Users\Adasi\Documents\Project_food\app\Models\ProdutoModel.php(137): CodeIgniter\BaseModel->findAll()
#8 C:\Users\Adasi\Documents\Project_food\app\Controllers\Produto.php(65): App\Models\ProdutoModel->exibeOpcoesProdutosParaCustomizar()
#9 C:\Users\Adasi\Documents\Project_food\system\CodeIgniter.php(825): App\Controllers\Produto->customizar()
#10 C:\Users\Adasi\Documents\Project_food\system\CodeIgniter.php(412): CodeIgniter\CodeIgniter->runController()
#11 C:\Users\Adasi\Documents\Project_food\system\CodeIgniter.php(320): CodeIgniter\CodeIgniter->handleRequest()
#12 C:\Users\Adasi\Documents\Project_food\public\index.php(37): CodeIgniter\CodeIgniter->run()
#13 C:\Users\Adasi\Documents\Project_food\system\Commands\Server\rewrite.php(43): require_once('C:\\Users\\Adasi\\...')
#14 {main}
ERROR - 2022-05-05 16:21:04 --> ErrorException: pg_query(): Query failed: ERROR:  missing FROM-clause entry for table &quot;produto&quot;
LINE 8: GROUP BY &quot;produtos&quot;.&quot;nome&quot;, &quot;produto&quot;.&quot;id&quot;
                                    ^ in C:\Users\Adasi\Documents\Project_food\system\Database\Postgre\Connection.php:135
Stack trace:
#0 [internal function]: CodeIgniter\Debug\Exceptions->errorHandler()
#1 C:\Users\Adasi\Documents\Project_food\system\Database\Postgre\Connection.php(135): pg_query()
#2 C:\Users\Adasi\Documents\Project_food\system\Database\BaseConnection.php(670): CodeIgniter\Database\Postgre\Connection->execute()
#3 C:\Users\Adasi\Documents\Project_food\system\Database\BaseConnection.php(598): CodeIgniter\Database\BaseConnection->simpleQuery()
#4 C:\Users\Adasi\Documents\Project_food\system\Database\BaseBuilder.php(1455): CodeIgniter\Database\BaseConnection->query()
#5 C:\Users\Adasi\Documents\Project_food\system\Model.php(183): CodeIgniter\Database\BaseBuilder->get()
#6 C:\Users\Adasi\Documents\Project_food\system\BaseModel.php(584): CodeIgniter\Model->doFindAll()
#7 C:\Users\Adasi\Documents\Project_food\app\Models\ProdutoModel.php(137): CodeIgniter\BaseModel->findAll()
#8 C:\Users\Adasi\Documents\Project_food\app\Controllers\Produto.php(65): App\Models\ProdutoModel->exibeOpcoesProdutosParaCustomizar()
#9 C:\Users\Adasi\Documents\Project_food\system\CodeIgniter.php(825): App\Controllers\Produto->customizar()
#10 C:\Users\Adasi\Documents\Project_food\system\CodeIgniter.php(412): CodeIgniter\CodeIgniter->runController()
#11 C:\Users\Adasi\Documents\Project_food\system\CodeIgniter.php(320): CodeIgniter\CodeIgniter->handleRequest()
#12 C:\Users\Adasi\Documents\Project_food\public\index.php(37): CodeIgniter\CodeIgniter->run()
#13 C:\Users\Adasi\Documents\Project_food\system\Commands\Server\rewrite.php(43): require_once('C:\\Users\\Adasi\\...')
#14 {main}
CRITICAL - 2022-05-05 16:21:04 --> pg_query(): Query failed: ERROR:  missing FROM-clause entry for table &quot;produto&quot;
LINE 8: GROUP BY &quot;produtos&quot;.&quot;nome&quot;, &quot;produto&quot;.&quot;id&quot;
                                    ^
#0 [internal function]: CodeIgniter\Debug\Exceptions->errorHandler()
#1 C:\Users\Adasi\Documents\Project_food\system\Database\Postgre\Connection.php(135): pg_query()
#2 C:\Users\Adasi\Documents\Project_food\system\Database\BaseConnection.php(670): CodeIgniter\Database\Postgre\Connection->execute()
#3 C:\Users\Adasi\Documents\Project_food\system\Database\BaseConnection.php(598): CodeIgniter\Database\BaseConnection->simpleQuery()
#4 C:\Users\Adasi\Documents\Project_food\system\Database\BaseBuilder.php(1455): CodeIgniter\Database\BaseConnection->query()
#5 C:\Users\Adasi\Documents\Project_food\system\Model.php(183): CodeIgniter\Database\BaseBuilder->get()
#6 C:\Users\Adasi\Documents\Project_food\system\BaseModel.php(584): CodeIgniter\Model->doFindAll()
#7 C:\Users\Adasi\Documents\Project_food\app\Models\ProdutoModel.php(137): CodeIgniter\BaseModel->findAll()
#8 C:\Users\Adasi\Documents\Project_food\app\Controllers\Produto.php(65): App\Models\ProdutoModel->exibeOpcoesProdutosParaCustomizar()
#9 C:\Users\Adasi\Documents\Project_food\system\CodeIgniter.php(825): App\Controllers\Produto->customizar()
#10 C:\Users\Adasi\Documents\Project_food\system\CodeIgniter.php(412): CodeIgniter\CodeIgniter->runController()
#11 C:\Users\Adasi\Documents\Project_food\system\CodeIgniter.php(320): CodeIgniter\CodeIgniter->handleRequest()
#12 C:\Users\Adasi\Documents\Project_food\public\index.php(37): CodeIgniter\CodeIgniter->run()
#13 C:\Users\Adasi\Documents\Project_food\system\Commands\Server\rewrite.php(43): require_once('C:\\Users\\Adasi\\...')
#14 {main}
ERROR - 2022-05-05 16:22:31 --> ErrorException: pg_query(): Query failed: ERROR:  missing FROM-clause entry for table &quot;produto&quot;
LINE 8: GROUP BY &quot;produtos&quot;.&quot;nome&quot;, &quot;produto&quot;.&quot;id&quot;, &quot;produto&quot;
                                    ^ in C:\Users\Adasi\Documents\Project_food\system\Database\Postgre\Connection.php:135
Stack trace:
#0 [internal function]: CodeIgniter\Debug\Exceptions->errorHandler()
#1 C:\Users\Adasi\Documents\Project_food\system\Database\Postgre\Connection.php(135): pg_query()
#2 C:\Users\Adasi\Documents\Project_food\system\Database\BaseConnection.php(670): CodeIgniter\Database\Postgre\Connection->execute()
#3 C:\Users\Adasi\Documents\Project_food\system\Database\BaseConnection.php(598): CodeIgniter\Database\BaseConnection->simpleQuery()
#4 C:\Users\Adasi\Documents\Project_food\system\Database\BaseBuilder.php(1455): CodeIgniter\Database\BaseConnection->query()
#5 C:\Users\Adasi\Documents\Project_food\system\Model.php(183): CodeIgniter\Database\BaseBuilder->get()
#6 C:\Users\Adasi\Documents\Project_food\system\BaseModel.php(584): CodeIgniter\Model->doFindAll()
#7 C:\Users\Adasi\Documents\Project_food\app\Models\ProdutoModel.php(137): CodeIgniter\BaseModel->findAll()
#8 C:\Users\Adasi\Documents\Project_food\app\Controllers\Produto.php(65): App\Models\ProdutoModel->exibeOpcoesProdutosParaCustomizar()
#9 C:\Users\Adasi\Documents\Project_food\system\CodeIgniter.php(825): App\Controllers\Produto->customizar()
#10 C:\Users\Adasi\Documents\Project_food\system\CodeIgniter.php(412): CodeIgniter\CodeIgniter->runController()
#11 C:\Users\Adasi\Documents\Project_food\system\CodeIgniter.php(320): CodeIgniter\CodeIgniter->handleRequest()
#12 C:\Users\Adasi\Documents\Project_food\public\index.php(37): CodeIgniter\CodeIgniter->run()
#13 C:\Users\Adasi\Documents\Project_food\system\Commands\Server\rewrite.php(43): require_once('C:\\Users\\Adasi\\...')
#14 {main}
CRITICAL - 2022-05-05 16:22:31 --> pg_query(): Query failed: ERROR:  missing FROM-clause entry for table &quot;produto&quot;
LINE 8: GROUP BY &quot;produtos&quot;.&quot;nome&quot;, &quot;produto&quot;.&quot;id&quot;, &quot;produto&quot;
                                    ^
#0 [internal function]: CodeIgniter\Debug\Exceptions->errorHandler()
#1 C:\Users\Adasi\Documents\Project_food\system\Database\Postgre\Connection.php(135): pg_query()
#2 C:\Users\Adasi\Documents\Project_food\system\Database\BaseConnection.php(670): CodeIgniter\Database\Postgre\Connection->execute()
#3 C:\Users\Adasi\Documents\Project_food\system\Database\BaseConnection.php(598): CodeIgniter\Database\BaseConnection->simpleQuery()
#4 C:\Users\Adasi\Documents\Project_food\system\Database\BaseBuilder.php(1455): CodeIgniter\Database\BaseConnection->query()
#5 C:\Users\Adasi\Documents\Project_food\system\Model.php(183): CodeIgniter\Database\BaseBuilder->get()
#6 C:\Users\Adasi\Documents\Project_food\system\BaseModel.php(584): CodeIgniter\Model->doFindAll()
#7 C:\Users\Adasi\Documents\Project_food\app\Models\ProdutoModel.php(137): CodeIgniter\BaseModel->findAll()
#8 C:\Users\Adasi\Documents\Project_food\app\Controllers\Produto.php(65): App\Models\ProdutoModel->exibeOpcoesProdutosParaCustomizar()
#9 C:\Users\Adasi\Documents\Project_food\system\CodeIgniter.php(825): App\Controllers\Produto->customizar()
#10 C:\Users\Adasi\Documents\Project_food\system\CodeIgniter.php(412): CodeIgniter\CodeIgniter->runController()
#11 C:\Users\Adasi\Documents\Project_food\system\CodeIgniter.php(320): CodeIgniter\CodeIgniter->handleRequest()
#12 C:\Users\Adasi\Documents\Project_food\public\index.php(37): CodeIgniter\CodeIgniter->run()
#13 C:\Users\Adasi\Documents\Project_food\system\Commands\Server\rewrite.php(43): require_once('C:\\Users\\Adasi\\...')
#14 {main}
ERROR - 2022-05-05 16:28:18 --> ErrorException: pg_query(): Query failed: ERROR:  missing FROM-clause entry for table &quot;produto&quot;
LINE 8: GROUP BY &quot;produtos&quot;.&quot;nome&quot;, &quot;produto&quot;.&quot;id&quot;
                                    ^ in C:\Users\Adasi\Documents\Project_food\system\Database\Postgre\Connection.php:135
Stack trace:
#0 [internal function]: CodeIgniter\Debug\Exceptions->errorHandler()
#1 C:\Users\Adasi\Documents\Project_food\system\Database\Postgre\Connection.php(135): pg_query()
#2 C:\Users\Adasi\Documents\Project_food\system\Database\BaseConnection.php(670): CodeIgniter\Database\Postgre\Connection->execute()
#3 C:\Users\Adasi\Documents\Project_food\system\Database\BaseConnection.php(598): CodeIgniter\Database\BaseConnection->simpleQuery()
#4 C:\Users\Adasi\Documents\Project_food\system\Database\BaseBuilder.php(1455): CodeIgniter\Database\BaseConnection->query()
#5 C:\Users\Adasi\Documents\Project_food\system\Model.php(183): CodeIgniter\Database\BaseBuilder->get()
#6 C:\Users\Adasi\Documents\Project_food\system\BaseModel.php(584): CodeIgniter\Model->doFindAll()
#7 C:\Users\Adasi\Documents\Project_food\app\Models\ProdutoModel.php(137): CodeIgniter\BaseModel->findAll()
#8 C:\Users\Adasi\Documents\Project_food\app\Controllers\Produto.php(65): App\Models\ProdutoModel->exibeOpcoesProdutosParaCustomizar()
#9 C:\Users\Adasi\Documents\Project_food\system\CodeIgniter.php(825): App\Controllers\Produto->customizar()
#10 C:\Users\Adasi\Documents\Project_food\system\CodeIgniter.php(412): CodeIgniter\CodeIgniter->runController()
#11 C:\Users\Adasi\Documents\Project_food\system\CodeIgniter.php(320): CodeIgniter\CodeIgniter->handleRequest()
#12 C:\Users\Adasi\Documents\Project_food\public\index.php(37): CodeIgniter\CodeIgniter->run()
#13 C:\Users\Adasi\Documents\Project_food\system\Commands\Server\rewrite.php(43): require_once('C:\\Users\\Adasi\\...')
#14 {main}
CRITICAL - 2022-05-05 16:28:18 --> pg_query(): Query failed: ERROR:  missing FROM-clause entry for table &quot;produto&quot;
LINE 8: GROUP BY &quot;produtos&quot;.&quot;nome&quot;, &quot;produto&quot;.&quot;id&quot;
                                    ^
#0 [internal function]: CodeIgniter\Debug\Exceptions->errorHandler()
#1 C:\Users\Adasi\Documents\Project_food\system\Database\Postgre\Connection.php(135): pg_query()
#2 C:\Users\Adasi\Documents\Project_food\system\Database\BaseConnection.php(670): CodeIgniter\Database\Postgre\Connection->execute()
#3 C:\Users\Adasi\Documents\Project_food\system\Database\BaseConnection.php(598): CodeIgniter\Database\BaseConnection->simpleQuery()
#4 C:\Users\Adasi\Documents\Project_food\system\Database\BaseBuilder.php(1455): CodeIgniter\Database\BaseConnection->query()
#5 C:\Users\Adasi\Documents\Project_food\system\Model.php(183): CodeIgniter\Database\BaseBuilder->get()
#6 C:\Users\Adasi\Documents\Project_food\system\BaseModel.php(584): CodeIgniter\Model->doFindAll()
#7 C:\Users\Adasi\Documents\Project_food\app\Models\ProdutoModel.php(137): CodeIgniter\BaseModel->findAll()
#8 C:\Users\Adasi\Documents\Project_food\app\Controllers\Produto.php(65): App\Models\ProdutoModel->exibeOpcoesProdutosParaCustomizar()
#9 C:\Users\Adasi\Documents\Project_food\system\CodeIgniter.php(825): App\Controllers\Produto->customizar()
#10 C:\Users\Adasi\Documents\Project_food\system\CodeIgniter.php(412): CodeIgniter\CodeIgniter->runController()
#11 C:\Users\Adasi\Documents\Project_food\system\CodeIgniter.php(320): CodeIgniter\CodeIgniter->handleRequest()
#12 C:\Users\Adasi\Documents\Project_food\public\index.php(37): CodeIgniter\CodeIgniter->run()
#13 C:\Users\Adasi\Documents\Project_food\system\Commands\Server\rewrite.php(43): require_once('C:\\Users\\Adasi\\...')
#14 {main}
ERROR - 2022-05-05 16:28:31 --> ErrorException: pg_query(): Query failed: ERROR:  missing FROM-clause entry for table &quot;produto&quot;
LINE 8: GROUP BY &quot;produtos&quot;.&quot;nome&quot;, &quot;produto&quot;.&quot;id&quot;
                                    ^ in C:\Users\Adasi\Documents\Project_food\system\Database\Postgre\Connection.php:135
Stack trace:
#0 [internal function]: CodeIgniter\Debug\Exceptions->errorHandler()
#1 C:\Users\Adasi\Documents\Project_food\system\Database\Postgre\Connection.php(135): pg_query()
#2 C:\Users\Adasi\Documents\Project_food\system\Database\BaseConnection.php(670): CodeIgniter\Database\Postgre\Connection->execute()
#3 C:\Users\Adasi\Documents\Project_food\system\Database\BaseConnection.php(598): CodeIgniter\Database\BaseConnection->simpleQuery()
#4 C:\Users\Adasi\Documents\Project_food\system\Database\BaseBuilder.php(1455): CodeIgniter\Database\BaseConnection->query()
#5 C:\Users\Adasi\Documents\Project_food\system\Model.php(183): CodeIgniter\Database\BaseBuilder->get()
#6 C:\Users\Adasi\Documents\Project_food\system\BaseModel.php(584): CodeIgniter\Model->doFindAll()
#7 C:\Users\Adasi\Documents\Project_food\app\Models\ProdutoModel.php(137): CodeIgniter\BaseModel->findAll()
#8 C:\Users\Adasi\Documents\Project_food\app\Controllers\Produto.php(65): App\Models\ProdutoModel->exibeOpcoesProdutosParaCustomizar()
#9 C:\Users\Adasi\Documents\Project_food\system\CodeIgniter.php(825): App\Controllers\Produto->customizar()
#10 C:\Users\Adasi\Documents\Project_food\system\CodeIgniter.php(412): CodeIgniter\CodeIgniter->runController()
#11 C:\Users\Adasi\Documents\Project_food\system\CodeIgniter.php(320): CodeIgniter\CodeIgniter->handleRequest()
#12 C:\Users\Adasi\Documents\Project_food\public\index.php(37): CodeIgniter\CodeIgniter->run()
#13 C:\Users\Adasi\Documents\Project_food\system\Commands\Server\rewrite.php(43): require_once('C:\\Users\\Adasi\\...')
#14 {main}
CRITICAL - 2022-05-05 16:28:31 --> pg_query(): Query failed: ERROR:  missing FROM-clause entry for table &quot;produto&quot;
LINE 8: GROUP BY &quot;produtos&quot;.&quot;nome&quot;, &quot;produto&quot;.&quot;id&quot;
                                    ^
#0 [internal function]: CodeIgniter\Debug\Exceptions->errorHandler()
#1 C:\Users\Adasi\Documents\Project_food\system\Database\Postgre\Connection.php(135): pg_query()
#2 C:\Users\Adasi\Documents\Project_food\system\Database\BaseConnection.php(670): CodeIgniter\Database\Postgre\Connection->execute()
#3 C:\Users\Adasi\Documents\Project_food\system\Database\BaseConnection.php(598): CodeIgniter\Database\BaseConnection->simpleQuery()
#4 C:\Users\Adasi\Documents\Project_food\system\Database\BaseBuilder.php(1455): CodeIgniter\Database\BaseConnection->query()
#5 C:\Users\Adasi\Documents\Project_food\system\Model.php(183): CodeIgniter\Database\BaseBuilder->get()
#6 C:\Users\Adasi\Documents\Project_food\system\BaseModel.php(584): CodeIgniter\Model->doFindAll()
#7 C:\Users\Adasi\Documents\Project_food\app\Models\ProdutoModel.php(137): CodeIgniter\BaseModel->findAll()
#8 C:\Users\Adasi\Documents\Project_food\app\Controllers\Produto.php(65): App\Models\ProdutoModel->exibeOpcoesProdutosParaCustomizar()
#9 C:\Users\Adasi\Documents\Project_food\system\CodeIgniter.php(825): App\Controllers\Produto->customizar()
#10 C:\Users\Adasi\Documents\Project_food\system\CodeIgniter.php(412): CodeIgniter\CodeIgniter->runController()
#11 C:\Users\Adasi\Documents\Project_food\system\CodeIgniter.php(320): CodeIgniter\CodeIgniter->handleRequest()
#12 C:\Users\Adasi\Documents\Project_food\public\index.php(37): CodeIgniter\CodeIgniter->run()
#13 C:\Users\Adasi\Documents\Project_food\system\Commands\Server\rewrite.php(43): require_once('C:\\Users\\Adasi\\...')
#14 {main}
