CRITICAL - 2022-02-24 06:45:45 --> Arquivo inválido: testeci4.php
#0 C:\Users\Adasi\Documents\Project_food\system\View\View.php(198): CodeIgniter\Exceptions\FrameworkException::forInvalidFile()
#1 C:\Users\Adasi\Documents\Project_food\system\Common.php(1089): CodeIgniter\View\View->render()
#2 C:\Users\Adasi\Documents\Project_food\app\Controllers\Home.php(9): view()
#3 C:\Users\Adasi\Documents\Project_food\system\CodeIgniter.php(825): App\Controllers\Home->index()
#4 C:\Users\Adasi\Documents\Project_food\system\CodeIgniter.php(412): CodeIgniter\CodeIgniter->runController()
#5 C:\Users\Adasi\Documents\Project_food\system\CodeIgniter.php(320): CodeIgniter\CodeIgniter->handleRequest()
#6 C:\Users\Adasi\Documents\Project_food\public\index.php(37): CodeIgniter\CodeIgniter->run()
#7 C:\Users\Adasi\Documents\Project_food\system\Commands\Server\rewrite.php(43): require_once('C:\\Users\\Adasi\\...')
#8 {main}
CRITICAL - 2022-02-24 07:51:37 --> Arquivo inválido: testeci4.php
#0 C:\Users\Adasi\Documents\Project_food\system\View\View.php(198): CodeIgniter\Exceptions\FrameworkException::forInvalidFile()
#1 C:\Users\Adasi\Documents\Project_food\system\Common.php(1089): CodeIgniter\View\View->render()
#2 C:\Users\Adasi\Documents\Project_food\app\Controllers\Home.php(9): view()
#3 C:\Users\Adasi\Documents\Project_food\system\CodeIgniter.php(825): App\Controllers\Home->index()
#4 C:\Users\Adasi\Documents\Project_food\system\CodeIgniter.php(412): CodeIgniter\CodeIgniter->runController()
#5 C:\Users\Adasi\Documents\Project_food\system\CodeIgniter.php(320): CodeIgniter\CodeIgniter->handleRequest()
#6 C:\Users\Adasi\Documents\Project_food\public\index.php(37): CodeIgniter\CodeIgniter->run()
#7 C:\Users\Adasi\Documents\Project_food\system\Commands\Server\rewrite.php(43): require_once('C:\\Users\\Adasi\\...')
#8 {main}
CRITICAL - 2022-02-24 07:52:28 --> Arquivo inválido: testeci4.php
#0 C:\Users\Adasi\Documents\Project_food\system\View\View.php(198): CodeIgniter\Exceptions\FrameworkException::forInvalidFile()
#1 C:\Users\Adasi\Documents\Project_food\system\Common.php(1089): CodeIgniter\View\View->render()
#2 C:\Users\Adasi\Documents\Project_food\app\Controllers\Home.php(9): view()
#3 C:\Users\Adasi\Documents\Project_food\system\CodeIgniter.php(825): App\Controllers\Home->index()
#4 C:\Users\Adasi\Documents\Project_food\system\CodeIgniter.php(412): CodeIgniter\CodeIgniter->runController()
#5 C:\Users\Adasi\Documents\Project_food\system\CodeIgniter.php(320): CodeIgniter\CodeIgniter->handleRequest()
#6 C:\Users\Adasi\Documents\Project_food\public\index.php(37): CodeIgniter\CodeIgniter->run()
#7 C:\Users\Adasi\Documents\Project_food\system\Commands\Server\rewrite.php(43): require_once('C:\\Users\\Adasi\\...')
#8 {main}
CRITICAL - 2022-02-24 07:52:38 --> Arquivo inválido: testeci4.php
#0 C:\Users\Adasi\Documents\Project_food\system\View\View.php(198): CodeIgniter\Exceptions\FrameworkException::forInvalidFile()
#1 C:\Users\Adasi\Documents\Project_food\system\Common.php(1089): CodeIgniter\View\View->render()
#2 C:\Users\Adasi\Documents\Project_food\app\Controllers\Home.php(9): view()
#3 C:\Users\Adasi\Documents\Project_food\system\CodeIgniter.php(825): App\Controllers\Home->index()
#4 C:\Users\Adasi\Documents\Project_food\system\CodeIgniter.php(412): CodeIgniter\CodeIgniter->runController()
#5 C:\Users\Adasi\Documents\Project_food\system\CodeIgniter.php(320): CodeIgniter\CodeIgniter->handleRequest()
#6 C:\Users\Adasi\Documents\Project_food\public\index.php(37): CodeIgniter\CodeIgniter->run()
#7 C:\Users\Adasi\Documents\Project_food\system\Commands\Server\rewrite.php(43): require_once('C:\\Users\\Adasi\\...')
#8 {main}
CRITICAL - 2022-02-24 08:40:21 --> Class 'App\Filter\Throttle' not found
#0 C:\Users\Adasi\Documents\Project_food\system\CodeIgniter.php(386): CodeIgniter\Filters\Filters->run()
#1 C:\Users\Adasi\Documents\Project_food\system\CodeIgniter.php(320): CodeIgniter\CodeIgniter->handleRequest()
#2 C:\Users\Adasi\Documents\Project_food\public\index.php(37): CodeIgniter\CodeIgniter->run()
#3 C:\Users\Adasi\Documents\Project_food\system\Commands\Server\rewrite.php(43): require_once('C:\\Users\\Adasi\\...')
#4 {main}
CRITICAL - 2022-02-24 08:40:41 --> Class 'App\Filter\Throttle' not found
#0 C:\Users\Adasi\Documents\Project_food\system\CodeIgniter.php(386): CodeIgniter\Filters\Filters->run()
#1 C:\Users\Adasi\Documents\Project_food\system\CodeIgniter.php(320): CodeIgniter\CodeIgniter->handleRequest()
#2 C:\Users\Adasi\Documents\Project_food\public\index.php(37): CodeIgniter\CodeIgniter->run()
#3 C:\Users\Adasi\Documents\Project_food\system\Commands\Server\rewrite.php(43): require_once('C:\\Users\\Adasi\\...')
#4 {main}
CRITICAL - 2022-02-24 08:40:51 --> O filtro throttle deve ter um alias correspondente definido.
#0 C:\Users\Adasi\Documents\Project_food\system\Filters\Filters.php(493): CodeIgniter\Filters\Exceptions\FilterException::forNoAlias()
#1 C:\Users\Adasi\Documents\Project_food\system\Filters\Filters.php(243): CodeIgniter\Filters\Filters->processAliasesToClass()
#2 C:\Users\Adasi\Documents\Project_food\system\Filters\Filters.php(163): CodeIgniter\Filters\Filters->initialize()
#3 C:\Users\Adasi\Documents\Project_food\system\CodeIgniter.php(386): CodeIgniter\Filters\Filters->run()
#4 C:\Users\Adasi\Documents\Project_food\system\CodeIgniter.php(320): CodeIgniter\CodeIgniter->handleRequest()
#5 C:\Users\Adasi\Documents\Project_food\public\index.php(37): CodeIgniter\CodeIgniter->run()
#6 C:\Users\Adasi\Documents\Project_food\system\Commands\Server\rewrite.php(43): require_once('C:\\Users\\Adasi\\...')
#7 {main}
CRITICAL - 2022-02-24 08:41:07 --> Class 'App\Filter\Throttle' not found
#0 C:\Users\Adasi\Documents\Project_food\system\CodeIgniter.php(386): CodeIgniter\Filters\Filters->run()
#1 C:\Users\Adasi\Documents\Project_food\system\CodeIgniter.php(320): CodeIgniter\CodeIgniter->handleRequest()
#2 C:\Users\Adasi\Documents\Project_food\public\index.php(37): CodeIgniter\CodeIgniter->run()
#3 C:\Users\Adasi\Documents\Project_food\system\Commands\Server\rewrite.php(43): require_once('C:\\Users\\Adasi\\...')
#4 {main}
CRITICAL - 2022-02-24 08:41:32 --> Class 'App\Filter\Throttle' not found
#0 C:\Users\Adasi\Documents\Project_food\system\CodeIgniter.php(386): CodeIgniter\Filters\Filters->run()
#1 C:\Users\Adasi\Documents\Project_food\system\CodeIgniter.php(320): CodeIgniter\CodeIgniter->handleRequest()
#2 C:\Users\Adasi\Documents\Project_food\public\index.php(37): CodeIgniter\CodeIgniter->run()
#3 C:\Users\Adasi\Documents\Project_food\system\Commands\Server\rewrite.php(43): require_once('C:\\Users\\Adasi\\...')
#4 {main}
CRITICAL - 2022-02-24 08:42:41 --> O filtro throttle deve ter um alias correspondente definido.
#0 C:\Users\Adasi\Documents\Project_food\system\Filters\Filters.php(493): CodeIgniter\Filters\Exceptions\FilterException::forNoAlias()
#1 C:\Users\Adasi\Documents\Project_food\system\Filters\Filters.php(243): CodeIgniter\Filters\Filters->processAliasesToClass()
#2 C:\Users\Adasi\Documents\Project_food\system\Filters\Filters.php(163): CodeIgniter\Filters\Filters->initialize()
#3 C:\Users\Adasi\Documents\Project_food\system\CodeIgniter.php(386): CodeIgniter\Filters\Filters->run()
#4 C:\Users\Adasi\Documents\Project_food\system\CodeIgniter.php(320): CodeIgniter\CodeIgniter->handleRequest()
#5 C:\Users\Adasi\Documents\Project_food\public\index.php(37): CodeIgniter\CodeIgniter->run()
#6 C:\Users\Adasi\Documents\Project_food\system\Commands\Server\rewrite.php(43): require_once('C:\\Users\\Adasi\\...')
#7 {main}
CRITICAL - 2022-02-24 08:43:13 --> O filtro throttle deve ter um alias correspondente definido.
#0 C:\Users\Adasi\Documents\Project_food\system\Filters\Filters.php(493): CodeIgniter\Filters\Exceptions\FilterException::forNoAlias()
#1 C:\Users\Adasi\Documents\Project_food\system\Filters\Filters.php(243): CodeIgniter\Filters\Filters->processAliasesToClass()
#2 C:\Users\Adasi\Documents\Project_food\system\Filters\Filters.php(163): CodeIgniter\Filters\Filters->initialize()
#3 C:\Users\Adasi\Documents\Project_food\system\CodeIgniter.php(386): CodeIgniter\Filters\Filters->run()
#4 C:\Users\Adasi\Documents\Project_food\system\CodeIgniter.php(320): CodeIgniter\CodeIgniter->handleRequest()
#5 C:\Users\Adasi\Documents\Project_food\public\index.php(37): CodeIgniter\CodeIgniter->run()
#6 C:\Users\Adasi\Documents\Project_food\system\Commands\Server\rewrite.php(43): require_once('C:\\Users\\Adasi\\...')
#7 {main}
CRITICAL - 2022-02-24 11:29:31 --> Arquivo inválido: testeci4.php
#0 C:\Users\Adasi\Documents\Project_food\system\View\View.php(198): CodeIgniter\Exceptions\FrameworkException::forInvalidFile()
#1 C:\Users\Adasi\Documents\Project_food\system\Common.php(1089): CodeIgniter\View\View->render()
#2 C:\Users\Adasi\Documents\Project_food\app\Controllers\Home.php(9): view()
#3 C:\Users\Adasi\Documents\Project_food\system\CodeIgniter.php(825): App\Controllers\Home->index()
#4 C:\Users\Adasi\Documents\Project_food\system\CodeIgniter.php(412): CodeIgniter\CodeIgniter->runController()
#5 C:\Users\Adasi\Documents\Project_food\system\CodeIgniter.php(320): CodeIgniter\CodeIgniter->handleRequest()
#6 C:\Users\Adasi\Documents\Project_food\public\index.php(37): CodeIgniter\CodeIgniter->run()
#7 C:\Users\Adasi\Documents\Project_food\system\Commands\Server\rewrite.php(43): require_once('C:\\Users\\Adasi\\...')
#8 {main}
