CRITICAL - 2022-05-25 09:33:51 --> finfo::file(C:\Users\Adasi\Documents\Project_food\writable\uploads/produtos/teste): failed to open stream: No such file or directory
#0 [internal function]: CodeIgniter\Debug\Exceptions->errorHandler()
#1 C:\Users\Adasi\Documents\Project_food\app\Controllers\Produto.php(227): finfo->file()
#2 C:\Users\Adasi\Documents\Project_food\system\CodeIgniter.php(825): App\Controllers\Produto->imagem()
#3 C:\Users\Adasi\Documents\Project_food\system\CodeIgniter.php(412): CodeIgniter\CodeIgniter->runController()
#4 C:\Users\Adasi\Documents\Project_food\system\CodeIgniter.php(320): CodeIgniter\CodeIgniter->handleRequest()
#5 C:\Users\Adasi\Documents\Project_food\public\index.php(37): CodeIgniter\CodeIgniter->run()
#6 C:\Users\Adasi\Documents\Project_food\system\Commands\Server\rewrite.php(43): require_once('C:\\Users\\Adasi\\...')
#7 {main}
CRITICAL - 2022-05-25 09:38:16 --> Argument 1 passed to App\Models\ProdutoModel::buscaProdutoOu404() must be of the type int or null, string given, called in C:\Users\Adasi\Documents\Project_food\app\Controllers\Admin\Produtos.php on line 122
#0 C:\Users\Adasi\Documents\Project_food\app\Controllers\Admin\Produtos.php(122): App\Models\ProdutoModel->buscaProdutoOu404()
#1 C:\Users\Adasi\Documents\Project_food\system\CodeIgniter.php(825): App\Controllers\Admin\Produtos->show()
#2 C:\Users\Adasi\Documents\Project_food\system\CodeIgniter.php(412): CodeIgniter\CodeIgniter->runController()
#3 C:\Users\Adasi\Documents\Project_food\system\CodeIgniter.php(320): CodeIgniter\CodeIgniter->handleRequest()
#4 C:\Users\Adasi\Documents\Project_food\public\index.php(37): CodeIgniter\CodeIgniter->run()
#5 C:\Users\Adasi\Documents\Project_food\system\Commands\Server\rewrite.php(43): require_once('C:\\Users\\Adasi\\...')
#6 {main}
CRITICAL - 2022-05-25 09:38:16 --> Argument 1 passed to App\Models\ProdutoModel::buscaProdutoOu404() must be of the type int or null, string given, called in C:\Users\Adasi\Documents\Project_food\app\Controllers\Admin\Produtos.php on line 122
#0 C:\Users\Adasi\Documents\Project_food\app\Controllers\Admin\Produtos.php(122): App\Models\ProdutoModel->buscaProdutoOu404()
#1 C:\Users\Adasi\Documents\Project_food\system\CodeIgniter.php(825): App\Controllers\Admin\Produtos->show()
#2 C:\Users\Adasi\Documents\Project_food\system\CodeIgniter.php(412): CodeIgniter\CodeIgniter->runController()
#3 C:\Users\Adasi\Documents\Project_food\system\CodeIgniter.php(320): CodeIgniter\CodeIgniter->handleRequest()
#4 C:\Users\Adasi\Documents\Project_food\public\index.php(37): CodeIgniter\CodeIgniter->run()
#5 C:\Users\Adasi\Documents\Project_food\system\Commands\Server\rewrite.php(43): require_once('C:\\Users\\Adasi\\...')
#6 {main}
CRITICAL - 2022-05-25 09:38:17 --> Argument 1 passed to App\Models\ProdutoModel::buscaProdutoOu404() must be of the type int or null, string given, called in C:\Users\Adasi\Documents\Project_food\app\Controllers\Admin\Produtos.php on line 122
#0 C:\Users\Adasi\Documents\Project_food\app\Controllers\Admin\Produtos.php(122): App\Models\ProdutoModel->buscaProdutoOu404()
#1 C:\Users\Adasi\Documents\Project_food\system\CodeIgniter.php(825): App\Controllers\Admin\Produtos->show()
#2 C:\Users\Adasi\Documents\Project_food\system\CodeIgniter.php(412): CodeIgniter\CodeIgniter->runController()
#3 C:\Users\Adasi\Documents\Project_food\system\CodeIgniter.php(320): CodeIgniter\CodeIgniter->handleRequest()
#4 C:\Users\Adasi\Documents\Project_food\public\index.php(37): CodeIgniter\CodeIgniter->run()
#5 C:\Users\Adasi\Documents\Project_food\system\Commands\Server\rewrite.php(43): require_once('C:\\Users\\Adasi\\...')
#6 {main}
CRITICAL - 2022-05-25 09:38:18 --> Argument 1 passed to App\Models\ProdutoModel::buscaProdutoOu404() must be of the type int or null, string given, called in C:\Users\Adasi\Documents\Project_food\app\Controllers\Admin\Produtos.php on line 122
#0 C:\Users\Adasi\Documents\Project_food\app\Controllers\Admin\Produtos.php(122): App\Models\ProdutoModel->buscaProdutoOu404()
#1 C:\Users\Adasi\Documents\Project_food\system\CodeIgniter.php(825): App\Controllers\Admin\Produtos->show()
#2 C:\Users\Adasi\Documents\Project_food\system\CodeIgniter.php(412): CodeIgniter\CodeIgniter->runController()
#3 C:\Users\Adasi\Documents\Project_food\system\CodeIgniter.php(320): CodeIgniter\CodeIgniter->handleRequest()
#4 C:\Users\Adasi\Documents\Project_food\public\index.php(37): CodeIgniter\CodeIgniter->run()
#5 C:\Users\Adasi\Documents\Project_food\system\Commands\Server\rewrite.php(43): require_once('C:\\Users\\Adasi\\...')
#6 {main}
CRITICAL - 2022-05-25 09:38:19 --> finfo::file(C:\Users\Adasi\Documents\Project_food\writable\uploads/produtos/teste): failed to open stream: No such file or directory
#0 [internal function]: CodeIgniter\Debug\Exceptions->errorHandler()
#1 C:\Users\Adasi\Documents\Project_food\app\Controllers\Admin\Produtos.php(486): finfo->file()
#2 C:\Users\Adasi\Documents\Project_food\system\CodeIgniter.php(825): App\Controllers\Admin\Produtos->imagem()
#3 C:\Users\Adasi\Documents\Project_food\system\CodeIgniter.php(412): CodeIgniter\CodeIgniter->runController()
#4 C:\Users\Adasi\Documents\Project_food\system\CodeIgniter.php(320): CodeIgniter\CodeIgniter->handleRequest()
#5 C:\Users\Adasi\Documents\Project_food\public\index.php(37): CodeIgniter\CodeIgniter->run()
#6 C:\Users\Adasi\Documents\Project_food\system\Commands\Server\rewrite.php(43): require_once('C:\\Users\\Adasi\\...')
#7 {main}
CRITICAL - 2022-05-25 09:38:20 --> Argument 1 passed to App\Models\ProdutoModel::buscaProdutoOu404() must be of the type int or null, string given, called in C:\Users\Adasi\Documents\Project_food\app\Controllers\Admin\Produtos.php on line 122
#0 C:\Users\Adasi\Documents\Project_food\app\Controllers\Admin\Produtos.php(122): App\Models\ProdutoModel->buscaProdutoOu404()
#1 C:\Users\Adasi\Documents\Project_food\system\CodeIgniter.php(825): App\Controllers\Admin\Produtos->show()
#2 C:\Users\Adasi\Documents\Project_food\system\CodeIgniter.php(412): CodeIgniter\CodeIgniter->runController()
#3 C:\Users\Adasi\Documents\Project_food\system\CodeIgniter.php(320): CodeIgniter\CodeIgniter->handleRequest()
#4 C:\Users\Adasi\Documents\Project_food\public\index.php(37): CodeIgniter\CodeIgniter->run()
#5 C:\Users\Adasi\Documents\Project_food\system\Commands\Server\rewrite.php(43): require_once('C:\\Users\\Adasi\\...')
#6 {main}
CRITICAL - 2022-05-25 09:38:20 --> Argument 1 passed to App\Models\ProdutoModel::buscaProdutoOu404() must be of the type int or null, string given, called in C:\Users\Adasi\Documents\Project_food\app\Controllers\Admin\Produtos.php on line 122
#0 C:\Users\Adasi\Documents\Project_food\app\Controllers\Admin\Produtos.php(122): App\Models\ProdutoModel->buscaProdutoOu404()
#1 C:\Users\Adasi\Documents\Project_food\system\CodeIgniter.php(825): App\Controllers\Admin\Produtos->show()
#2 C:\Users\Adasi\Documents\Project_food\system\CodeIgniter.php(412): CodeIgniter\CodeIgniter->runController()
#3 C:\Users\Adasi\Documents\Project_food\system\CodeIgniter.php(320): CodeIgniter\CodeIgniter->handleRequest()
#4 C:\Users\Adasi\Documents\Project_food\public\index.php(37): CodeIgniter\CodeIgniter->run()
#5 C:\Users\Adasi\Documents\Project_food\system\Commands\Server\rewrite.php(43): require_once('C:\\Users\\Adasi\\...')
#6 {main}
CRITICAL - 2022-05-25 09:45:18 --> Argument 1 passed to App\Controllers\Admin\Produtos::buscaProdutoOu404() must be of the type int or null, string given, called in C:\Users\Adasi\Documents\Project_food\app\Controllers\Admin\Produtos.php on line 381
#0 C:\Users\Adasi\Documents\Project_food\app\Controllers\Admin\Produtos.php(381): App\Controllers\Admin\Produtos->buscaProdutoOu404()
#1 C:\Users\Adasi\Documents\Project_food\system\CodeIgniter.php(825): App\Controllers\Admin\Produtos->editarImagem()
#2 C:\Users\Adasi\Documents\Project_food\system\CodeIgniter.php(412): CodeIgniter\CodeIgniter->runController()
#3 C:\Users\Adasi\Documents\Project_food\system\CodeIgniter.php(320): CodeIgniter\CodeIgniter->handleRequest()
#4 C:\Users\Adasi\Documents\Project_food\public\index.php(37): CodeIgniter\CodeIgniter->run()
#5 C:\Users\Adasi\Documents\Project_food\system\Commands\Server\rewrite.php(43): require_once('C:\\Users\\Adasi\\...')
#6 {main}
CRITICAL - 2022-05-25 09:45:19 --> Argument 1 passed to App\Controllers\Admin\Produtos::buscaProdutoOu404() must be of the type int or null, string given, called in C:\Users\Adasi\Documents\Project_food\app\Controllers\Admin\Produtos.php on line 381
#0 C:\Users\Adasi\Documents\Project_food\app\Controllers\Admin\Produtos.php(381): App\Controllers\Admin\Produtos->buscaProdutoOu404()
#1 C:\Users\Adasi\Documents\Project_food\system\CodeIgniter.php(825): App\Controllers\Admin\Produtos->editarImagem()
#2 C:\Users\Adasi\Documents\Project_food\system\CodeIgniter.php(412): CodeIgniter\CodeIgniter->runController()
#3 C:\Users\Adasi\Documents\Project_food\system\CodeIgniter.php(320): CodeIgniter\CodeIgniter->handleRequest()
#4 C:\Users\Adasi\Documents\Project_food\public\index.php(37): CodeIgniter\CodeIgniter->run()
#5 C:\Users\Adasi\Documents\Project_food\system\Commands\Server\rewrite.php(43): require_once('C:\\Users\\Adasi\\...')
#6 {main}
CRITICAL - 2022-05-25 09:45:19 --> Argument 1 passed to App\Controllers\Admin\Produtos::buscaProdutoOu404() must be of the type int or null, string given, called in C:\Users\Adasi\Documents\Project_food\app\Controllers\Admin\Produtos.php on line 381
#0 C:\Users\Adasi\Documents\Project_food\app\Controllers\Admin\Produtos.php(381): App\Controllers\Admin\Produtos->buscaProdutoOu404()
#1 C:\Users\Adasi\Documents\Project_food\system\CodeIgniter.php(825): App\Controllers\Admin\Produtos->editarImagem()
#2 C:\Users\Adasi\Documents\Project_food\system\CodeIgniter.php(412): CodeIgniter\CodeIgniter->runController()
#3 C:\Users\Adasi\Documents\Project_food\system\CodeIgniter.php(320): CodeIgniter\CodeIgniter->handleRequest()
#4 C:\Users\Adasi\Documents\Project_food\public\index.php(37): CodeIgniter\CodeIgniter->run()
#5 C:\Users\Adasi\Documents\Project_food\system\Commands\Server\rewrite.php(43): require_once('C:\\Users\\Adasi\\...')
#6 {main}
CRITICAL - 2022-05-25 09:45:20 --> Argument 1 passed to App\Controllers\Admin\Produtos::buscaProdutoOu404() must be of the type int or null, string given, called in C:\Users\Adasi\Documents\Project_food\app\Controllers\Admin\Produtos.php on line 381
#0 C:\Users\Adasi\Documents\Project_food\app\Controllers\Admin\Produtos.php(381): App\Controllers\Admin\Produtos->buscaProdutoOu404()
#1 C:\Users\Adasi\Documents\Project_food\system\CodeIgniter.php(825): App\Controllers\Admin\Produtos->editarImagem()
#2 C:\Users\Adasi\Documents\Project_food\system\CodeIgniter.php(412): CodeIgniter\CodeIgniter->runController()
#3 C:\Users\Adasi\Documents\Project_food\system\CodeIgniter.php(320): CodeIgniter\CodeIgniter->handleRequest()
#4 C:\Users\Adasi\Documents\Project_food\public\index.php(37): CodeIgniter\CodeIgniter->run()
#5 C:\Users\Adasi\Documents\Project_food\system\Commands\Server\rewrite.php(43): require_once('C:\\Users\\Adasi\\...')
#6 {main}
CRITICAL - 2022-05-25 09:45:22 --> Argument 1 passed to App\Controllers\Admin\Produtos::buscaProdutoOu404() must be of the type int or null, string given, called in C:\Users\Adasi\Documents\Project_food\app\Controllers\Admin\Produtos.php on line 381
#0 C:\Users\Adasi\Documents\Project_food\app\Controllers\Admin\Produtos.php(381): App\Controllers\Admin\Produtos->buscaProdutoOu404()
#1 C:\Users\Adasi\Documents\Project_food\system\CodeIgniter.php(825): App\Controllers\Admin\Produtos->editarImagem()
#2 C:\Users\Adasi\Documents\Project_food\system\CodeIgniter.php(412): CodeIgniter\CodeIgniter->runController()
#3 C:\Users\Adasi\Documents\Project_food\system\CodeIgniter.php(320): CodeIgniter\CodeIgniter->handleRequest()
#4 C:\Users\Adasi\Documents\Project_food\public\index.php(37): CodeIgniter\CodeIgniter->run()
#5 C:\Users\Adasi\Documents\Project_food\system\Commands\Server\rewrite.php(43): require_once('C:\\Users\\Adasi\\...')
#6 {main}
CRITICAL - 2022-05-25 09:45:22 --> Argument 1 passed to App\Controllers\Admin\Produtos::buscaProdutoOu404() must be of the type int or null, string given, called in C:\Users\Adasi\Documents\Project_food\app\Controllers\Admin\Produtos.php on line 381
#0 C:\Users\Adasi\Documents\Project_food\app\Controllers\Admin\Produtos.php(381): App\Controllers\Admin\Produtos->buscaProdutoOu404()
#1 C:\Users\Adasi\Documents\Project_food\system\CodeIgniter.php(825): App\Controllers\Admin\Produtos->editarImagem()
#2 C:\Users\Adasi\Documents\Project_food\system\CodeIgniter.php(412): CodeIgniter\CodeIgniter->runController()
#3 C:\Users\Adasi\Documents\Project_food\system\CodeIgniter.php(320): CodeIgniter\CodeIgniter->handleRequest()
#4 C:\Users\Adasi\Documents\Project_food\public\index.php(37): CodeIgniter\CodeIgniter->run()
#5 C:\Users\Adasi\Documents\Project_food\system\Commands\Server\rewrite.php(43): require_once('C:\\Users\\Adasi\\...')
#6 {main}
CRITICAL - 2022-05-25 09:45:30 --> Argument 1 passed to App\Models\ProdutoModel::buscaProdutoOu404() must be of the type int or null, string given, called in C:\Users\Adasi\Documents\Project_food\app\Controllers\Admin\Produtos.php on line 122
#0 C:\Users\Adasi\Documents\Project_food\app\Controllers\Admin\Produtos.php(122): App\Models\ProdutoModel->buscaProdutoOu404()
#1 C:\Users\Adasi\Documents\Project_food\system\CodeIgniter.php(825): App\Controllers\Admin\Produtos->show()
#2 C:\Users\Adasi\Documents\Project_food\system\CodeIgniter.php(412): CodeIgniter\CodeIgniter->runController()
#3 C:\Users\Adasi\Documents\Project_food\system\CodeIgniter.php(320): CodeIgniter\CodeIgniter->handleRequest()
#4 C:\Users\Adasi\Documents\Project_food\public\index.php(37): CodeIgniter\CodeIgniter->run()
#5 C:\Users\Adasi\Documents\Project_food\system\Commands\Server\rewrite.php(43): require_once('C:\\Users\\Adasi\\...')
#6 {main}
CRITICAL - 2022-05-25 09:45:31 --> Argument 1 passed to App\Models\ProdutoModel::buscaProdutoOu404() must be of the type int or null, string given, called in C:\Users\Adasi\Documents\Project_food\app\Controllers\Admin\Produtos.php on line 122
#0 C:\Users\Adasi\Documents\Project_food\app\Controllers\Admin\Produtos.php(122): App\Models\ProdutoModel->buscaProdutoOu404()
#1 C:\Users\Adasi\Documents\Project_food\system\CodeIgniter.php(825): App\Controllers\Admin\Produtos->show()
#2 C:\Users\Adasi\Documents\Project_food\system\CodeIgniter.php(412): CodeIgniter\CodeIgniter->runController()
#3 C:\Users\Adasi\Documents\Project_food\system\CodeIgniter.php(320): CodeIgniter\CodeIgniter->handleRequest()
#4 C:\Users\Adasi\Documents\Project_food\public\index.php(37): CodeIgniter\CodeIgniter->run()
#5 C:\Users\Adasi\Documents\Project_food\system\Commands\Server\rewrite.php(43): require_once('C:\\Users\\Adasi\\...')
#6 {main}
CRITICAL - 2022-05-25 09:45:31 --> Argument 1 passed to App\Models\ProdutoModel::buscaProdutoOu404() must be of the type int or null, string given, called in C:\Users\Adasi\Documents\Project_food\app\Controllers\Admin\Produtos.php on line 122
#0 C:\Users\Adasi\Documents\Project_food\app\Controllers\Admin\Produtos.php(122): App\Models\ProdutoModel->buscaProdutoOu404()
#1 C:\Users\Adasi\Documents\Project_food\system\CodeIgniter.php(825): App\Controllers\Admin\Produtos->show()
#2 C:\Users\Adasi\Documents\Project_food\system\CodeIgniter.php(412): CodeIgniter\CodeIgniter->runController()
#3 C:\Users\Adasi\Documents\Project_food\system\CodeIgniter.php(320): CodeIgniter\CodeIgniter->handleRequest()
#4 C:\Users\Adasi\Documents\Project_food\public\index.php(37): CodeIgniter\CodeIgniter->run()
#5 C:\Users\Adasi\Documents\Project_food\system\Commands\Server\rewrite.php(43): require_once('C:\\Users\\Adasi\\...')
#6 {main}
CRITICAL - 2022-05-25 09:45:32 --> Argument 1 passed to App\Models\ProdutoModel::buscaProdutoOu404() must be of the type int or null, string given, called in C:\Users\Adasi\Documents\Project_food\app\Controllers\Admin\Produtos.php on line 122
#0 C:\Users\Adasi\Documents\Project_food\app\Controllers\Admin\Produtos.php(122): App\Models\ProdutoModel->buscaProdutoOu404()
#1 C:\Users\Adasi\Documents\Project_food\system\CodeIgniter.php(825): App\Controllers\Admin\Produtos->show()
#2 C:\Users\Adasi\Documents\Project_food\system\CodeIgniter.php(412): CodeIgniter\CodeIgniter->runController()
#3 C:\Users\Adasi\Documents\Project_food\system\CodeIgniter.php(320): CodeIgniter\CodeIgniter->handleRequest()
#4 C:\Users\Adasi\Documents\Project_food\public\index.php(37): CodeIgniter\CodeIgniter->run()
#5 C:\Users\Adasi\Documents\Project_food\system\Commands\Server\rewrite.php(43): require_once('C:\\Users\\Adasi\\...')
#6 {main}
CRITICAL - 2022-05-25 09:45:33 --> Argument 1 passed to App\Models\ProdutoModel::buscaProdutoOu404() must be of the type int or null, string given, called in C:\Users\Adasi\Documents\Project_food\app\Controllers\Admin\Produtos.php on line 122
#0 C:\Users\Adasi\Documents\Project_food\app\Controllers\Admin\Produtos.php(122): App\Models\ProdutoModel->buscaProdutoOu404()
#1 C:\Users\Adasi\Documents\Project_food\system\CodeIgniter.php(825): App\Controllers\Admin\Produtos->show()
#2 C:\Users\Adasi\Documents\Project_food\system\CodeIgniter.php(412): CodeIgniter\CodeIgniter->runController()
#3 C:\Users\Adasi\Documents\Project_food\system\CodeIgniter.php(320): CodeIgniter\CodeIgniter->handleRequest()
#4 C:\Users\Adasi\Documents\Project_food\public\index.php(37): CodeIgniter\CodeIgniter->run()
#5 C:\Users\Adasi\Documents\Project_food\system\Commands\Server\rewrite.php(43): require_once('C:\\Users\\Adasi\\...')
#6 {main}
CRITICAL - 2022-05-25 09:45:33 --> Argument 1 passed to App\Models\ProdutoModel::buscaProdutoOu404() must be of the type int or null, string given, called in C:\Users\Adasi\Documents\Project_food\app\Controllers\Admin\Produtos.php on line 122
#0 C:\Users\Adasi\Documents\Project_food\app\Controllers\Admin\Produtos.php(122): App\Models\ProdutoModel->buscaProdutoOu404()
#1 C:\Users\Adasi\Documents\Project_food\system\CodeIgniter.php(825): App\Controllers\Admin\Produtos->show()
#2 C:\Users\Adasi\Documents\Project_food\system\CodeIgniter.php(412): CodeIgniter\CodeIgniter->runController()
#3 C:\Users\Adasi\Documents\Project_food\system\CodeIgniter.php(320): CodeIgniter\CodeIgniter->handleRequest()
#4 C:\Users\Adasi\Documents\Project_food\public\index.php(37): CodeIgniter\CodeIgniter->run()
#5 C:\Users\Adasi\Documents\Project_food\system\Commands\Server\rewrite.php(43): require_once('C:\\Users\\Adasi\\...')
#6 {main}
CRITICAL - 2022-05-25 23:22:14 --> Argument 1 passed to App\Models\ProdutoModel::buscaProdutoOu404() must be of the type int or null, string given, called in C:\Users\bets1\Food\app\Controllers\Admin\Produtos.php on line 122
#0 C:\Users\bets1\Food\app\Controllers\Admin\Produtos.php(122): App\Models\ProdutoModel->buscaProdutoOu404()
#1 C:\Users\bets1\Food\system\CodeIgniter.php(825): App\Controllers\Admin\Produtos->show()
#2 C:\Users\bets1\Food\system\CodeIgniter.php(412): CodeIgniter\CodeIgniter->runController()
#3 C:\Users\bets1\Food\system\CodeIgniter.php(320): CodeIgniter\CodeIgniter->handleRequest()
#4 C:\Users\bets1\Food\public\index.php(37): CodeIgniter\CodeIgniter->run()
#5 C:\Users\bets1\Food\system\Commands\Server\rewrite.php(43): require_once('C:\\Users\\bets1\\...')
#6 {main}
CRITICAL - 2022-05-25 23:22:14 --> Argument 1 passed to App\Models\ProdutoModel::buscaProdutoOu404() must be of the type int or null, string given, called in C:\Users\bets1\Food\app\Controllers\Admin\Produtos.php on line 122
#0 C:\Users\bets1\Food\app\Controllers\Admin\Produtos.php(122): App\Models\ProdutoModel->buscaProdutoOu404()
#1 C:\Users\bets1\Food\system\CodeIgniter.php(825): App\Controllers\Admin\Produtos->show()
#2 C:\Users\bets1\Food\system\CodeIgniter.php(412): CodeIgniter\CodeIgniter->runController()
#3 C:\Users\bets1\Food\system\CodeIgniter.php(320): CodeIgniter\CodeIgniter->handleRequest()
#4 C:\Users\bets1\Food\public\index.php(37): CodeIgniter\CodeIgniter->run()
#5 C:\Users\bets1\Food\system\Commands\Server\rewrite.php(43): require_once('C:\\Users\\bets1\\...')
#6 {main}
CRITICAL - 2022-05-25 23:22:14 --> Argument 1 passed to App\Models\ProdutoModel::buscaProdutoOu404() must be of the type int or null, string given, called in C:\Users\bets1\Food\app\Controllers\Admin\Produtos.php on line 122
#0 C:\Users\bets1\Food\app\Controllers\Admin\Produtos.php(122): App\Models\ProdutoModel->buscaProdutoOu404()
#1 C:\Users\bets1\Food\system\CodeIgniter.php(825): App\Controllers\Admin\Produtos->show()
#2 C:\Users\bets1\Food\system\CodeIgniter.php(412): CodeIgniter\CodeIgniter->runController()
#3 C:\Users\bets1\Food\system\CodeIgniter.php(320): CodeIgniter\CodeIgniter->handleRequest()
#4 C:\Users\bets1\Food\public\index.php(37): CodeIgniter\CodeIgniter->run()
#5 C:\Users\bets1\Food\system\Commands\Server\rewrite.php(43): require_once('C:\\Users\\bets1\\...')
#6 {main}
CRITICAL - 2022-05-25 23:22:14 --> Argument 1 passed to App\Models\ProdutoModel::buscaProdutoOu404() must be of the type int or null, string given, called in C:\Users\bets1\Food\app\Controllers\Admin\Produtos.php on line 122
#0 C:\Users\bets1\Food\app\Controllers\Admin\Produtos.php(122): App\Models\ProdutoModel->buscaProdutoOu404()
#1 C:\Users\bets1\Food\system\CodeIgniter.php(825): App\Controllers\Admin\Produtos->show()
#2 C:\Users\bets1\Food\system\CodeIgniter.php(412): CodeIgniter\CodeIgniter->runController()
#3 C:\Users\bets1\Food\system\CodeIgniter.php(320): CodeIgniter\CodeIgniter->handleRequest()
#4 C:\Users\bets1\Food\public\index.php(37): CodeIgniter\CodeIgniter->run()
#5 C:\Users\bets1\Food\system\Commands\Server\rewrite.php(43): require_once('C:\\Users\\bets1\\...')
#6 {main}
CRITICAL - 2022-05-25 23:22:14 --> Argument 1 passed to App\Models\ProdutoModel::buscaProdutoOu404() must be of the type int or null, string given, called in C:\Users\bets1\Food\app\Controllers\Admin\Produtos.php on line 122
#0 C:\Users\bets1\Food\app\Controllers\Admin\Produtos.php(122): App\Models\ProdutoModel->buscaProdutoOu404()
#1 C:\Users\bets1\Food\system\CodeIgniter.php(825): App\Controllers\Admin\Produtos->show()
#2 C:\Users\bets1\Food\system\CodeIgniter.php(412): CodeIgniter\CodeIgniter->runController()
#3 C:\Users\bets1\Food\system\CodeIgniter.php(320): CodeIgniter\CodeIgniter->handleRequest()
#4 C:\Users\bets1\Food\public\index.php(37): CodeIgniter\CodeIgniter->run()
#5 C:\Users\bets1\Food\system\Commands\Server\rewrite.php(43): require_once('C:\\Users\\bets1\\...')
#6 {main}
CRITICAL - 2022-05-25 23:22:15 --> Argument 1 passed to App\Models\ProdutoModel::buscaProdutoOu404() must be of the type int or null, string given, called in C:\Users\bets1\Food\app\Controllers\Admin\Produtos.php on line 122
#0 C:\Users\bets1\Food\app\Controllers\Admin\Produtos.php(122): App\Models\ProdutoModel->buscaProdutoOu404()
#1 C:\Users\bets1\Food\system\CodeIgniter.php(825): App\Controllers\Admin\Produtos->show()
#2 C:\Users\bets1\Food\system\CodeIgniter.php(412): CodeIgniter\CodeIgniter->runController()
#3 C:\Users\bets1\Food\system\CodeIgniter.php(320): CodeIgniter\CodeIgniter->handleRequest()
#4 C:\Users\bets1\Food\public\index.php(37): CodeIgniter\CodeIgniter->run()
#5 C:\Users\bets1\Food\system\Commands\Server\rewrite.php(43): require_once('C:\\Users\\bets1\\...')
#6 {main}
CRITICAL - 2022-05-25 23:22:17 --> Argument 1 passed to App\Controllers\Admin\Produtos::buscaProdutoOu404() must be of the type int or null, string given, called in C:\Users\bets1\Food\app\Controllers\Admin\Produtos.php on line 70
#0 C:\Users\bets1\Food\app\Controllers\Admin\Produtos.php(70): App\Controllers\Admin\Produtos->buscaProdutoOu404()
#1 C:\Users\bets1\Food\system\CodeIgniter.php(825): App\Controllers\Admin\Produtos->editar()
#2 C:\Users\bets1\Food\system\CodeIgniter.php(412): CodeIgniter\CodeIgniter->runController()
#3 C:\Users\bets1\Food\system\CodeIgniter.php(320): CodeIgniter\CodeIgniter->handleRequest()
#4 C:\Users\bets1\Food\public\index.php(37): CodeIgniter\CodeIgniter->run()
#5 C:\Users\bets1\Food\system\Commands\Server\rewrite.php(43): require_once('C:\\Users\\bets1\\...')
#6 {main}
CRITICAL - 2022-05-25 23:22:17 --> Argument 1 passed to App\Controllers\Admin\Produtos::buscaProdutoOu404() must be of the type int or null, string given, called in C:\Users\bets1\Food\app\Controllers\Admin\Produtos.php on line 70
#0 C:\Users\bets1\Food\app\Controllers\Admin\Produtos.php(70): App\Controllers\Admin\Produtos->buscaProdutoOu404()
#1 C:\Users\bets1\Food\system\CodeIgniter.php(825): App\Controllers\Admin\Produtos->editar()
#2 C:\Users\bets1\Food\system\CodeIgniter.php(412): CodeIgniter\CodeIgniter->runController()
#3 C:\Users\bets1\Food\system\CodeIgniter.php(320): CodeIgniter\CodeIgniter->handleRequest()
#4 C:\Users\bets1\Food\public\index.php(37): CodeIgniter\CodeIgniter->run()
#5 C:\Users\bets1\Food\system\Commands\Server\rewrite.php(43): require_once('C:\\Users\\bets1\\...')
#6 {main}
CRITICAL - 2022-05-25 23:22:17 --> Argument 1 passed to App\Controllers\Admin\Produtos::buscaProdutoOu404() must be of the type int or null, string given, called in C:\Users\bets1\Food\app\Controllers\Admin\Produtos.php on line 70
#0 C:\Users\bets1\Food\app\Controllers\Admin\Produtos.php(70): App\Controllers\Admin\Produtos->buscaProdutoOu404()
#1 C:\Users\bets1\Food\system\CodeIgniter.php(825): App\Controllers\Admin\Produtos->editar()
#2 C:\Users\bets1\Food\system\CodeIgniter.php(412): CodeIgniter\CodeIgniter->runController()
#3 C:\Users\bets1\Food\system\CodeIgniter.php(320): CodeIgniter\CodeIgniter->handleRequest()
#4 C:\Users\bets1\Food\public\index.php(37): CodeIgniter\CodeIgniter->run()
#5 C:\Users\bets1\Food\system\Commands\Server\rewrite.php(43): require_once('C:\\Users\\bets1\\...')
#6 {main}
CRITICAL - 2022-05-25 23:22:18 --> Argument 1 passed to App\Controllers\Admin\Produtos::buscaProdutoOu404() must be of the type int or null, string given, called in C:\Users\bets1\Food\app\Controllers\Admin\Produtos.php on line 70
#0 C:\Users\bets1\Food\app\Controllers\Admin\Produtos.php(70): App\Controllers\Admin\Produtos->buscaProdutoOu404()
#1 C:\Users\bets1\Food\system\CodeIgniter.php(825): App\Controllers\Admin\Produtos->editar()
#2 C:\Users\bets1\Food\system\CodeIgniter.php(412): CodeIgniter\CodeIgniter->runController()
#3 C:\Users\bets1\Food\system\CodeIgniter.php(320): CodeIgniter\CodeIgniter->handleRequest()
#4 C:\Users\bets1\Food\public\index.php(37): CodeIgniter\CodeIgniter->run()
#5 C:\Users\bets1\Food\system\Commands\Server\rewrite.php(43): require_once('C:\\Users\\bets1\\...')
#6 {main}
CRITICAL - 2022-05-25 23:22:18 --> Argument 1 passed to App\Controllers\Admin\Produtos::buscaProdutoOu404() must be of the type int or null, string given, called in C:\Users\bets1\Food\app\Controllers\Admin\Produtos.php on line 70
#0 C:\Users\bets1\Food\app\Controllers\Admin\Produtos.php(70): App\Controllers\Admin\Produtos->buscaProdutoOu404()
#1 C:\Users\bets1\Food\system\CodeIgniter.php(825): App\Controllers\Admin\Produtos->editar()
#2 C:\Users\bets1\Food\system\CodeIgniter.php(412): CodeIgniter\CodeIgniter->runController()
#3 C:\Users\bets1\Food\system\CodeIgniter.php(320): CodeIgniter\CodeIgniter->handleRequest()
#4 C:\Users\bets1\Food\public\index.php(37): CodeIgniter\CodeIgniter->run()
#5 C:\Users\bets1\Food\system\Commands\Server\rewrite.php(43): require_once('C:\\Users\\bets1\\...')
#6 {main}
CRITICAL - 2022-05-25 23:22:18 --> Argument 1 passed to App\Controllers\Admin\Produtos::buscaProdutoOu404() must be of the type int or null, string given, called in C:\Users\bets1\Food\app\Controllers\Admin\Produtos.php on line 70
#0 C:\Users\bets1\Food\app\Controllers\Admin\Produtos.php(70): App\Controllers\Admin\Produtos->buscaProdutoOu404()
#1 C:\Users\bets1\Food\system\CodeIgniter.php(825): App\Controllers\Admin\Produtos->editar()
#2 C:\Users\bets1\Food\system\CodeIgniter.php(412): CodeIgniter\CodeIgniter->runController()
#3 C:\Users\bets1\Food\system\CodeIgniter.php(320): CodeIgniter\CodeIgniter->handleRequest()
#4 C:\Users\bets1\Food\public\index.php(37): CodeIgniter\CodeIgniter->run()
#5 C:\Users\bets1\Food\system\Commands\Server\rewrite.php(43): require_once('C:\\Users\\bets1\\...')
#6 {main}
CRITICAL - 2022-05-25 23:22:23 --> Argument 1 passed to App\Models\ProdutoModel::buscaProdutoOu404() must be of the type int or null, string given, called in C:\Users\bets1\Food\app\Controllers\Admin\Produtos.php on line 122
#0 C:\Users\bets1\Food\app\Controllers\Admin\Produtos.php(122): App\Models\ProdutoModel->buscaProdutoOu404()
#1 C:\Users\bets1\Food\system\CodeIgniter.php(825): App\Controllers\Admin\Produtos->show()
#2 C:\Users\bets1\Food\system\CodeIgniter.php(412): CodeIgniter\CodeIgniter->runController()
#3 C:\Users\bets1\Food\system\CodeIgniter.php(320): CodeIgniter\CodeIgniter->handleRequest()
#4 C:\Users\bets1\Food\public\index.php(37): CodeIgniter\CodeIgniter->run()
#5 C:\Users\bets1\Food\system\Commands\Server\rewrite.php(43): require_once('C:\\Users\\bets1\\...')
#6 {main}
CRITICAL - 2022-05-25 23:22:23 --> Argument 1 passed to App\Models\ProdutoModel::buscaProdutoOu404() must be of the type int or null, string given, called in C:\Users\bets1\Food\app\Controllers\Admin\Produtos.php on line 122
#0 C:\Users\bets1\Food\app\Controllers\Admin\Produtos.php(122): App\Models\ProdutoModel->buscaProdutoOu404()
#1 C:\Users\bets1\Food\system\CodeIgniter.php(825): App\Controllers\Admin\Produtos->show()
#2 C:\Users\bets1\Food\system\CodeIgniter.php(412): CodeIgniter\CodeIgniter->runController()
#3 C:\Users\bets1\Food\system\CodeIgniter.php(320): CodeIgniter\CodeIgniter->handleRequest()
#4 C:\Users\bets1\Food\public\index.php(37): CodeIgniter\CodeIgniter->run()
#5 C:\Users\bets1\Food\system\Commands\Server\rewrite.php(43): require_once('C:\\Users\\bets1\\...')
#6 {main}
CRITICAL - 2022-05-25 23:22:24 --> Argument 1 passed to App\Models\ProdutoModel::buscaProdutoOu404() must be of the type int or null, string given, called in C:\Users\bets1\Food\app\Controllers\Admin\Produtos.php on line 122
#0 C:\Users\bets1\Food\app\Controllers\Admin\Produtos.php(122): App\Models\ProdutoModel->buscaProdutoOu404()
#1 C:\Users\bets1\Food\system\CodeIgniter.php(825): App\Controllers\Admin\Produtos->show()
#2 C:\Users\bets1\Food\system\CodeIgniter.php(412): CodeIgniter\CodeIgniter->runController()
#3 C:\Users\bets1\Food\system\CodeIgniter.php(320): CodeIgniter\CodeIgniter->handleRequest()
#4 C:\Users\bets1\Food\public\index.php(37): CodeIgniter\CodeIgniter->run()
#5 C:\Users\bets1\Food\system\Commands\Server\rewrite.php(43): require_once('C:\\Users\\bets1\\...')
#6 {main}
CRITICAL - 2022-05-25 23:22:24 --> Argument 1 passed to App\Models\ProdutoModel::buscaProdutoOu404() must be of the type int or null, string given, called in C:\Users\bets1\Food\app\Controllers\Admin\Produtos.php on line 122
#0 C:\Users\bets1\Food\app\Controllers\Admin\Produtos.php(122): App\Models\ProdutoModel->buscaProdutoOu404()
#1 C:\Users\bets1\Food\system\CodeIgniter.php(825): App\Controllers\Admin\Produtos->show()
#2 C:\Users\bets1\Food\system\CodeIgniter.php(412): CodeIgniter\CodeIgniter->runController()
#3 C:\Users\bets1\Food\system\CodeIgniter.php(320): CodeIgniter\CodeIgniter->handleRequest()
#4 C:\Users\bets1\Food\public\index.php(37): CodeIgniter\CodeIgniter->run()
#5 C:\Users\bets1\Food\system\Commands\Server\rewrite.php(43): require_once('C:\\Users\\bets1\\...')
#6 {main}
CRITICAL - 2022-05-25 23:22:24 --> Argument 1 passed to App\Models\ProdutoModel::buscaProdutoOu404() must be of the type int or null, string given, called in C:\Users\bets1\Food\app\Controllers\Admin\Produtos.php on line 122
#0 C:\Users\bets1\Food\app\Controllers\Admin\Produtos.php(122): App\Models\ProdutoModel->buscaProdutoOu404()
#1 C:\Users\bets1\Food\system\CodeIgniter.php(825): App\Controllers\Admin\Produtos->show()
#2 C:\Users\bets1\Food\system\CodeIgniter.php(412): CodeIgniter\CodeIgniter->runController()
#3 C:\Users\bets1\Food\system\CodeIgniter.php(320): CodeIgniter\CodeIgniter->handleRequest()
#4 C:\Users\bets1\Food\public\index.php(37): CodeIgniter\CodeIgniter->run()
#5 C:\Users\bets1\Food\system\Commands\Server\rewrite.php(43): require_once('C:\\Users\\bets1\\...')
#6 {main}
CRITICAL - 2022-05-25 23:22:24 --> Argument 1 passed to App\Models\ProdutoModel::buscaProdutoOu404() must be of the type int or null, string given, called in C:\Users\bets1\Food\app\Controllers\Admin\Produtos.php on line 122
#0 C:\Users\bets1\Food\app\Controllers\Admin\Produtos.php(122): App\Models\ProdutoModel->buscaProdutoOu404()
#1 C:\Users\bets1\Food\system\CodeIgniter.php(825): App\Controllers\Admin\Produtos->show()
#2 C:\Users\bets1\Food\system\CodeIgniter.php(412): CodeIgniter\CodeIgniter->runController()
#3 C:\Users\bets1\Food\system\CodeIgniter.php(320): CodeIgniter\CodeIgniter->handleRequest()
#4 C:\Users\bets1\Food\public\index.php(37): CodeIgniter\CodeIgniter->run()
#5 C:\Users\bets1\Food\system\Commands\Server\rewrite.php(43): require_once('C:\\Users\\bets1\\...')
#6 {main}
CRITICAL - 2022-05-25 23:22:25 --> Argument 1 passed to App\Controllers\Admin\Produtos::buscaProdutoOu404() must be of the type int or null, string given, called in C:\Users\bets1\Food\app\Controllers\Admin\Produtos.php on line 240
#0 C:\Users\bets1\Food\app\Controllers\Admin\Produtos.php(240): App\Controllers\Admin\Produtos->buscaProdutoOu404()
#1 C:\Users\bets1\Food\system\CodeIgniter.php(825): App\Controllers\Admin\Produtos->especificacoes()
#2 C:\Users\bets1\Food\system\CodeIgniter.php(412): CodeIgniter\CodeIgniter->runController()
#3 C:\Users\bets1\Food\system\CodeIgniter.php(320): CodeIgniter\CodeIgniter->handleRequest()
#4 C:\Users\bets1\Food\public\index.php(37): CodeIgniter\CodeIgniter->run()
#5 C:\Users\bets1\Food\system\Commands\Server\rewrite.php(43): require_once('C:\\Users\\bets1\\...')
#6 {main}
CRITICAL - 2022-05-25 23:22:25 --> Argument 1 passed to App\Controllers\Admin\Produtos::buscaProdutoOu404() must be of the type int or null, string given, called in C:\Users\bets1\Food\app\Controllers\Admin\Produtos.php on line 240
#0 C:\Users\bets1\Food\app\Controllers\Admin\Produtos.php(240): App\Controllers\Admin\Produtos->buscaProdutoOu404()
#1 C:\Users\bets1\Food\system\CodeIgniter.php(825): App\Controllers\Admin\Produtos->especificacoes()
#2 C:\Users\bets1\Food\system\CodeIgniter.php(412): CodeIgniter\CodeIgniter->runController()
#3 C:\Users\bets1\Food\system\CodeIgniter.php(320): CodeIgniter\CodeIgniter->handleRequest()
#4 C:\Users\bets1\Food\public\index.php(37): CodeIgniter\CodeIgniter->run()
#5 C:\Users\bets1\Food\system\Commands\Server\rewrite.php(43): require_once('C:\\Users\\bets1\\...')
#6 {main}
CRITICAL - 2022-05-25 23:22:26 --> Argument 1 passed to App\Controllers\Admin\Produtos::buscaProdutoOu404() must be of the type int or null, string given, called in C:\Users\bets1\Food\app\Controllers\Admin\Produtos.php on line 240
#0 C:\Users\bets1\Food\app\Controllers\Admin\Produtos.php(240): App\Controllers\Admin\Produtos->buscaProdutoOu404()
#1 C:\Users\bets1\Food\system\CodeIgniter.php(825): App\Controllers\Admin\Produtos->especificacoes()
#2 C:\Users\bets1\Food\system\CodeIgniter.php(412): CodeIgniter\CodeIgniter->runController()
#3 C:\Users\bets1\Food\system\CodeIgniter.php(320): CodeIgniter\CodeIgniter->handleRequest()
#4 C:\Users\bets1\Food\public\index.php(37): CodeIgniter\CodeIgniter->run()
#5 C:\Users\bets1\Food\system\Commands\Server\rewrite.php(43): require_once('C:\\Users\\bets1\\...')
#6 {main}
CRITICAL - 2022-05-25 23:22:26 --> Argument 1 passed to App\Controllers\Admin\Produtos::buscaProdutoOu404() must be of the type int or null, string given, called in C:\Users\bets1\Food\app\Controllers\Admin\Produtos.php on line 240
#0 C:\Users\bets1\Food\app\Controllers\Admin\Produtos.php(240): App\Controllers\Admin\Produtos->buscaProdutoOu404()
#1 C:\Users\bets1\Food\system\CodeIgniter.php(825): App\Controllers\Admin\Produtos->especificacoes()
#2 C:\Users\bets1\Food\system\CodeIgniter.php(412): CodeIgniter\CodeIgniter->runController()
#3 C:\Users\bets1\Food\system\CodeIgniter.php(320): CodeIgniter\CodeIgniter->handleRequest()
#4 C:\Users\bets1\Food\public\index.php(37): CodeIgniter\CodeIgniter->run()
#5 C:\Users\bets1\Food\system\Commands\Server\rewrite.php(43): require_once('C:\\Users\\bets1\\...')
#6 {main}
CRITICAL - 2022-05-25 23:22:26 --> Argument 1 passed to App\Controllers\Admin\Produtos::buscaProdutoOu404() must be of the type int or null, string given, called in C:\Users\bets1\Food\app\Controllers\Admin\Produtos.php on line 240
#0 C:\Users\bets1\Food\app\Controllers\Admin\Produtos.php(240): App\Controllers\Admin\Produtos->buscaProdutoOu404()
#1 C:\Users\bets1\Food\system\CodeIgniter.php(825): App\Controllers\Admin\Produtos->especificacoes()
#2 C:\Users\bets1\Food\system\CodeIgniter.php(412): CodeIgniter\CodeIgniter->runController()
#3 C:\Users\bets1\Food\system\CodeIgniter.php(320): CodeIgniter\CodeIgniter->handleRequest()
#4 C:\Users\bets1\Food\public\index.php(37): CodeIgniter\CodeIgniter->run()
#5 C:\Users\bets1\Food\system\Commands\Server\rewrite.php(43): require_once('C:\\Users\\bets1\\...')
#6 {main}
CRITICAL - 2022-05-25 23:22:26 --> Argument 1 passed to App\Controllers\Admin\Produtos::buscaProdutoOu404() must be of the type int or null, string given, called in C:\Users\bets1\Food\app\Controllers\Admin\Produtos.php on line 240
#0 C:\Users\bets1\Food\app\Controllers\Admin\Produtos.php(240): App\Controllers\Admin\Produtos->buscaProdutoOu404()
#1 C:\Users\bets1\Food\system\CodeIgniter.php(825): App\Controllers\Admin\Produtos->especificacoes()
#2 C:\Users\bets1\Food\system\CodeIgniter.php(412): CodeIgniter\CodeIgniter->runController()
#3 C:\Users\bets1\Food\system\CodeIgniter.php(320): CodeIgniter\CodeIgniter->handleRequest()
#4 C:\Users\bets1\Food\public\index.php(37): CodeIgniter\CodeIgniter->run()
#5 C:\Users\bets1\Food\system\Commands\Server\rewrite.php(43): require_once('C:\\Users\\bets1\\...')
#6 {main}
CRITICAL - 2022-05-25 23:22:36 --> Argument 1 passed to App\Controllers\Admin\Produtos::buscaProdutoOu404() must be of the type int or null, string given, called in C:\Users\bets1\Food\app\Controllers\Admin\Produtos.php on line 296
#0 C:\Users\bets1\Food\app\Controllers\Admin\Produtos.php(296): App\Controllers\Admin\Produtos->buscaProdutoOu404()
#1 C:\Users\bets1\Food\system\CodeIgniter.php(825): App\Controllers\Admin\Produtos->excluirEspecificacao()
#2 C:\Users\bets1\Food\system\CodeIgniter.php(412): CodeIgniter\CodeIgniter->runController()
#3 C:\Users\bets1\Food\system\CodeIgniter.php(320): CodeIgniter\CodeIgniter->handleRequest()
#4 C:\Users\bets1\Food\public\index.php(37): CodeIgniter\CodeIgniter->run()
#5 C:\Users\bets1\Food\system\Commands\Server\rewrite.php(43): require_once('C:\\Users\\bets1\\...')
#6 {main}
CRITICAL - 2022-05-25 23:22:36 --> Argument 1 passed to App\Controllers\Admin\Produtos::buscaProdutoOu404() must be of the type int or null, string given, called in C:\Users\bets1\Food\app\Controllers\Admin\Produtos.php on line 296
#0 C:\Users\bets1\Food\app\Controllers\Admin\Produtos.php(296): App\Controllers\Admin\Produtos->buscaProdutoOu404()
#1 C:\Users\bets1\Food\system\CodeIgniter.php(825): App\Controllers\Admin\Produtos->excluirEspecificacao()
#2 C:\Users\bets1\Food\system\CodeIgniter.php(412): CodeIgniter\CodeIgniter->runController()
#3 C:\Users\bets1\Food\system\CodeIgniter.php(320): CodeIgniter\CodeIgniter->handleRequest()
#4 C:\Users\bets1\Food\public\index.php(37): CodeIgniter\CodeIgniter->run()
#5 C:\Users\bets1\Food\system\Commands\Server\rewrite.php(43): require_once('C:\\Users\\bets1\\...')
#6 {main}
CRITICAL - 2022-05-25 23:22:36 --> Argument 1 passed to App\Controllers\Admin\Produtos::buscaProdutoOu404() must be of the type int or null, string given, called in C:\Users\bets1\Food\app\Controllers\Admin\Produtos.php on line 296
#0 C:\Users\bets1\Food\app\Controllers\Admin\Produtos.php(296): App\Controllers\Admin\Produtos->buscaProdutoOu404()
#1 C:\Users\bets1\Food\system\CodeIgniter.php(825): App\Controllers\Admin\Produtos->excluirEspecificacao()
#2 C:\Users\bets1\Food\system\CodeIgniter.php(412): CodeIgniter\CodeIgniter->runController()
#3 C:\Users\bets1\Food\system\CodeIgniter.php(320): CodeIgniter\CodeIgniter->handleRequest()
#4 C:\Users\bets1\Food\public\index.php(37): CodeIgniter\CodeIgniter->run()
#5 C:\Users\bets1\Food\system\Commands\Server\rewrite.php(43): require_once('C:\\Users\\bets1\\...')
#6 {main}
CRITICAL - 2022-05-25 23:22:36 --> Argument 1 passed to App\Controllers\Admin\Produtos::buscaProdutoOu404() must be of the type int or null, string given, called in C:\Users\bets1\Food\app\Controllers\Admin\Produtos.php on line 296
#0 C:\Users\bets1\Food\app\Controllers\Admin\Produtos.php(296): App\Controllers\Admin\Produtos->buscaProdutoOu404()
#1 C:\Users\bets1\Food\system\CodeIgniter.php(825): App\Controllers\Admin\Produtos->excluirEspecificacao()
#2 C:\Users\bets1\Food\system\CodeIgniter.php(412): CodeIgniter\CodeIgniter->runController()
#3 C:\Users\bets1\Food\system\CodeIgniter.php(320): CodeIgniter\CodeIgniter->handleRequest()
#4 C:\Users\bets1\Food\public\index.php(37): CodeIgniter\CodeIgniter->run()
#5 C:\Users\bets1\Food\system\Commands\Server\rewrite.php(43): require_once('C:\\Users\\bets1\\...')
#6 {main}
CRITICAL - 2022-05-25 23:22:36 --> Argument 1 passed to App\Controllers\Admin\Produtos::buscaProdutoOu404() must be of the type int or null, string given, called in C:\Users\bets1\Food\app\Controllers\Admin\Produtos.php on line 296
#0 C:\Users\bets1\Food\app\Controllers\Admin\Produtos.php(296): App\Controllers\Admin\Produtos->buscaProdutoOu404()
#1 C:\Users\bets1\Food\system\CodeIgniter.php(825): App\Controllers\Admin\Produtos->excluirEspecificacao()
#2 C:\Users\bets1\Food\system\CodeIgniter.php(412): CodeIgniter\CodeIgniter->runController()
#3 C:\Users\bets1\Food\system\CodeIgniter.php(320): CodeIgniter\CodeIgniter->handleRequest()
#4 C:\Users\bets1\Food\public\index.php(37): CodeIgniter\CodeIgniter->run()
#5 C:\Users\bets1\Food\system\Commands\Server\rewrite.php(43): require_once('C:\\Users\\bets1\\...')
#6 {main}
CRITICAL - 2022-05-25 23:22:36 --> Argument 1 passed to App\Controllers\Admin\Produtos::buscaProdutoOu404() must be of the type int or null, string given, called in C:\Users\bets1\Food\app\Controllers\Admin\Produtos.php on line 296
#0 C:\Users\bets1\Food\app\Controllers\Admin\Produtos.php(296): App\Controllers\Admin\Produtos->buscaProdutoOu404()
#1 C:\Users\bets1\Food\system\CodeIgniter.php(825): App\Controllers\Admin\Produtos->excluirEspecificacao()
#2 C:\Users\bets1\Food\system\CodeIgniter.php(412): CodeIgniter\CodeIgniter->runController()
#3 C:\Users\bets1\Food\system\CodeIgniter.php(320): CodeIgniter\CodeIgniter->handleRequest()
#4 C:\Users\bets1\Food\public\index.php(37): CodeIgniter\CodeIgniter->run()
#5 C:\Users\bets1\Food\system\Commands\Server\rewrite.php(43): require_once('C:\\Users\\bets1\\...')
#6 {main}
CRITICAL - 2022-05-25 23:22:38 --> Argument 1 passed to App\Controllers\Admin\Produtos::buscaProdutoOu404() must be of the type int or null, string given, called in C:\Users\bets1\Food\app\Controllers\Admin\Produtos.php on line 240
#0 C:\Users\bets1\Food\app\Controllers\Admin\Produtos.php(240): App\Controllers\Admin\Produtos->buscaProdutoOu404()
#1 C:\Users\bets1\Food\system\CodeIgniter.php(825): App\Controllers\Admin\Produtos->especificacoes()
#2 C:\Users\bets1\Food\system\CodeIgniter.php(412): CodeIgniter\CodeIgniter->runController()
#3 C:\Users\bets1\Food\system\CodeIgniter.php(320): CodeIgniter\CodeIgniter->handleRequest()
#4 C:\Users\bets1\Food\public\index.php(37): CodeIgniter\CodeIgniter->run()
#5 C:\Users\bets1\Food\system\Commands\Server\rewrite.php(43): require_once('C:\\Users\\bets1\\...')
#6 {main}
CRITICAL - 2022-05-25 23:22:38 --> Argument 1 passed to App\Controllers\Admin\Produtos::buscaProdutoOu404() must be of the type int or null, string given, called in C:\Users\bets1\Food\app\Controllers\Admin\Produtos.php on line 240
#0 C:\Users\bets1\Food\app\Controllers\Admin\Produtos.php(240): App\Controllers\Admin\Produtos->buscaProdutoOu404()
#1 C:\Users\bets1\Food\system\CodeIgniter.php(825): App\Controllers\Admin\Produtos->especificacoes()
#2 C:\Users\bets1\Food\system\CodeIgniter.php(412): CodeIgniter\CodeIgniter->runController()
#3 C:\Users\bets1\Food\system\CodeIgniter.php(320): CodeIgniter\CodeIgniter->handleRequest()
#4 C:\Users\bets1\Food\public\index.php(37): CodeIgniter\CodeIgniter->run()
#5 C:\Users\bets1\Food\system\Commands\Server\rewrite.php(43): require_once('C:\\Users\\bets1\\...')
#6 {main}
CRITICAL - 2022-05-25 23:22:38 --> Argument 1 passed to App\Controllers\Admin\Produtos::buscaProdutoOu404() must be of the type int or null, string given, called in C:\Users\bets1\Food\app\Controllers\Admin\Produtos.php on line 240
#0 C:\Users\bets1\Food\app\Controllers\Admin\Produtos.php(240): App\Controllers\Admin\Produtos->buscaProdutoOu404()
#1 C:\Users\bets1\Food\system\CodeIgniter.php(825): App\Controllers\Admin\Produtos->especificacoes()
#2 C:\Users\bets1\Food\system\CodeIgniter.php(412): CodeIgniter\CodeIgniter->runController()
#3 C:\Users\bets1\Food\system\CodeIgniter.php(320): CodeIgniter\CodeIgniter->handleRequest()
#4 C:\Users\bets1\Food\public\index.php(37): CodeIgniter\CodeIgniter->run()
#5 C:\Users\bets1\Food\system\Commands\Server\rewrite.php(43): require_once('C:\\Users\\bets1\\...')
#6 {main}
CRITICAL - 2022-05-25 23:22:38 --> Argument 1 passed to App\Controllers\Admin\Produtos::buscaProdutoOu404() must be of the type int or null, string given, called in C:\Users\bets1\Food\app\Controllers\Admin\Produtos.php on line 240
#0 C:\Users\bets1\Food\app\Controllers\Admin\Produtos.php(240): App\Controllers\Admin\Produtos->buscaProdutoOu404()
#1 C:\Users\bets1\Food\system\CodeIgniter.php(825): App\Controllers\Admin\Produtos->especificacoes()
#2 C:\Users\bets1\Food\system\CodeIgniter.php(412): CodeIgniter\CodeIgniter->runController()
#3 C:\Users\bets1\Food\system\CodeIgniter.php(320): CodeIgniter\CodeIgniter->handleRequest()
#4 C:\Users\bets1\Food\public\index.php(37): CodeIgniter\CodeIgniter->run()
#5 C:\Users\bets1\Food\system\Commands\Server\rewrite.php(43): require_once('C:\\Users\\bets1\\...')
#6 {main}
CRITICAL - 2022-05-25 23:22:38 --> Argument 1 passed to App\Controllers\Admin\Produtos::buscaProdutoOu404() must be of the type int or null, string given, called in C:\Users\bets1\Food\app\Controllers\Admin\Produtos.php on line 240
#0 C:\Users\bets1\Food\app\Controllers\Admin\Produtos.php(240): App\Controllers\Admin\Produtos->buscaProdutoOu404()
#1 C:\Users\bets1\Food\system\CodeIgniter.php(825): App\Controllers\Admin\Produtos->especificacoes()
#2 C:\Users\bets1\Food\system\CodeIgniter.php(412): CodeIgniter\CodeIgniter->runController()
#3 C:\Users\bets1\Food\system\CodeIgniter.php(320): CodeIgniter\CodeIgniter->handleRequest()
#4 C:\Users\bets1\Food\public\index.php(37): CodeIgniter\CodeIgniter->run()
#5 C:\Users\bets1\Food\system\Commands\Server\rewrite.php(43): require_once('C:\\Users\\bets1\\...')
#6 {main}
CRITICAL - 2022-05-25 23:22:38 --> Argument 1 passed to App\Controllers\Admin\Produtos::buscaProdutoOu404() must be of the type int or null, string given, called in C:\Users\bets1\Food\app\Controllers\Admin\Produtos.php on line 240
#0 C:\Users\bets1\Food\app\Controllers\Admin\Produtos.php(240): App\Controllers\Admin\Produtos->buscaProdutoOu404()
#1 C:\Users\bets1\Food\system\CodeIgniter.php(825): App\Controllers\Admin\Produtos->especificacoes()
#2 C:\Users\bets1\Food\system\CodeIgniter.php(412): CodeIgniter\CodeIgniter->runController()
#3 C:\Users\bets1\Food\system\CodeIgniter.php(320): CodeIgniter\CodeIgniter->handleRequest()
#4 C:\Users\bets1\Food\public\index.php(37): CodeIgniter\CodeIgniter->run()
#5 C:\Users\bets1\Food\system\Commands\Server\rewrite.php(43): require_once('C:\\Users\\bets1\\...')
#6 {main}
CRITICAL - 2022-05-25 23:23:05 --> Argument 1 passed to App\Controllers\Admin\Produtos::buscaProdutoOu404() must be of the type int or null, string given, called in C:\Users\bets1\Food\app\Controllers\Admin\Produtos.php on line 296
#0 C:\Users\bets1\Food\app\Controllers\Admin\Produtos.php(296): App\Controllers\Admin\Produtos->buscaProdutoOu404()
#1 C:\Users\bets1\Food\system\CodeIgniter.php(825): App\Controllers\Admin\Produtos->excluirEspecificacao()
#2 C:\Users\bets1\Food\system\CodeIgniter.php(412): CodeIgniter\CodeIgniter->runController()
#3 C:\Users\bets1\Food\system\CodeIgniter.php(320): CodeIgniter\CodeIgniter->handleRequest()
#4 C:\Users\bets1\Food\public\index.php(37): CodeIgniter\CodeIgniter->run()
#5 C:\Users\bets1\Food\system\Commands\Server\rewrite.php(43): require_once('C:\\Users\\bets1\\...')
#6 {main}
CRITICAL - 2022-05-25 23:23:05 --> Argument 1 passed to App\Controllers\Admin\Produtos::buscaProdutoOu404() must be of the type int or null, string given, called in C:\Users\bets1\Food\app\Controllers\Admin\Produtos.php on line 296
#0 C:\Users\bets1\Food\app\Controllers\Admin\Produtos.php(296): App\Controllers\Admin\Produtos->buscaProdutoOu404()
#1 C:\Users\bets1\Food\system\CodeIgniter.php(825): App\Controllers\Admin\Produtos->excluirEspecificacao()
#2 C:\Users\bets1\Food\system\CodeIgniter.php(412): CodeIgniter\CodeIgniter->runController()
#3 C:\Users\bets1\Food\system\CodeIgniter.php(320): CodeIgniter\CodeIgniter->handleRequest()
#4 C:\Users\bets1\Food\public\index.php(37): CodeIgniter\CodeIgniter->run()
#5 C:\Users\bets1\Food\system\Commands\Server\rewrite.php(43): require_once('C:\\Users\\bets1\\...')
#6 {main}
CRITICAL - 2022-05-25 23:23:05 --> Argument 1 passed to App\Controllers\Admin\Produtos::buscaProdutoOu404() must be of the type int or null, string given, called in C:\Users\bets1\Food\app\Controllers\Admin\Produtos.php on line 296
#0 C:\Users\bets1\Food\app\Controllers\Admin\Produtos.php(296): App\Controllers\Admin\Produtos->buscaProdutoOu404()
#1 C:\Users\bets1\Food\system\CodeIgniter.php(825): App\Controllers\Admin\Produtos->excluirEspecificacao()
#2 C:\Users\bets1\Food\system\CodeIgniter.php(412): CodeIgniter\CodeIgniter->runController()
#3 C:\Users\bets1\Food\system\CodeIgniter.php(320): CodeIgniter\CodeIgniter->handleRequest()
#4 C:\Users\bets1\Food\public\index.php(37): CodeIgniter\CodeIgniter->run()
#5 C:\Users\bets1\Food\system\Commands\Server\rewrite.php(43): require_once('C:\\Users\\bets1\\...')
#6 {main}
CRITICAL - 2022-05-25 23:23:05 --> Argument 1 passed to App\Controllers\Admin\Produtos::buscaProdutoOu404() must be of the type int or null, string given, called in C:\Users\bets1\Food\app\Controllers\Admin\Produtos.php on line 296
#0 C:\Users\bets1\Food\app\Controllers\Admin\Produtos.php(296): App\Controllers\Admin\Produtos->buscaProdutoOu404()
#1 C:\Users\bets1\Food\system\CodeIgniter.php(825): App\Controllers\Admin\Produtos->excluirEspecificacao()
#2 C:\Users\bets1\Food\system\CodeIgniter.php(412): CodeIgniter\CodeIgniter->runController()
#3 C:\Users\bets1\Food\system\CodeIgniter.php(320): CodeIgniter\CodeIgniter->handleRequest()
#4 C:\Users\bets1\Food\public\index.php(37): CodeIgniter\CodeIgniter->run()
#5 C:\Users\bets1\Food\system\Commands\Server\rewrite.php(43): require_once('C:\\Users\\bets1\\...')
#6 {main}
CRITICAL - 2022-05-25 23:23:05 --> Argument 1 passed to App\Controllers\Admin\Produtos::buscaProdutoOu404() must be of the type int or null, string given, called in C:\Users\bets1\Food\app\Controllers\Admin\Produtos.php on line 296
#0 C:\Users\bets1\Food\app\Controllers\Admin\Produtos.php(296): App\Controllers\Admin\Produtos->buscaProdutoOu404()
#1 C:\Users\bets1\Food\system\CodeIgniter.php(825): App\Controllers\Admin\Produtos->excluirEspecificacao()
#2 C:\Users\bets1\Food\system\CodeIgniter.php(412): CodeIgniter\CodeIgniter->runController()
#3 C:\Users\bets1\Food\system\CodeIgniter.php(320): CodeIgniter\CodeIgniter->handleRequest()
#4 C:\Users\bets1\Food\public\index.php(37): CodeIgniter\CodeIgniter->run()
#5 C:\Users\bets1\Food\system\Commands\Server\rewrite.php(43): require_once('C:\\Users\\bets1\\...')
#6 {main}
CRITICAL - 2022-05-25 23:23:06 --> Argument 1 passed to App\Controllers\Admin\Produtos::buscaProdutoOu404() must be of the type int or null, string given, called in C:\Users\bets1\Food\app\Controllers\Admin\Produtos.php on line 296
#0 C:\Users\bets1\Food\app\Controllers\Admin\Produtos.php(296): App\Controllers\Admin\Produtos->buscaProdutoOu404()
#1 C:\Users\bets1\Food\system\CodeIgniter.php(825): App\Controllers\Admin\Produtos->excluirEspecificacao()
#2 C:\Users\bets1\Food\system\CodeIgniter.php(412): CodeIgniter\CodeIgniter->runController()
#3 C:\Users\bets1\Food\system\CodeIgniter.php(320): CodeIgniter\CodeIgniter->handleRequest()
#4 C:\Users\bets1\Food\public\index.php(37): CodeIgniter\CodeIgniter->run()
#5 C:\Users\bets1\Food\system\Commands\Server\rewrite.php(43): require_once('C:\\Users\\bets1\\...')
#6 {main}
CRITICAL - 2022-05-25 23:23:06 --> Argument 1 passed to App\Controllers\Admin\Produtos::buscaProdutoOu404() must be of the type int or null, string given, called in C:\Users\bets1\Food\app\Controllers\Admin\Produtos.php on line 240
#0 C:\Users\bets1\Food\app\Controllers\Admin\Produtos.php(240): App\Controllers\Admin\Produtos->buscaProdutoOu404()
#1 C:\Users\bets1\Food\system\CodeIgniter.php(825): App\Controllers\Admin\Produtos->especificacoes()
#2 C:\Users\bets1\Food\system\CodeIgniter.php(412): CodeIgniter\CodeIgniter->runController()
#3 C:\Users\bets1\Food\system\CodeIgniter.php(320): CodeIgniter\CodeIgniter->handleRequest()
#4 C:\Users\bets1\Food\public\index.php(37): CodeIgniter\CodeIgniter->run()
#5 C:\Users\bets1\Food\system\Commands\Server\rewrite.php(43): require_once('C:\\Users\\bets1\\...')
#6 {main}
CRITICAL - 2022-05-25 23:23:07 --> Argument 1 passed to App\Controllers\Admin\Produtos::buscaProdutoOu404() must be of the type int or null, string given, called in C:\Users\bets1\Food\app\Controllers\Admin\Produtos.php on line 240
#0 C:\Users\bets1\Food\app\Controllers\Admin\Produtos.php(240): App\Controllers\Admin\Produtos->buscaProdutoOu404()
#1 C:\Users\bets1\Food\system\CodeIgniter.php(825): App\Controllers\Admin\Produtos->especificacoes()
#2 C:\Users\bets1\Food\system\CodeIgniter.php(412): CodeIgniter\CodeIgniter->runController()
#3 C:\Users\bets1\Food\system\CodeIgniter.php(320): CodeIgniter\CodeIgniter->handleRequest()
#4 C:\Users\bets1\Food\public\index.php(37): CodeIgniter\CodeIgniter->run()
#5 C:\Users\bets1\Food\system\Commands\Server\rewrite.php(43): require_once('C:\\Users\\bets1\\...')
#6 {main}
CRITICAL - 2022-05-25 23:23:07 --> Argument 1 passed to App\Controllers\Admin\Produtos::buscaProdutoOu404() must be of the type int or null, string given, called in C:\Users\bets1\Food\app\Controllers\Admin\Produtos.php on line 240
#0 C:\Users\bets1\Food\app\Controllers\Admin\Produtos.php(240): App\Controllers\Admin\Produtos->buscaProdutoOu404()
#1 C:\Users\bets1\Food\system\CodeIgniter.php(825): App\Controllers\Admin\Produtos->especificacoes()
#2 C:\Users\bets1\Food\system\CodeIgniter.php(412): CodeIgniter\CodeIgniter->runController()
#3 C:\Users\bets1\Food\system\CodeIgniter.php(320): CodeIgniter\CodeIgniter->handleRequest()
#4 C:\Users\bets1\Food\public\index.php(37): CodeIgniter\CodeIgniter->run()
#5 C:\Users\bets1\Food\system\Commands\Server\rewrite.php(43): require_once('C:\\Users\\bets1\\...')
#6 {main}
CRITICAL - 2022-05-25 23:23:07 --> Argument 1 passed to App\Controllers\Admin\Produtos::buscaProdutoOu404() must be of the type int or null, string given, called in C:\Users\bets1\Food\app\Controllers\Admin\Produtos.php on line 240
#0 C:\Users\bets1\Food\app\Controllers\Admin\Produtos.php(240): App\Controllers\Admin\Produtos->buscaProdutoOu404()
#1 C:\Users\bets1\Food\system\CodeIgniter.php(825): App\Controllers\Admin\Produtos->especificacoes()
#2 C:\Users\bets1\Food\system\CodeIgniter.php(412): CodeIgniter\CodeIgniter->runController()
#3 C:\Users\bets1\Food\system\CodeIgniter.php(320): CodeIgniter\CodeIgniter->handleRequest()
#4 C:\Users\bets1\Food\public\index.php(37): CodeIgniter\CodeIgniter->run()
#5 C:\Users\bets1\Food\system\Commands\Server\rewrite.php(43): require_once('C:\\Users\\bets1\\...')
#6 {main}
CRITICAL - 2022-05-25 23:23:07 --> Argument 1 passed to App\Controllers\Admin\Produtos::buscaProdutoOu404() must be of the type int or null, string given, called in C:\Users\bets1\Food\app\Controllers\Admin\Produtos.php on line 240
#0 C:\Users\bets1\Food\app\Controllers\Admin\Produtos.php(240): App\Controllers\Admin\Produtos->buscaProdutoOu404()
#1 C:\Users\bets1\Food\system\CodeIgniter.php(825): App\Controllers\Admin\Produtos->especificacoes()
#2 C:\Users\bets1\Food\system\CodeIgniter.php(412): CodeIgniter\CodeIgniter->runController()
#3 C:\Users\bets1\Food\system\CodeIgniter.php(320): CodeIgniter\CodeIgniter->handleRequest()
#4 C:\Users\bets1\Food\public\index.php(37): CodeIgniter\CodeIgniter->run()
#5 C:\Users\bets1\Food\system\Commands\Server\rewrite.php(43): require_once('C:\\Users\\bets1\\...')
#6 {main}
CRITICAL - 2022-05-25 23:23:07 --> Argument 1 passed to App\Controllers\Admin\Produtos::buscaProdutoOu404() must be of the type int or null, string given, called in C:\Users\bets1\Food\app\Controllers\Admin\Produtos.php on line 240
#0 C:\Users\bets1\Food\app\Controllers\Admin\Produtos.php(240): App\Controllers\Admin\Produtos->buscaProdutoOu404()
#1 C:\Users\bets1\Food\system\CodeIgniter.php(825): App\Controllers\Admin\Produtos->especificacoes()
#2 C:\Users\bets1\Food\system\CodeIgniter.php(412): CodeIgniter\CodeIgniter->runController()
#3 C:\Users\bets1\Food\system\CodeIgniter.php(320): CodeIgniter\CodeIgniter->handleRequest()
#4 C:\Users\bets1\Food\public\index.php(37): CodeIgniter\CodeIgniter->run()
#5 C:\Users\bets1\Food\system\Commands\Server\rewrite.php(43): require_once('C:\\Users\\bets1\\...')
#6 {main}
CRITICAL - 2022-05-25 23:23:09 --> Argument 1 passed to App\Controllers\Admin\Produtos::buscaProdutoOu404() must be of the type int or null, string given, called in C:\Users\bets1\Food\app\Controllers\Admin\Produtos.php on line 296
#0 C:\Users\bets1\Food\app\Controllers\Admin\Produtos.php(296): App\Controllers\Admin\Produtos->buscaProdutoOu404()
#1 C:\Users\bets1\Food\system\CodeIgniter.php(825): App\Controllers\Admin\Produtos->excluirEspecificacao()
#2 C:\Users\bets1\Food\system\CodeIgniter.php(412): CodeIgniter\CodeIgniter->runController()
#3 C:\Users\bets1\Food\system\CodeIgniter.php(320): CodeIgniter\CodeIgniter->handleRequest()
#4 C:\Users\bets1\Food\public\index.php(37): CodeIgniter\CodeIgniter->run()
#5 C:\Users\bets1\Food\system\Commands\Server\rewrite.php(43): require_once('C:\\Users\\bets1\\...')
#6 {main}
CRITICAL - 2022-05-25 23:23:09 --> Argument 1 passed to App\Controllers\Admin\Produtos::buscaProdutoOu404() must be of the type int or null, string given, called in C:\Users\bets1\Food\app\Controllers\Admin\Produtos.php on line 296
#0 C:\Users\bets1\Food\app\Controllers\Admin\Produtos.php(296): App\Controllers\Admin\Produtos->buscaProdutoOu404()
#1 C:\Users\bets1\Food\system\CodeIgniter.php(825): App\Controllers\Admin\Produtos->excluirEspecificacao()
#2 C:\Users\bets1\Food\system\CodeIgniter.php(412): CodeIgniter\CodeIgniter->runController()
#3 C:\Users\bets1\Food\system\CodeIgniter.php(320): CodeIgniter\CodeIgniter->handleRequest()
#4 C:\Users\bets1\Food\public\index.php(37): CodeIgniter\CodeIgniter->run()
#5 C:\Users\bets1\Food\system\Commands\Server\rewrite.php(43): require_once('C:\\Users\\bets1\\...')
#6 {main}
CRITICAL - 2022-05-25 23:23:09 --> Argument 1 passed to App\Controllers\Admin\Produtos::buscaProdutoOu404() must be of the type int or null, string given, called in C:\Users\bets1\Food\app\Controllers\Admin\Produtos.php on line 296
#0 C:\Users\bets1\Food\app\Controllers\Admin\Produtos.php(296): App\Controllers\Admin\Produtos->buscaProdutoOu404()
#1 C:\Users\bets1\Food\system\CodeIgniter.php(825): App\Controllers\Admin\Produtos->excluirEspecificacao()
#2 C:\Users\bets1\Food\system\CodeIgniter.php(412): CodeIgniter\CodeIgniter->runController()
#3 C:\Users\bets1\Food\system\CodeIgniter.php(320): CodeIgniter\CodeIgniter->handleRequest()
#4 C:\Users\bets1\Food\public\index.php(37): CodeIgniter\CodeIgniter->run()
#5 C:\Users\bets1\Food\system\Commands\Server\rewrite.php(43): require_once('C:\\Users\\bets1\\...')
#6 {main}
CRITICAL - 2022-05-25 23:23:10 --> Argument 1 passed to App\Controllers\Admin\Produtos::buscaProdutoOu404() must be of the type int or null, string given, called in C:\Users\bets1\Food\app\Controllers\Admin\Produtos.php on line 296
#0 C:\Users\bets1\Food\app\Controllers\Admin\Produtos.php(296): App\Controllers\Admin\Produtos->buscaProdutoOu404()
#1 C:\Users\bets1\Food\system\CodeIgniter.php(825): App\Controllers\Admin\Produtos->excluirEspecificacao()
#2 C:\Users\bets1\Food\system\CodeIgniter.php(412): CodeIgniter\CodeIgniter->runController()
#3 C:\Users\bets1\Food\system\CodeIgniter.php(320): CodeIgniter\CodeIgniter->handleRequest()
#4 C:\Users\bets1\Food\public\index.php(37): CodeIgniter\CodeIgniter->run()
#5 C:\Users\bets1\Food\system\Commands\Server\rewrite.php(43): require_once('C:\\Users\\bets1\\...')
#6 {main}
CRITICAL - 2022-05-25 23:23:10 --> Argument 1 passed to App\Controllers\Admin\Produtos::buscaProdutoOu404() must be of the type int or null, string given, called in C:\Users\bets1\Food\app\Controllers\Admin\Produtos.php on line 296
#0 C:\Users\bets1\Food\app\Controllers\Admin\Produtos.php(296): App\Controllers\Admin\Produtos->buscaProdutoOu404()
#1 C:\Users\bets1\Food\system\CodeIgniter.php(825): App\Controllers\Admin\Produtos->excluirEspecificacao()
#2 C:\Users\bets1\Food\system\CodeIgniter.php(412): CodeIgniter\CodeIgniter->runController()
#3 C:\Users\bets1\Food\system\CodeIgniter.php(320): CodeIgniter\CodeIgniter->handleRequest()
#4 C:\Users\bets1\Food\public\index.php(37): CodeIgniter\CodeIgniter->run()
#5 C:\Users\bets1\Food\system\Commands\Server\rewrite.php(43): require_once('C:\\Users\\bets1\\...')
#6 {main}
CRITICAL - 2022-05-25 23:23:10 --> Argument 1 passed to App\Controllers\Admin\Produtos::buscaProdutoOu404() must be of the type int or null, string given, called in C:\Users\bets1\Food\app\Controllers\Admin\Produtos.php on line 296
#0 C:\Users\bets1\Food\app\Controllers\Admin\Produtos.php(296): App\Controllers\Admin\Produtos->buscaProdutoOu404()
#1 C:\Users\bets1\Food\system\CodeIgniter.php(825): App\Controllers\Admin\Produtos->excluirEspecificacao()
#2 C:\Users\bets1\Food\system\CodeIgniter.php(412): CodeIgniter\CodeIgniter->runController()
#3 C:\Users\bets1\Food\system\CodeIgniter.php(320): CodeIgniter\CodeIgniter->handleRequest()
#4 C:\Users\bets1\Food\public\index.php(37): CodeIgniter\CodeIgniter->run()
#5 C:\Users\bets1\Food\system\Commands\Server\rewrite.php(43): require_once('C:\\Users\\bets1\\...')
#6 {main}
CRITICAL - 2022-05-25 23:23:11 --> Argument 1 passed to App\Controllers\Admin\Produtos::buscaProdutoOu404() must be of the type int or null, string given, called in C:\Users\bets1\Food\app\Controllers\Admin\Produtos.php on line 240
#0 C:\Users\bets1\Food\app\Controllers\Admin\Produtos.php(240): App\Controllers\Admin\Produtos->buscaProdutoOu404()
#1 C:\Users\bets1\Food\system\CodeIgniter.php(825): App\Controllers\Admin\Produtos->especificacoes()
#2 C:\Users\bets1\Food\system\CodeIgniter.php(412): CodeIgniter\CodeIgniter->runController()
#3 C:\Users\bets1\Food\system\CodeIgniter.php(320): CodeIgniter\CodeIgniter->handleRequest()
#4 C:\Users\bets1\Food\public\index.php(37): CodeIgniter\CodeIgniter->run()
#5 C:\Users\bets1\Food\system\Commands\Server\rewrite.php(43): require_once('C:\\Users\\bets1\\...')
#6 {main}
CRITICAL - 2022-05-25 23:23:11 --> Argument 1 passed to App\Controllers\Admin\Produtos::buscaProdutoOu404() must be of the type int or null, string given, called in C:\Users\bets1\Food\app\Controllers\Admin\Produtos.php on line 240
#0 C:\Users\bets1\Food\app\Controllers\Admin\Produtos.php(240): App\Controllers\Admin\Produtos->buscaProdutoOu404()
#1 C:\Users\bets1\Food\system\CodeIgniter.php(825): App\Controllers\Admin\Produtos->especificacoes()
#2 C:\Users\bets1\Food\system\CodeIgniter.php(412): CodeIgniter\CodeIgniter->runController()
#3 C:\Users\bets1\Food\system\CodeIgniter.php(320): CodeIgniter\CodeIgniter->handleRequest()
#4 C:\Users\bets1\Food\public\index.php(37): CodeIgniter\CodeIgniter->run()
#5 C:\Users\bets1\Food\system\Commands\Server\rewrite.php(43): require_once('C:\\Users\\bets1\\...')
#6 {main}
CRITICAL - 2022-05-25 23:23:11 --> Argument 1 passed to App\Controllers\Admin\Produtos::buscaProdutoOu404() must be of the type int or null, string given, called in C:\Users\bets1\Food\app\Controllers\Admin\Produtos.php on line 240
#0 C:\Users\bets1\Food\app\Controllers\Admin\Produtos.php(240): App\Controllers\Admin\Produtos->buscaProdutoOu404()
#1 C:\Users\bets1\Food\system\CodeIgniter.php(825): App\Controllers\Admin\Produtos->especificacoes()
#2 C:\Users\bets1\Food\system\CodeIgniter.php(412): CodeIgniter\CodeIgniter->runController()
#3 C:\Users\bets1\Food\system\CodeIgniter.php(320): CodeIgniter\CodeIgniter->handleRequest()
#4 C:\Users\bets1\Food\public\index.php(37): CodeIgniter\CodeIgniter->run()
#5 C:\Users\bets1\Food\system\Commands\Server\rewrite.php(43): require_once('C:\\Users\\bets1\\...')
#6 {main}
CRITICAL - 2022-05-25 23:23:11 --> Argument 1 passed to App\Controllers\Admin\Produtos::buscaProdutoOu404() must be of the type int or null, string given, called in C:\Users\bets1\Food\app\Controllers\Admin\Produtos.php on line 240
#0 C:\Users\bets1\Food\app\Controllers\Admin\Produtos.php(240): App\Controllers\Admin\Produtos->buscaProdutoOu404()
#1 C:\Users\bets1\Food\system\CodeIgniter.php(825): App\Controllers\Admin\Produtos->especificacoes()
#2 C:\Users\bets1\Food\system\CodeIgniter.php(412): CodeIgniter\CodeIgniter->runController()
#3 C:\Users\bets1\Food\system\CodeIgniter.php(320): CodeIgniter\CodeIgniter->handleRequest()
#4 C:\Users\bets1\Food\public\index.php(37): CodeIgniter\CodeIgniter->run()
#5 C:\Users\bets1\Food\system\Commands\Server\rewrite.php(43): require_once('C:\\Users\\bets1\\...')
#6 {main}
CRITICAL - 2022-05-25 23:23:11 --> Argument 1 passed to App\Controllers\Admin\Produtos::buscaProdutoOu404() must be of the type int or null, string given, called in C:\Users\bets1\Food\app\Controllers\Admin\Produtos.php on line 240
#0 C:\Users\bets1\Food\app\Controllers\Admin\Produtos.php(240): App\Controllers\Admin\Produtos->buscaProdutoOu404()
#1 C:\Users\bets1\Food\system\CodeIgniter.php(825): App\Controllers\Admin\Produtos->especificacoes()
#2 C:\Users\bets1\Food\system\CodeIgniter.php(412): CodeIgniter\CodeIgniter->runController()
#3 C:\Users\bets1\Food\system\CodeIgniter.php(320): CodeIgniter\CodeIgniter->handleRequest()
#4 C:\Users\bets1\Food\public\index.php(37): CodeIgniter\CodeIgniter->run()
#5 C:\Users\bets1\Food\system\Commands\Server\rewrite.php(43): require_once('C:\\Users\\bets1\\...')
#6 {main}
CRITICAL - 2022-05-25 23:23:12 --> Argument 1 passed to App\Controllers\Admin\Produtos::buscaProdutoOu404() must be of the type int or null, string given, called in C:\Users\bets1\Food\app\Controllers\Admin\Produtos.php on line 240
#0 C:\Users\bets1\Food\app\Controllers\Admin\Produtos.php(240): App\Controllers\Admin\Produtos->buscaProdutoOu404()
#1 C:\Users\bets1\Food\system\CodeIgniter.php(825): App\Controllers\Admin\Produtos->especificacoes()
#2 C:\Users\bets1\Food\system\CodeIgniter.php(412): CodeIgniter\CodeIgniter->runController()
#3 C:\Users\bets1\Food\system\CodeIgniter.php(320): CodeIgniter\CodeIgniter->handleRequest()
#4 C:\Users\bets1\Food\public\index.php(37): CodeIgniter\CodeIgniter->run()
#5 C:\Users\bets1\Food\system\Commands\Server\rewrite.php(43): require_once('C:\\Users\\bets1\\...')
#6 {main}
