CRITICAL - 2022-06-14 14:46:01 --> Undefined variable: data
#0 C:\Users\Adasi\Documents\Project_food\app\Controllers\Carrinho.php(48): CodeIgniter\Debug\Exceptions->errorHandler()
#1 C:\Users\Adasi\Documents\Project_food\system\CodeIgniter.php(825): App\Controllers\Carrinho->index()
#2 C:\Users\Adasi\Documents\Project_food\system\CodeIgniter.php(412): CodeIgniter\CodeIgniter->runController()
#3 C:\Users\Adasi\Documents\Project_food\system\CodeIgniter.php(320): CodeIgniter\CodeIgniter->handleRequest()
#4 C:\Users\Adasi\Documents\Project_food\public\index.php(37): CodeIgniter\CodeIgniter->run()
#5 C:\Users\Adasi\Documents\Project_food\system\Commands\Server\rewrite.php(43): require_once('C:\\Users\\Adasi\\...')
#6 {main}
ERROR - 2022-06-14 15:06:58 --> ErrorException: pg_query(): Query failed: ERROR:  column produtos.desconto does not exist
LINE 1: ...utos&quot;.&quot;id&quot;, &quot;produtos&quot;.&quot;nome&quot;, &quot;produtos&quot;.&quot;slug&quot;, &quot;produtos&quot;...
                                                             ^ in C:\Users\Adasi\Documents\Project_food\system\Database\Postgre\Connection.php:135
Stack trace:
#0 [internal function]: CodeIgniter\Debug\Exceptions->errorHandler()
#1 C:\Users\Adasi\Documents\Project_food\system\Database\Postgre\Connection.php(135): pg_query()
#2 C:\Users\Adasi\Documents\Project_food\system\Database\BaseConnection.php(670): CodeIgniter\Database\Postgre\Connection->execute()
#3 C:\Users\Adasi\Documents\Project_food\system\Database\BaseConnection.php(598): CodeIgniter\Database\BaseConnection->simpleQuery()
#4 C:\Users\Adasi\Documents\Project_food\system\Database\BaseBuilder.php(1455): CodeIgniter\Database\BaseConnection->query()
#5 C:\Users\Adasi\Documents\Project_food\system\Model.php(183): CodeIgniter\Database\BaseBuilder->get()
#6 C:\Users\Adasi\Documents\Project_food\system\BaseModel.php(584): CodeIgniter\Model->doFindAll()
#7 C:\Users\Adasi\Documents\Project_food\app\Models\ProdutoModel.php(102): CodeIgniter\BaseModel->findAll()
#8 C:\Users\Adasi\Documents\Project_food\app\Controllers\Home.php(21): App\Models\ProdutoModel->buscaProdutosWebHome()
#9 C:\Users\Adasi\Documents\Project_food\system\CodeIgniter.php(825): App\Controllers\Home->index()
#10 C:\Users\Adasi\Documents\Project_food\system\CodeIgniter.php(412): CodeIgniter\CodeIgniter->runController()
#11 C:\Users\Adasi\Documents\Project_food\system\CodeIgniter.php(320): CodeIgniter\CodeIgniter->handleRequest()
#12 C:\Users\Adasi\Documents\Project_food\public\index.php(37): CodeIgniter\CodeIgniter->run()
#13 C:\Users\Adasi\Documents\Project_food\system\Commands\Server\rewrite.php(43): require_once('C:\\Users\\Adasi\\...')
#14 {main}
CRITICAL - 2022-06-14 15:06:58 --> pg_query(): Query failed: ERROR:  column produtos.desconto does not exist
LINE 1: ...utos&quot;.&quot;id&quot;, &quot;produtos&quot;.&quot;nome&quot;, &quot;produtos&quot;.&quot;slug&quot;, &quot;produtos&quot;...
                                                             ^
#0 [internal function]: CodeIgniter\Debug\Exceptions->errorHandler()
#1 C:\Users\Adasi\Documents\Project_food\system\Database\Postgre\Connection.php(135): pg_query()
#2 C:\Users\Adasi\Documents\Project_food\system\Database\BaseConnection.php(670): CodeIgniter\Database\Postgre\Connection->execute()
#3 C:\Users\Adasi\Documents\Project_food\system\Database\BaseConnection.php(598): CodeIgniter\Database\BaseConnection->simpleQuery()
#4 C:\Users\Adasi\Documents\Project_food\system\Database\BaseBuilder.php(1455): CodeIgniter\Database\BaseConnection->query()
#5 C:\Users\Adasi\Documents\Project_food\system\Model.php(183): CodeIgniter\Database\BaseBuilder->get()
#6 C:\Users\Adasi\Documents\Project_food\system\BaseModel.php(584): CodeIgniter\Model->doFindAll()
#7 C:\Users\Adasi\Documents\Project_food\app\Models\ProdutoModel.php(102): CodeIgniter\BaseModel->findAll()
#8 C:\Users\Adasi\Documents\Project_food\app\Controllers\Home.php(21): App\Models\ProdutoModel->buscaProdutosWebHome()
#9 C:\Users\Adasi\Documents\Project_food\system\CodeIgniter.php(825): App\Controllers\Home->index()
#10 C:\Users\Adasi\Documents\Project_food\system\CodeIgniter.php(412): CodeIgniter\CodeIgniter->runController()
#11 C:\Users\Adasi\Documents\Project_food\system\CodeIgniter.php(320): CodeIgniter\CodeIgniter->handleRequest()
#12 C:\Users\Adasi\Documents\Project_food\public\index.php(37): CodeIgniter\CodeIgniter->run()
#13 C:\Users\Adasi\Documents\Project_food\system\Commands\Server\rewrite.php(43): require_once('C:\\Users\\Adasi\\...')
#14 {main}
ERROR - 2022-06-14 16:18:44 --> ErrorException: pg_query(): Query failed: ERROR:  column &quot;id nome slug&quot; does not exist
LINE 1: SELECT &quot;id nome slug&quot; &quot;ativo&quot;
               ^ in C:\Users\Adasi\Documents\Project_food\system\Database\Postgre\Connection.php:135
Stack trace:
#0 [internal function]: CodeIgniter\Debug\Exceptions->errorHandler()
#1 C:\Users\Adasi\Documents\Project_food\system\Database\Postgre\Connection.php(135): pg_query()
#2 C:\Users\Adasi\Documents\Project_food\system\Database\BaseConnection.php(670): CodeIgniter\Database\Postgre\Connection->execute()
#3 C:\Users\Adasi\Documents\Project_food\system\Database\BaseConnection.php(598): CodeIgniter\Database\BaseConnection->simpleQuery()
#4 C:\Users\Adasi\Documents\Project_food\system\Database\BaseBuilder.php(1455): CodeIgniter\Database\BaseConnection->query()
#5 C:\Users\Adasi\Documents\Project_food\system\Model.php(210): CodeIgniter\Database\BaseBuilder->get()
#6 C:\Users\Adasi\Documents\Project_food\system\BaseModel.php(622): CodeIgniter\Model->doFirst()
#7 C:\Users\Adasi\Documents\Project_food\app\Controllers\Carrinho.php(104): CodeIgniter\BaseModel->first()
#8 C:\Users\Adasi\Documents\Project_food\system\CodeIgniter.php(825): App\Controllers\Carrinho->adicionar()
#9 C:\Users\Adasi\Documents\Project_food\system\CodeIgniter.php(412): CodeIgniter\CodeIgniter->runController()
#10 C:\Users\Adasi\Documents\Project_food\system\CodeIgniter.php(320): CodeIgniter\CodeIgniter->handleRequest()
#11 C:\Users\Adasi\Documents\Project_food\public\index.php(37): CodeIgniter\CodeIgniter->run()
#12 C:\Users\Adasi\Documents\Project_food\system\Commands\Server\rewrite.php(43): require_once('C:\\Users\\Adasi\\...')
#13 {main}
CRITICAL - 2022-06-14 16:18:44 --> pg_query(): Query failed: ERROR:  column &quot;id nome slug&quot; does not exist
LINE 1: SELECT &quot;id nome slug&quot; &quot;ativo&quot;
               ^
#0 [internal function]: CodeIgniter\Debug\Exceptions->errorHandler()
#1 C:\Users\Adasi\Documents\Project_food\system\Database\Postgre\Connection.php(135): pg_query()
#2 C:\Users\Adasi\Documents\Project_food\system\Database\BaseConnection.php(670): CodeIgniter\Database\Postgre\Connection->execute()
#3 C:\Users\Adasi\Documents\Project_food\system\Database\BaseConnection.php(598): CodeIgniter\Database\BaseConnection->simpleQuery()
#4 C:\Users\Adasi\Documents\Project_food\system\Database\BaseBuilder.php(1455): CodeIgniter\Database\BaseConnection->query()
#5 C:\Users\Adasi\Documents\Project_food\system\Model.php(210): CodeIgniter\Database\BaseBuilder->get()
#6 C:\Users\Adasi\Documents\Project_food\system\BaseModel.php(622): CodeIgniter\Model->doFirst()
#7 C:\Users\Adasi\Documents\Project_food\app\Controllers\Carrinho.php(104): CodeIgniter\BaseModel->first()
#8 C:\Users\Adasi\Documents\Project_food\system\CodeIgniter.php(825): App\Controllers\Carrinho->adicionar()
#9 C:\Users\Adasi\Documents\Project_food\system\CodeIgniter.php(412): CodeIgniter\CodeIgniter->runController()
#10 C:\Users\Adasi\Documents\Project_food\system\CodeIgniter.php(320): CodeIgniter\CodeIgniter->handleRequest()
#11 C:\Users\Adasi\Documents\Project_food\public\index.php(37): CodeIgniter\CodeIgniter->run()
#12 C:\Users\Adasi\Documents\Project_food\system\Commands\Server\rewrite.php(43): require_once('C:\\Users\\Adasi\\...')
#13 {main}
CRITICAL - 2022-06-14 16:20:29 --> Trying to get property 'ativo' of non-object
#0 C:\Users\Adasi\Documents\Project_food\app\Controllers\Carrinho.php(107): CodeIgniter\Debug\Exceptions->errorHandler()
#1 C:\Users\Adasi\Documents\Project_food\system\CodeIgniter.php(825): App\Controllers\Carrinho->adicionar()
#2 C:\Users\Adasi\Documents\Project_food\system\CodeIgniter.php(412): CodeIgniter\CodeIgniter->runController()
#3 C:\Users\Adasi\Documents\Project_food\system\CodeIgniter.php(320): CodeIgniter\CodeIgniter->handleRequest()
#4 C:\Users\Adasi\Documents\Project_food\public\index.php(37): CodeIgniter\CodeIgniter->run()
#5 C:\Users\Adasi\Documents\Project_food\system\Commands\Server\rewrite.php(43): require_once('C:\\Users\\Adasi\\...')
#6 {main}
CRITICAL - 2022-06-14 16:20:52 --> Trying to get property 'ativo' of non-object
#0 C:\Users\Adasi\Documents\Project_food\app\Controllers\Carrinho.php(107): CodeIgniter\Debug\Exceptions->errorHandler()
#1 C:\Users\Adasi\Documents\Project_food\system\CodeIgniter.php(825): App\Controllers\Carrinho->adicionar()
#2 C:\Users\Adasi\Documents\Project_food\system\CodeIgniter.php(412): CodeIgniter\CodeIgniter->runController()
#3 C:\Users\Adasi\Documents\Project_food\system\CodeIgniter.php(320): CodeIgniter\CodeIgniter->handleRequest()
#4 C:\Users\Adasi\Documents\Project_food\public\index.php(37): CodeIgniter\CodeIgniter->run()
#5 C:\Users\Adasi\Documents\Project_food\system\Commands\Server\rewrite.php(43): require_once('C:\\Users\\Adasi\\...')
#6 {main}
CRITICAL - 2022-06-14 16:21:26 --> Trying to get property 'ativo' of non-object
#0 C:\Users\Adasi\Documents\Project_food\app\Controllers\Carrinho.php(107): CodeIgniter\Debug\Exceptions->errorHandler()
#1 C:\Users\Adasi\Documents\Project_food\system\CodeIgniter.php(825): App\Controllers\Carrinho->adicionar()
#2 C:\Users\Adasi\Documents\Project_food\system\CodeIgniter.php(412): CodeIgniter\CodeIgniter->runController()
#3 C:\Users\Adasi\Documents\Project_food\system\CodeIgniter.php(320): CodeIgniter\CodeIgniter->handleRequest()
#4 C:\Users\Adasi\Documents\Project_food\public\index.php(37): CodeIgniter\CodeIgniter->run()
#5 C:\Users\Adasi\Documents\Project_food\system\Commands\Server\rewrite.php(43): require_once('C:\\Users\\Adasi\\...')
#6 {main}
CRITICAL - 2022-06-14 16:21:37 --> Trying to get property 'ativo' of non-object
#0 C:\Users\Adasi\Documents\Project_food\app\Controllers\Carrinho.php(107): CodeIgniter\Debug\Exceptions->errorHandler()
#1 C:\Users\Adasi\Documents\Project_food\system\CodeIgniter.php(825): App\Controllers\Carrinho->adicionar()
#2 C:\Users\Adasi\Documents\Project_food\system\CodeIgniter.php(412): CodeIgniter\CodeIgniter->runController()
#3 C:\Users\Adasi\Documents\Project_food\system\CodeIgniter.php(320): CodeIgniter\CodeIgniter->handleRequest()
#4 C:\Users\Adasi\Documents\Project_food\public\index.php(37): CodeIgniter\CodeIgniter->run()
#5 C:\Users\Adasi\Documents\Project_food\system\Commands\Server\rewrite.php(43): require_once('C:\\Users\\Adasi\\...')
#6 {main}
CRITICAL - 2022-06-14 16:21:45 --> Trying to get property 'ativo' of non-object
#0 C:\Users\Adasi\Documents\Project_food\app\Controllers\Carrinho.php(107): CodeIgniter\Debug\Exceptions->errorHandler()
#1 C:\Users\Adasi\Documents\Project_food\system\CodeIgniter.php(825): App\Controllers\Carrinho->adicionar()
#2 C:\Users\Adasi\Documents\Project_food\system\CodeIgniter.php(412): CodeIgniter\CodeIgniter->runController()
#3 C:\Users\Adasi\Documents\Project_food\system\CodeIgniter.php(320): CodeIgniter\CodeIgniter->handleRequest()
#4 C:\Users\Adasi\Documents\Project_food\public\index.php(37): CodeIgniter\CodeIgniter->run()
#5 C:\Users\Adasi\Documents\Project_food\system\Commands\Server\rewrite.php(43): require_once('C:\\Users\\Adasi\\...')
#6 {main}
CRITICAL - 2022-06-14 16:23:06 --> Cannot use object of type stdClass as array
#0 C:\Users\Adasi\Documents\Project_food\system\CodeIgniter.php(825): App\Controllers\Carrinho->adicionar()
#1 C:\Users\Adasi\Documents\Project_food\system\CodeIgniter.php(412): CodeIgniter\CodeIgniter->runController()
#2 C:\Users\Adasi\Documents\Project_food\system\CodeIgniter.php(320): CodeIgniter\CodeIgniter->handleRequest()
#3 C:\Users\Adasi\Documents\Project_food\public\index.php(37): CodeIgniter\CodeIgniter->run()
#4 C:\Users\Adasi\Documents\Project_food\system\Commands\Server\rewrite.php(43): require_once('C:\\Users\\Adasi\\...')
#5 {main}
