CRITICAL - 2022-05-17 14:36:48 --> Call to undefined method App\Models\MedidaModel::exibeValor
#0 C:\Users\Adasi\Documents\Project_food\app\Controllers\Produto.php(194): CodeIgniter\Model->__call()
#1 C:\Users\Adasi\Documents\Project_food\system\CodeIgniter.php(825): App\Controllers\Produto->exibeValor()
#2 C:\Users\Adasi\Documents\Project_food\system\CodeIgniter.php(412): CodeIgniter\CodeIgniter->runController()
#3 C:\Users\Adasi\Documents\Project_food\system\CodeIgniter.php(320): CodeIgniter\CodeIgniter->handleRequest()
#4 C:\Users\Adasi\Documents\Project_food\public\index.php(37): CodeIgniter\CodeIgniter->run()
#5 C:\Users\Adasi\Documents\Project_food\system\Commands\Server\rewrite.php(43): require_once('C:\\Users\\Adasi\\...')
#6 {main}
CRITICAL - 2022-05-17 14:41:43 --> Call to undefined method App\Models\MedidaModel::exibeValor
#0 C:\Users\Adasi\Documents\Project_food\app\Controllers\Produto.php(194): CodeIgniter\Model->__call()
#1 C:\Users\Adasi\Documents\Project_food\system\CodeIgniter.php(825): App\Controllers\Produto->exibeValor()
#2 C:\Users\Adasi\Documents\Project_food\system\CodeIgniter.php(412): CodeIgniter\CodeIgniter->runController()
#3 C:\Users\Adasi\Documents\Project_food\system\CodeIgniter.php(320): CodeIgniter\CodeIgniter->handleRequest()
#4 C:\Users\Adasi\Documents\Project_food\public\index.php(37): CodeIgniter\CodeIgniter->run()
#5 C:\Users\Adasi\Documents\Project_food\system\Commands\Server\rewrite.php(43): require_once('C:\\Users\\Adasi\\...')
#6 {main}
ERROR - 2022-05-17 14:53:47 --> ErrorException: pg_query(): Query failed: ERROR:  relation &quot;produto_especificacoes&quot; does not exist
LINE 3: JOIN &quot;produto_especificacoes&quot; ON &quot;produtos_especificacoes&quot;.&quot;...
             ^ in C:\Users\Adasi\Documents\Project_food\system\Database\Postgre\Connection.php:135
Stack trace:
#0 [internal function]: CodeIgniter\Debug\Exceptions->errorHandler()
#1 C:\Users\Adasi\Documents\Project_food\system\Database\Postgre\Connection.php(135): pg_query()
#2 C:\Users\Adasi\Documents\Project_food\system\Database\BaseConnection.php(670): CodeIgniter\Database\Postgre\Connection->execute()
#3 C:\Users\Adasi\Documents\Project_food\system\Database\BaseConnection.php(598): CodeIgniter\Database\BaseConnection->simpleQuery()
#4 C:\Users\Adasi\Documents\Project_food\system\Database\BaseBuilder.php(1455): CodeIgniter\Database\BaseConnection->query()
#5 C:\Users\Adasi\Documents\Project_food\system\Model.php(210): CodeIgniter\Database\BaseBuilder->get()
#6 C:\Users\Adasi\Documents\Project_food\system\BaseModel.php(622): CodeIgniter\Model->doFirst()
#7 C:\Users\Adasi\Documents\Project_food\app\Models\MedidaModel.php(66): CodeIgniter\BaseModel->first()
#8 C:\Users\Adasi\Documents\Project_food\app\Controllers\Produto.php(194): App\Models\MedidaModel->exibeValor()
#9 C:\Users\Adasi\Documents\Project_food\system\CodeIgniter.php(825): App\Controllers\Produto->exibeValor()
#10 C:\Users\Adasi\Documents\Project_food\system\CodeIgniter.php(412): CodeIgniter\CodeIgniter->runController()
#11 C:\Users\Adasi\Documents\Project_food\system\CodeIgniter.php(320): CodeIgniter\CodeIgniter->handleRequest()
#12 C:\Users\Adasi\Documents\Project_food\public\index.php(37): CodeIgniter\CodeIgniter->run()
#13 C:\Users\Adasi\Documents\Project_food\system\Commands\Server\rewrite.php(43): require_once('C:\\Users\\Adasi\\...')
#14 {main}
CRITICAL - 2022-05-17 14:53:47 --> pg_query(): Query failed: ERROR:  relation &quot;produto_especificacoes&quot; does not exist
LINE 3: JOIN &quot;produto_especificacoes&quot; ON &quot;produtos_especificacoes&quot;.&quot;...
             ^
#0 [internal function]: CodeIgniter\Debug\Exceptions->errorHandler()
#1 C:\Users\Adasi\Documents\Project_food\system\Database\Postgre\Connection.php(135): pg_query()
#2 C:\Users\Adasi\Documents\Project_food\system\Database\BaseConnection.php(670): CodeIgniter\Database\Postgre\Connection->execute()
#3 C:\Users\Adasi\Documents\Project_food\system\Database\BaseConnection.php(598): CodeIgniter\Database\BaseConnection->simpleQuery()
#4 C:\Users\Adasi\Documents\Project_food\system\Database\BaseBuilder.php(1455): CodeIgniter\Database\BaseConnection->query()
#5 C:\Users\Adasi\Documents\Project_food\system\Model.php(210): CodeIgniter\Database\BaseBuilder->get()
#6 C:\Users\Adasi\Documents\Project_food\system\BaseModel.php(622): CodeIgniter\Model->doFirst()
#7 C:\Users\Adasi\Documents\Project_food\app\Models\MedidaModel.php(66): CodeIgniter\BaseModel->first()
#8 C:\Users\Adasi\Documents\Project_food\app\Controllers\Produto.php(194): App\Models\MedidaModel->exibeValor()
#9 C:\Users\Adasi\Documents\Project_food\system\CodeIgniter.php(825): App\Controllers\Produto->exibeValor()
#10 C:\Users\Adasi\Documents\Project_food\system\CodeIgniter.php(412): CodeIgniter\CodeIgniter->runController()
#11 C:\Users\Adasi\Documents\Project_food\system\CodeIgniter.php(320): CodeIgniter\CodeIgniter->handleRequest()
#12 C:\Users\Adasi\Documents\Project_food\public\index.php(37): CodeIgniter\CodeIgniter->run()
#13 C:\Users\Adasi\Documents\Project_food\system\Commands\Server\rewrite.php(43): require_once('C:\\Users\\Adasi\\...')
#14 {main}
ERROR - 2022-05-17 14:53:49 --> ErrorException: pg_query(): Query failed: ERROR:  relation &quot;produto_especificacoes&quot; does not exist
LINE 3: JOIN &quot;produto_especificacoes&quot; ON &quot;produtos_especificacoes&quot;.&quot;...
             ^ in C:\Users\Adasi\Documents\Project_food\system\Database\Postgre\Connection.php:135
Stack trace:
#0 [internal function]: CodeIgniter\Debug\Exceptions->errorHandler()
#1 C:\Users\Adasi\Documents\Project_food\system\Database\Postgre\Connection.php(135): pg_query()
#2 C:\Users\Adasi\Documents\Project_food\system\Database\BaseConnection.php(670): CodeIgniter\Database\Postgre\Connection->execute()
#3 C:\Users\Adasi\Documents\Project_food\system\Database\BaseConnection.php(598): CodeIgniter\Database\BaseConnection->simpleQuery()
#4 C:\Users\Adasi\Documents\Project_food\system\Database\BaseBuilder.php(1455): CodeIgniter\Database\BaseConnection->query()
#5 C:\Users\Adasi\Documents\Project_food\system\Model.php(210): CodeIgniter\Database\BaseBuilder->get()
#6 C:\Users\Adasi\Documents\Project_food\system\BaseModel.php(622): CodeIgniter\Model->doFirst()
#7 C:\Users\Adasi\Documents\Project_food\app\Models\MedidaModel.php(66): CodeIgniter\BaseModel->first()
#8 C:\Users\Adasi\Documents\Project_food\app\Controllers\Produto.php(194): App\Models\MedidaModel->exibeValor()
#9 C:\Users\Adasi\Documents\Project_food\system\CodeIgniter.php(825): App\Controllers\Produto->exibeValor()
#10 C:\Users\Adasi\Documents\Project_food\system\CodeIgniter.php(412): CodeIgniter\CodeIgniter->runController()
#11 C:\Users\Adasi\Documents\Project_food\system\CodeIgniter.php(320): CodeIgniter\CodeIgniter->handleRequest()
#12 C:\Users\Adasi\Documents\Project_food\public\index.php(37): CodeIgniter\CodeIgniter->run()
#13 C:\Users\Adasi\Documents\Project_food\system\Commands\Server\rewrite.php(43): require_once('C:\\Users\\Adasi\\...')
#14 {main}
CRITICAL - 2022-05-17 14:53:49 --> pg_query(): Query failed: ERROR:  relation &quot;produto_especificacoes&quot; does not exist
LINE 3: JOIN &quot;produto_especificacoes&quot; ON &quot;produtos_especificacoes&quot;.&quot;...
             ^
#0 [internal function]: CodeIgniter\Debug\Exceptions->errorHandler()
#1 C:\Users\Adasi\Documents\Project_food\system\Database\Postgre\Connection.php(135): pg_query()
#2 C:\Users\Adasi\Documents\Project_food\system\Database\BaseConnection.php(670): CodeIgniter\Database\Postgre\Connection->execute()
#3 C:\Users\Adasi\Documents\Project_food\system\Database\BaseConnection.php(598): CodeIgniter\Database\BaseConnection->simpleQuery()
#4 C:\Users\Adasi\Documents\Project_food\system\Database\BaseBuilder.php(1455): CodeIgniter\Database\BaseConnection->query()
#5 C:\Users\Adasi\Documents\Project_food\system\Model.php(210): CodeIgniter\Database\BaseBuilder->get()
#6 C:\Users\Adasi\Documents\Project_food\system\BaseModel.php(622): CodeIgniter\Model->doFirst()
#7 C:\Users\Adasi\Documents\Project_food\app\Models\MedidaModel.php(66): CodeIgniter\BaseModel->first()
#8 C:\Users\Adasi\Documents\Project_food\app\Controllers\Produto.php(194): App\Models\MedidaModel->exibeValor()
#9 C:\Users\Adasi\Documents\Project_food\system\CodeIgniter.php(825): App\Controllers\Produto->exibeValor()
#10 C:\Users\Adasi\Documents\Project_food\system\CodeIgniter.php(412): CodeIgniter\CodeIgniter->runController()
#11 C:\Users\Adasi\Documents\Project_food\system\CodeIgniter.php(320): CodeIgniter\CodeIgniter->handleRequest()
#12 C:\Users\Adasi\Documents\Project_food\public\index.php(37): CodeIgniter\CodeIgniter->run()
#13 C:\Users\Adasi\Documents\Project_food\system\Commands\Server\rewrite.php(43): require_once('C:\\Users\\Adasi\\...')
#14 {main}
ERROR - 2022-05-17 15:01:26 --> ErrorException: pg_query(): Query failed: ERROR:  relation &quot;produto_especificacoes&quot; does not exist
LINE 3: JOIN &quot;produto_especificacoes&quot; ON &quot;produtos_especificacoes&quot;.&quot;...
             ^ in C:\Users\Adasi\Documents\Project_food\system\Database\Postgre\Connection.php:135
Stack trace:
#0 [internal function]: CodeIgniter\Debug\Exceptions->errorHandler()
#1 C:\Users\Adasi\Documents\Project_food\system\Database\Postgre\Connection.php(135): pg_query()
#2 C:\Users\Adasi\Documents\Project_food\system\Database\BaseConnection.php(670): CodeIgniter\Database\Postgre\Connection->execute()
#3 C:\Users\Adasi\Documents\Project_food\system\Database\BaseConnection.php(598): CodeIgniter\Database\BaseConnection->simpleQuery()
#4 C:\Users\Adasi\Documents\Project_food\system\Database\BaseBuilder.php(1455): CodeIgniter\Database\BaseConnection->query()
#5 C:\Users\Adasi\Documents\Project_food\system\Model.php(210): CodeIgniter\Database\BaseBuilder->get()
#6 C:\Users\Adasi\Documents\Project_food\system\BaseModel.php(622): CodeIgniter\Model->doFirst()
#7 C:\Users\Adasi\Documents\Project_food\app\Models\MedidaModel.php(65): CodeIgniter\BaseModel->first()
#8 C:\Users\Adasi\Documents\Project_food\app\Controllers\Produto.php(194): App\Models\MedidaModel->exibeValor()
#9 C:\Users\Adasi\Documents\Project_food\system\CodeIgniter.php(825): App\Controllers\Produto->exibeValor()
#10 C:\Users\Adasi\Documents\Project_food\system\CodeIgniter.php(412): CodeIgniter\CodeIgniter->runController()
#11 C:\Users\Adasi\Documents\Project_food\system\CodeIgniter.php(320): CodeIgniter\CodeIgniter->handleRequest()
#12 C:\Users\Adasi\Documents\Project_food\public\index.php(37): CodeIgniter\CodeIgniter->run()
#13 C:\Users\Adasi\Documents\Project_food\system\Commands\Server\rewrite.php(43): require_once('C:\\Users\\Adasi\\...')
#14 {main}
CRITICAL - 2022-05-17 15:01:26 --> pg_query(): Query failed: ERROR:  relation &quot;produto_especificacoes&quot; does not exist
LINE 3: JOIN &quot;produto_especificacoes&quot; ON &quot;produtos_especificacoes&quot;.&quot;...
             ^
#0 [internal function]: CodeIgniter\Debug\Exceptions->errorHandler()
#1 C:\Users\Adasi\Documents\Project_food\system\Database\Postgre\Connection.php(135): pg_query()
#2 C:\Users\Adasi\Documents\Project_food\system\Database\BaseConnection.php(670): CodeIgniter\Database\Postgre\Connection->execute()
#3 C:\Users\Adasi\Documents\Project_food\system\Database\BaseConnection.php(598): CodeIgniter\Database\BaseConnection->simpleQuery()
#4 C:\Users\Adasi\Documents\Project_food\system\Database\BaseBuilder.php(1455): CodeIgniter\Database\BaseConnection->query()
#5 C:\Users\Adasi\Documents\Project_food\system\Model.php(210): CodeIgniter\Database\BaseBuilder->get()
#6 C:\Users\Adasi\Documents\Project_food\system\BaseModel.php(622): CodeIgniter\Model->doFirst()
#7 C:\Users\Adasi\Documents\Project_food\app\Models\MedidaModel.php(65): CodeIgniter\BaseModel->first()
#8 C:\Users\Adasi\Documents\Project_food\app\Controllers\Produto.php(194): App\Models\MedidaModel->exibeValor()
#9 C:\Users\Adasi\Documents\Project_food\system\CodeIgniter.php(825): App\Controllers\Produto->exibeValor()
#10 C:\Users\Adasi\Documents\Project_food\system\CodeIgniter.php(412): CodeIgniter\CodeIgniter->runController()
#11 C:\Users\Adasi\Documents\Project_food\system\CodeIgniter.php(320): CodeIgniter\CodeIgniter->handleRequest()
#12 C:\Users\Adasi\Documents\Project_food\public\index.php(37): CodeIgniter\CodeIgniter->run()
#13 C:\Users\Adasi\Documents\Project_food\system\Commands\Server\rewrite.php(43): require_once('C:\\Users\\Adasi\\...')
#14 {main}
CRITICAL - 2022-05-17 16:15:18 --> Call to undefined method App\Models\MedidaModel::firstAll
#0 C:\Users\Adasi\Documents\Project_food\app\Models\MedidaModel.php(65): CodeIgniter\Model->__call()
#1 C:\Users\Adasi\Documents\Project_food\app\Controllers\Produto.php(196): App\Models\MedidaModel->exibeValor()
#2 C:\Users\Adasi\Documents\Project_food\system\CodeIgniter.php(825): App\Controllers\Produto->exibeValor()
#3 C:\Users\Adasi\Documents\Project_food\system\CodeIgniter.php(412): CodeIgniter\CodeIgniter->runController()
#4 C:\Users\Adasi\Documents\Project_food\system\CodeIgniter.php(320): CodeIgniter\CodeIgniter->handleRequest()
#5 C:\Users\Adasi\Documents\Project_food\public\index.php(37): CodeIgniter\CodeIgniter->run()
#6 C:\Users\Adasi\Documents\Project_food\system\Commands\Server\rewrite.php(43): require_once('C:\\Users\\Adasi\\...')
#7 {main}
CRITICAL - 2022-05-17 16:16:30 --> Call to undefined method App\Models\MedidaModel::firstAll
#0 C:\Users\Adasi\Documents\Project_food\app\Models\MedidaModel.php(65): CodeIgniter\Model->__call()
#1 C:\Users\Adasi\Documents\Project_food\app\Controllers\Produto.php(196): App\Models\MedidaModel->exibeValor()
#2 C:\Users\Adasi\Documents\Project_food\system\CodeIgniter.php(825): App\Controllers\Produto->exibeValor()
#3 C:\Users\Adasi\Documents\Project_food\system\CodeIgniter.php(412): CodeIgniter\CodeIgniter->runController()
#4 C:\Users\Adasi\Documents\Project_food\system\CodeIgniter.php(320): CodeIgniter\CodeIgniter->handleRequest()
#5 C:\Users\Adasi\Documents\Project_food\public\index.php(37): CodeIgniter\CodeIgniter->run()
#6 C:\Users\Adasi\Documents\Project_food\system\Commands\Server\rewrite.php(43): require_once('C:\\Users\\Adasi\\...')
#7 {main}
CRITICAL - 2022-05-17 16:27:43 --> Call to undefined method App\Models\MedidaModel::firstAll
#0 C:\Users\Adasi\Documents\Project_food\app\Models\MedidaModel.php(65): CodeIgniter\Model->__call()
#1 C:\Users\Adasi\Documents\Project_food\app\Controllers\Produto.php(196): App\Models\MedidaModel->exibeValor()
#2 C:\Users\Adasi\Documents\Project_food\system\CodeIgniter.php(825): App\Controllers\Produto->exibeValor()
#3 C:\Users\Adasi\Documents\Project_food\system\CodeIgniter.php(412): CodeIgniter\CodeIgniter->runController()
#4 C:\Users\Adasi\Documents\Project_food\system\CodeIgniter.php(320): CodeIgniter\CodeIgniter->handleRequest()
#5 C:\Users\Adasi\Documents\Project_food\public\index.php(37): CodeIgniter\CodeIgniter->run()
#6 C:\Users\Adasi\Documents\Project_food\system\Commands\Server\rewrite.php(43): require_once('C:\\Users\\Adasi\\...')
#7 {main}
CRITICAL - 2022-05-17 16:27:49 --> Call to undefined method App\Models\MedidaModel::firstAll
#0 C:\Users\Adasi\Documents\Project_food\app\Models\MedidaModel.php(65): CodeIgniter\Model->__call()
#1 C:\Users\Adasi\Documents\Project_food\app\Controllers\Produto.php(196): App\Models\MedidaModel->exibeValor()
#2 C:\Users\Adasi\Documents\Project_food\system\CodeIgniter.php(825): App\Controllers\Produto->exibeValor()
#3 C:\Users\Adasi\Documents\Project_food\system\CodeIgniter.php(412): CodeIgniter\CodeIgniter->runController()
#4 C:\Users\Adasi\Documents\Project_food\system\CodeIgniter.php(320): CodeIgniter\CodeIgniter->handleRequest()
#5 C:\Users\Adasi\Documents\Project_food\public\index.php(37): CodeIgniter\CodeIgniter->run()
#6 C:\Users\Adasi\Documents\Project_food\system\Commands\Server\rewrite.php(43): require_once('C:\\Users\\Adasi\\...')
#7 {main}
