CRITICAL - 2022-05-29 13:07:23 --> Undefined variable: carrinho
#0 C:\Users\bets1\Food\app\Views\Carrinho\index.php(50): CodeIgniter\Debug\Exceptions->errorHandler()
#1 C:\Users\bets1\Food\system\View\View.php(210): include('C:\\Users\\bets1\\...')
#2 C:\Users\bets1\Food\system\View\View.php(213): CodeIgniter\View\View->CodeIgniter\View\{closure}()
#3 C:\Users\bets1\Food\system\Common.php(1089): CodeIgniter\View\View->render()
#4 C:\Users\bets1\Food\app\Controllers\Carrinho.php(46): view()
#5 C:\Users\bets1\Food\system\CodeIgniter.php(825): App\Controllers\Carrinho->index()
#6 C:\Users\bets1\Food\system\CodeIgniter.php(412): CodeIgniter\CodeIgniter->runController()
#7 C:\Users\bets1\Food\system\CodeIgniter.php(320): CodeIgniter\CodeIgniter->handleRequest()
#8 C:\Users\bets1\Food\public\index.php(37): CodeIgniter\CodeIgniter->run()
#9 C:\Users\bets1\Food\system\Commands\Server\rewrite.php(43): require_once('C:\\Users\\bets1\\...')
#10 {main}
CRITICAL - 2022-05-29 13:07:36 --> Undefined variable: carrinho
#0 C:\Users\bets1\Food\app\Views\Carrinho\index.php(50): CodeIgniter\Debug\Exceptions->errorHandler()
#1 C:\Users\bets1\Food\system\View\View.php(210): include('C:\\Users\\bets1\\...')
#2 C:\Users\bets1\Food\system\View\View.php(213): CodeIgniter\View\View->CodeIgniter\View\{closure}()
#3 C:\Users\bets1\Food\system\Common.php(1089): CodeIgniter\View\View->render()
#4 C:\Users\bets1\Food\app\Controllers\Carrinho.php(46): view()
#5 C:\Users\bets1\Food\system\CodeIgniter.php(825): App\Controllers\Carrinho->index()
#6 C:\Users\bets1\Food\system\CodeIgniter.php(412): CodeIgniter\CodeIgniter->runController()
#7 C:\Users\bets1\Food\system\CodeIgniter.php(320): CodeIgniter\CodeIgniter->handleRequest()
#8 C:\Users\bets1\Food\public\index.php(37): CodeIgniter\CodeIgniter->run()
#9 C:\Users\bets1\Food\system\Commands\Server\rewrite.php(43): require_once('C:\\Users\\bets1\\...')
#10 {main}
CRITICAL - 2022-05-29 13:12:36 --> Undefined variable: carrinho
#0 C:\Users\bets1\Food\app\Views\Carrinho\index.php(50): CodeIgniter\Debug\Exceptions->errorHandler()
#1 C:\Users\bets1\Food\system\View\View.php(210): include('C:\\Users\\bets1\\...')
#2 C:\Users\bets1\Food\system\View\View.php(213): CodeIgniter\View\View->CodeIgniter\View\{closure}()
#3 C:\Users\bets1\Food\system\Common.php(1089): CodeIgniter\View\View->render()
#4 C:\Users\bets1\Food\app\Controllers\Carrinho.php(45): view()
#5 C:\Users\bets1\Food\system\CodeIgniter.php(825): App\Controllers\Carrinho->index()
#6 C:\Users\bets1\Food\system\CodeIgniter.php(412): CodeIgniter\CodeIgniter->runController()
#7 C:\Users\bets1\Food\system\CodeIgniter.php(320): CodeIgniter\CodeIgniter->handleRequest()
#8 C:\Users\bets1\Food\public\index.php(37): CodeIgniter\CodeIgniter->run()
#9 C:\Users\bets1\Food\system\Commands\Server\rewrite.php(43): require_once('C:\\Users\\bets1\\...')
#10 {main}
CRITICAL - 2022-05-29 13:13:25 --> Undefined variable: carrinho
#0 C:\Users\bets1\Food\app\Views\Carrinho\index.php(50): CodeIgniter\Debug\Exceptions->errorHandler()
#1 C:\Users\bets1\Food\system\View\View.php(210): include('C:\\Users\\bets1\\...')
#2 C:\Users\bets1\Food\system\View\View.php(213): CodeIgniter\View\View->CodeIgniter\View\{closure}()
#3 C:\Users\bets1\Food\system\Common.php(1089): CodeIgniter\View\View->render()
#4 C:\Users\bets1\Food\app\Controllers\Carrinho.php(45): view()
#5 C:\Users\bets1\Food\system\CodeIgniter.php(825): App\Controllers\Carrinho->index()
#6 C:\Users\bets1\Food\system\CodeIgniter.php(412): CodeIgniter\CodeIgniter->runController()
#7 C:\Users\bets1\Food\system\CodeIgniter.php(320): CodeIgniter\CodeIgniter->handleRequest()
#8 C:\Users\bets1\Food\public\index.php(37): CodeIgniter\CodeIgniter->run()
#9 C:\Users\bets1\Food\system\Commands\Server\rewrite.php(43): require_once('C:\\Users\\bets1\\...')
#10 {main}
CRITICAL - 2022-05-29 13:14:18 --> Undefined variable: carrinho
#0 C:\Users\bets1\Food\app\Views\Carrinho\index.php(52): CodeIgniter\Debug\Exceptions->errorHandler()
#1 C:\Users\bets1\Food\system\View\View.php(210): include('C:\\Users\\bets1\\...')
#2 C:\Users\bets1\Food\system\View\View.php(213): CodeIgniter\View\View->CodeIgniter\View\{closure}()
#3 C:\Users\bets1\Food\system\Common.php(1089): CodeIgniter\View\View->render()
#4 C:\Users\bets1\Food\app\Controllers\Carrinho.php(45): view()
#5 C:\Users\bets1\Food\system\CodeIgniter.php(825): App\Controllers\Carrinho->index()
#6 C:\Users\bets1\Food\system\CodeIgniter.php(412): CodeIgniter\CodeIgniter->runController()
#7 C:\Users\bets1\Food\system\CodeIgniter.php(320): CodeIgniter\CodeIgniter->handleRequest()
#8 C:\Users\bets1\Food\public\index.php(37): CodeIgniter\CodeIgniter->run()
#9 C:\Users\bets1\Food\system\Commands\Server\rewrite.php(43): require_once('C:\\Users\\bets1\\...')
#10 {main}
CRITICAL - 2022-05-29 13:18:02 --> Undefined variable: carrinho
#0 C:\Users\bets1\Food\app\Views\Carrinho\index.php(53): CodeIgniter\Debug\Exceptions->errorHandler()
#1 C:\Users\bets1\Food\system\View\View.php(210): include('C:\\Users\\bets1\\...')
#2 C:\Users\bets1\Food\system\View\View.php(213): CodeIgniter\View\View->CodeIgniter\View\{closure}()
#3 C:\Users\bets1\Food\system\Common.php(1089): CodeIgniter\View\View->render()
#4 C:\Users\bets1\Food\app\Controllers\Carrinho.php(45): view()
#5 C:\Users\bets1\Food\system\CodeIgniter.php(825): App\Controllers\Carrinho->index()
#6 C:\Users\bets1\Food\system\CodeIgniter.php(412): CodeIgniter\CodeIgniter->runController()
#7 C:\Users\bets1\Food\system\CodeIgniter.php(320): CodeIgniter\CodeIgniter->handleRequest()
#8 C:\Users\bets1\Food\public\index.php(37): CodeIgniter\CodeIgniter->run()
#9 C:\Users\bets1\Food\system\Commands\Server\rewrite.php(43): require_once('C:\\Users\\bets1\\...')
#10 {main}
CRITICAL - 2022-05-29 13:20:06 --> Undefined variable: carrinho
#0 C:\Users\bets1\Food\app\Views\Carrinho\index.php(53): CodeIgniter\Debug\Exceptions->errorHandler()
#1 C:\Users\bets1\Food\system\View\View.php(210): include('C:\\Users\\bets1\\...')
#2 C:\Users\bets1\Food\system\View\View.php(213): CodeIgniter\View\View->CodeIgniter\View\{closure}()
#3 C:\Users\bets1\Food\system\Common.php(1089): CodeIgniter\View\View->render()
#4 C:\Users\bets1\Food\app\Controllers\Carrinho.php(45): view()
#5 C:\Users\bets1\Food\system\CodeIgniter.php(825): App\Controllers\Carrinho->index()
#6 C:\Users\bets1\Food\system\CodeIgniter.php(412): CodeIgniter\CodeIgniter->runController()
#7 C:\Users\bets1\Food\system\CodeIgniter.php(320): CodeIgniter\CodeIgniter->handleRequest()
#8 C:\Users\bets1\Food\public\index.php(37): CodeIgniter\CodeIgniter->run()
#9 C:\Users\bets1\Food\system\Commands\Server\rewrite.php(43): require_once('C:\\Users\\bets1\\...')
#10 {main}
CRITICAL - 2022-05-29 13:21:53 --> Undefined variable: carrinho
#0 C:\Users\bets1\Food\app\Views\Carrinho\index.php(53): CodeIgniter\Debug\Exceptions->errorHandler()
#1 C:\Users\bets1\Food\system\View\View.php(210): include('C:\\Users\\bets1\\...')
#2 C:\Users\bets1\Food\system\View\View.php(213): CodeIgniter\View\View->CodeIgniter\View\{closure}()
#3 C:\Users\bets1\Food\system\Common.php(1089): CodeIgniter\View\View->render()
#4 C:\Users\bets1\Food\app\Controllers\Carrinho.php(46): view()
#5 C:\Users\bets1\Food\system\CodeIgniter.php(825): App\Controllers\Carrinho->index()
#6 C:\Users\bets1\Food\system\CodeIgniter.php(412): CodeIgniter\CodeIgniter->runController()
#7 C:\Users\bets1\Food\system\CodeIgniter.php(320): CodeIgniter\CodeIgniter->handleRequest()
#8 C:\Users\bets1\Food\public\index.php(37): CodeIgniter\CodeIgniter->run()
#9 C:\Users\bets1\Food\system\Commands\Server\rewrite.php(43): require_once('C:\\Users\\bets1\\...')
#10 {main}
CRITICAL - 2022-05-29 13:50:08 --> Undefined index: carrinho
#0 C:\Users\bets1\Food\app\Controllers\Carrinho.php(40): CodeIgniter\Debug\Exceptions->errorHandler()
#1 C:\Users\bets1\Food\system\CodeIgniter.php(825): App\Controllers\Carrinho->index()
#2 C:\Users\bets1\Food\system\CodeIgniter.php(412): CodeIgniter\CodeIgniter->runController()
#3 C:\Users\bets1\Food\system\CodeIgniter.php(320): CodeIgniter\CodeIgniter->handleRequest()
#4 C:\Users\bets1\Food\public\index.php(37): CodeIgniter\CodeIgniter->run()
#5 C:\Users\bets1\Food\system\Commands\Server\rewrite.php(43): require_once('C:\\Users\\bets1\\...')
#6 {main}
CRITICAL - 2022-05-29 13:50:18 --> Undefined index: carrinho
#0 C:\Users\bets1\Food\app\Controllers\Carrinho.php(40): CodeIgniter\Debug\Exceptions->errorHandler()
#1 C:\Users\bets1\Food\system\CodeIgniter.php(825): App\Controllers\Carrinho->index()
#2 C:\Users\bets1\Food\system\CodeIgniter.php(412): CodeIgniter\CodeIgniter->runController()
#3 C:\Users\bets1\Food\system\CodeIgniter.php(320): CodeIgniter\CodeIgniter->handleRequest()
#4 C:\Users\bets1\Food\public\index.php(37): CodeIgniter\CodeIgniter->run()
#5 C:\Users\bets1\Food\system\Commands\Server\rewrite.php(43): require_once('C:\\Users\\bets1\\...')
#6 {main}
CRITICAL - 2022-05-29 13:51:51 --> Undefined variable: carrinho
#0 C:\Users\bets1\Food\app\Views\Carrinho\index.php(54): CodeIgniter\Debug\Exceptions->errorHandler()
#1 C:\Users\bets1\Food\system\View\View.php(210): include('C:\\Users\\bets1\\...')
#2 C:\Users\bets1\Food\system\View\View.php(213): CodeIgniter\View\View->CodeIgniter\View\{closure}()
#3 C:\Users\bets1\Food\system\Common.php(1089): CodeIgniter\View\View->render()
#4 C:\Users\bets1\Food\app\Controllers\Carrinho.php(49): view()
#5 C:\Users\bets1\Food\system\CodeIgniter.php(825): App\Controllers\Carrinho->index()
#6 C:\Users\bets1\Food\system\CodeIgniter.php(412): CodeIgniter\CodeIgniter->runController()
#7 C:\Users\bets1\Food\system\CodeIgniter.php(320): CodeIgniter\CodeIgniter->handleRequest()
#8 C:\Users\bets1\Food\public\index.php(37): CodeIgniter\CodeIgniter->run()
#9 C:\Users\bets1\Food\system\Commands\Server\rewrite.php(43): require_once('C:\\Users\\bets1\\...')
#10 {main}
CRITICAL - 2022-05-29 13:52:24 --> Undefined variable: carrinho
#0 C:\Users\bets1\Food\app\Views\Carrinho\index.php(54): CodeIgniter\Debug\Exceptions->errorHandler()
#1 C:\Users\bets1\Food\system\View\View.php(210): include('C:\\Users\\bets1\\...')
#2 C:\Users\bets1\Food\system\View\View.php(213): CodeIgniter\View\View->CodeIgniter\View\{closure}()
#3 C:\Users\bets1\Food\system\Common.php(1089): CodeIgniter\View\View->render()
#4 C:\Users\bets1\Food\app\Controllers\Carrinho.php(49): view()
#5 C:\Users\bets1\Food\system\CodeIgniter.php(825): App\Controllers\Carrinho->index()
#6 C:\Users\bets1\Food\system\CodeIgniter.php(412): CodeIgniter\CodeIgniter->runController()
#7 C:\Users\bets1\Food\system\CodeIgniter.php(320): CodeIgniter\CodeIgniter->handleRequest()
#8 C:\Users\bets1\Food\public\index.php(37): CodeIgniter\CodeIgniter->run()
#9 C:\Users\bets1\Food\system\Commands\Server\rewrite.php(43): require_once('C:\\Users\\bets1\\...')
#10 {main}
CRITICAL - 2022-05-29 13:53:00 --> Undefined variable: carrinho
#0 C:\Users\bets1\Food\app\Views\Carrinho\index.php(54): CodeIgniter\Debug\Exceptions->errorHandler()
#1 C:\Users\bets1\Food\system\View\View.php(210): include('C:\\Users\\bets1\\...')
#2 C:\Users\bets1\Food\system\View\View.php(213): CodeIgniter\View\View->CodeIgniter\View\{closure}()
#3 C:\Users\bets1\Food\system\Common.php(1089): CodeIgniter\View\View->render()
#4 C:\Users\bets1\Food\app\Controllers\Carrinho.php(49): view()
#5 C:\Users\bets1\Food\system\CodeIgniter.php(825): App\Controllers\Carrinho->index()
#6 C:\Users\bets1\Food\system\CodeIgniter.php(412): CodeIgniter\CodeIgniter->runController()
#7 C:\Users\bets1\Food\system\CodeIgniter.php(320): CodeIgniter\CodeIgniter->handleRequest()
#8 C:\Users\bets1\Food\public\index.php(37): CodeIgniter\CodeIgniter->run()
#9 C:\Users\bets1\Food\system\Commands\Server\rewrite.php(43): require_once('C:\\Users\\bets1\\...')
#10 {main}
CRITICAL - 2022-05-29 13:53:21 --> Undefined variable: carrinho
#0 C:\Users\bets1\Food\app\Views\Carrinho\index.php(54): CodeIgniter\Debug\Exceptions->errorHandler()
#1 C:\Users\bets1\Food\system\View\View.php(210): include('C:\\Users\\bets1\\...')
#2 C:\Users\bets1\Food\system\View\View.php(213): CodeIgniter\View\View->CodeIgniter\View\{closure}()
#3 C:\Users\bets1\Food\system\Common.php(1089): CodeIgniter\View\View->render()
#4 C:\Users\bets1\Food\app\Controllers\Carrinho.php(49): view()
#5 C:\Users\bets1\Food\system\CodeIgniter.php(825): App\Controllers\Carrinho->index()
#6 C:\Users\bets1\Food\system\CodeIgniter.php(412): CodeIgniter\CodeIgniter->runController()
#7 C:\Users\bets1\Food\system\CodeIgniter.php(320): CodeIgniter\CodeIgniter->handleRequest()
#8 C:\Users\bets1\Food\public\index.php(37): CodeIgniter\CodeIgniter->run()
#9 C:\Users\bets1\Food\system\Commands\Server\rewrite.php(43): require_once('C:\\Users\\bets1\\...')
#10 {main}
CRITICAL - 2022-05-29 14:19:27 --> Undefined index: carrinho
#0 C:\Users\bets1\Food\app\Controllers\Carrinho.php(47): CodeIgniter\Debug\Exceptions->errorHandler()
#1 C:\Users\bets1\Food\system\CodeIgniter.php(825): App\Controllers\Carrinho->index()
#2 C:\Users\bets1\Food\system\CodeIgniter.php(412): CodeIgniter\CodeIgniter->runController()
#3 C:\Users\bets1\Food\system\CodeIgniter.php(320): CodeIgniter\CodeIgniter->handleRequest()
#4 C:\Users\bets1\Food\public\index.php(37): CodeIgniter\CodeIgniter->run()
#5 C:\Users\bets1\Food\system\Commands\Server\rewrite.php(43): require_once('C:\\Users\\bets1\\...')
#6 {main}
CRITICAL - 2022-05-29 14:19:35 --> Undefined index: carrinho
#0 C:\Users\bets1\Food\app\Controllers\Carrinho.php(47): CodeIgniter\Debug\Exceptions->errorHandler()
#1 C:\Users\bets1\Food\system\CodeIgniter.php(825): App\Controllers\Carrinho->index()
#2 C:\Users\bets1\Food\system\CodeIgniter.php(412): CodeIgniter\CodeIgniter->runController()
#3 C:\Users\bets1\Food\system\CodeIgniter.php(320): CodeIgniter\CodeIgniter->handleRequest()
#4 C:\Users\bets1\Food\public\index.php(37): CodeIgniter\CodeIgniter->run()
#5 C:\Users\bets1\Food\system\Commands\Server\rewrite.php(43): require_once('C:\\Users\\bets1\\...')
#6 {main}
CRITICAL - 2022-05-29 14:22:25 --> Undefined variable: carrinho
#0 C:\Users\bets1\Food\app\Views\Carrinho\index.php(55): CodeIgniter\Debug\Exceptions->errorHandler()
#1 C:\Users\bets1\Food\system\View\View.php(210): include('C:\\Users\\bets1\\...')
#2 C:\Users\bets1\Food\system\View\View.php(213): CodeIgniter\View\View->CodeIgniter\View\{closure}()
#3 C:\Users\bets1\Food\system\Common.php(1089): CodeIgniter\View\View->render()
#4 C:\Users\bets1\Food\app\Controllers\Carrinho.php(48): view()
#5 C:\Users\bets1\Food\system\CodeIgniter.php(825): App\Controllers\Carrinho->index()
#6 C:\Users\bets1\Food\system\CodeIgniter.php(412): CodeIgniter\CodeIgniter->runController()
#7 C:\Users\bets1\Food\system\CodeIgniter.php(320): CodeIgniter\CodeIgniter->handleRequest()
#8 C:\Users\bets1\Food\public\index.php(37): CodeIgniter\CodeIgniter->run()
#9 C:\Users\bets1\Food\system\Commands\Server\rewrite.php(43): require_once('C:\\Users\\bets1\\...')
#10 {main}
