CRITICAL - 2022-04-07 09:14:01 --> Arquivo inv치lido: testeci4.php
#0 C:\Users\Adasi\Documents\Project_food\system\View\View.php(198): CodeIgniter\Exceptions\FrameworkException::forInvalidFile()
#1 C:\Users\Adasi\Documents\Project_food\system\Common.php(1089): CodeIgniter\View\View->render()
#2 C:\Users\Adasi\Documents\Project_food\app\Controllers\Home.php(9): view()
#3 C:\Users\Adasi\Documents\Project_food\system\CodeIgniter.php(825): App\Controllers\Home->index()
#4 C:\Users\Adasi\Documents\Project_food\system\CodeIgniter.php(412): CodeIgniter\CodeIgniter->runController()
#5 C:\Users\Adasi\Documents\Project_food\system\CodeIgniter.php(320): CodeIgniter\CodeIgniter->handleRequest()
#6 C:\Users\Adasi\Documents\Project_food\public\index.php(37): CodeIgniter\CodeIgniter->run()
#7 C:\Users\Adasi\Documents\Project_food\system\Commands\Server\rewrite.php(43): require_once('C:\\Users\\Adasi\\...')
#8 {main}
CRITICAL - 2022-04-07 10:12:44 --> Arquivo inv치lido: testeci4.php
#0 C:\Users\Adasi\Documents\Project_food\system\View\View.php(198): CodeIgniter\Exceptions\FrameworkException::forInvalidFile()
#1 C:\Users\Adasi\Documents\Project_food\system\Common.php(1089): CodeIgniter\View\View->render()
#2 C:\Users\Adasi\Documents\Project_food\app\Controllers\Home.php(9): view()
#3 C:\Users\Adasi\Documents\Project_food\system\CodeIgniter.php(825): App\Controllers\Home->index()
#4 C:\Users\Adasi\Documents\Project_food\system\CodeIgniter.php(412): CodeIgniter\CodeIgniter->runController()
#5 C:\Users\Adasi\Documents\Project_food\system\CodeIgniter.php(320): CodeIgniter\CodeIgniter->handleRequest()
#6 C:\Users\Adasi\Documents\Project_food\public\index.php(37): CodeIgniter\CodeIgniter->run()
#7 C:\Users\Adasi\Documents\Project_food\system\Commands\Server\rewrite.php(43): require_once('C:\\Users\\Adasi\\...')
#8 {main}
CRITICAL - 2022-04-07 11:00:17 --> Call to undefined function App\Controllers\Admin\consultaCep()
#0 C:\Users\Adasi\Documents\Project_food\system\CodeIgniter.php(825): App\Controllers\Admin\Bairros->consultaCep()
#1 C:\Users\Adasi\Documents\Project_food\system\CodeIgniter.php(412): CodeIgniter\CodeIgniter->runController()
#2 C:\Users\Adasi\Documents\Project_food\system\CodeIgniter.php(320): CodeIgniter\CodeIgniter->handleRequest()
#3 C:\Users\Adasi\Documents\Project_food\public\index.php(37): CodeIgniter\CodeIgniter->run()
#4 C:\Users\Adasi\Documents\Project_food\system\Commands\Server\rewrite.php(43): require_once('C:\\Users\\Adasi\\...')
#5 {main}
CRITICAL - 2022-04-07 11:00:19 --> Call to undefined function App\Controllers\Admin\consultaCep()
#0 C:\Users\Adasi\Documents\Project_food\system\CodeIgniter.php(825): App\Controllers\Admin\Bairros->consultaCep()
#1 C:\Users\Adasi\Documents\Project_food\system\CodeIgniter.php(412): CodeIgniter\CodeIgniter->runController()
#2 C:\Users\Adasi\Documents\Project_food\system\CodeIgniter.php(320): CodeIgniter\CodeIgniter->handleRequest()
#3 C:\Users\Adasi\Documents\Project_food\public\index.php(37): CodeIgniter\CodeIgniter->run()
#4 C:\Users\Adasi\Documents\Project_food\system\Commands\Server\rewrite.php(43): require_once('C:\\Users\\Adasi\\...')
#5 {main}
CRITICAL - 2022-04-07 11:00:21 --> Call to undefined function App\Controllers\Admin\consultaCep()
#0 C:\Users\Adasi\Documents\Project_food\system\CodeIgniter.php(825): App\Controllers\Admin\Bairros->consultaCep()
#1 C:\Users\Adasi\Documents\Project_food\system\CodeIgniter.php(412): CodeIgniter\CodeIgniter->runController()
#2 C:\Users\Adasi\Documents\Project_food\system\CodeIgniter.php(320): CodeIgniter\CodeIgniter->handleRequest()
#3 C:\Users\Adasi\Documents\Project_food\public\index.php(37): CodeIgniter\CodeIgniter->run()
#4 C:\Users\Adasi\Documents\Project_food\system\Commands\Server\rewrite.php(43): require_once('C:\\Users\\Adasi\\...')
#5 {main}
CRITICAL - 2022-04-07 11:00:23 --> Call to undefined function App\Controllers\Admin\consultaCep()
#0 C:\Users\Adasi\Documents\Project_food\system\CodeIgniter.php(825): App\Controllers\Admin\Bairros->consultaCep()
#1 C:\Users\Adasi\Documents\Project_food\system\CodeIgniter.php(412): CodeIgniter\CodeIgniter->runController()
#2 C:\Users\Adasi\Documents\Project_food\system\CodeIgniter.php(320): CodeIgniter\CodeIgniter->handleRequest()
#3 C:\Users\Adasi\Documents\Project_food\public\index.php(37): CodeIgniter\CodeIgniter->run()
#4 C:\Users\Adasi\Documents\Project_food\system\Commands\Server\rewrite.php(43): require_once('C:\\Users\\Adasi\\...')
#5 {main}
CRITICAL - 2022-04-07 11:00:33 --> Call to undefined function App\Controllers\Admin\consultaCep()
#0 C:\Users\Adasi\Documents\Project_food\system\CodeIgniter.php(825): App\Controllers\Admin\Bairros->consultaCep()
#1 C:\Users\Adasi\Documents\Project_food\system\CodeIgniter.php(412): CodeIgniter\CodeIgniter->runController()
#2 C:\Users\Adasi\Documents\Project_food\system\CodeIgniter.php(320): CodeIgniter\CodeIgniter->handleRequest()
#3 C:\Users\Adasi\Documents\Project_food\public\index.php(37): CodeIgniter\CodeIgniter->run()
#4 C:\Users\Adasi\Documents\Project_food\system\Commands\Server\rewrite.php(43): require_once('C:\\Users\\Adasi\\...')
#5 {main}
CRITICAL - 2022-04-07 11:00:35 --> Call to undefined function App\Controllers\Admin\consultaCep()
#0 C:\Users\Adasi\Documents\Project_food\system\CodeIgniter.php(825): App\Controllers\Admin\Bairros->consultaCep()
#1 C:\Users\Adasi\Documents\Project_food\system\CodeIgniter.php(412): CodeIgniter\CodeIgniter->runController()
#2 C:\Users\Adasi\Documents\Project_food\system\CodeIgniter.php(320): CodeIgniter\CodeIgniter->handleRequest()
#3 C:\Users\Adasi\Documents\Project_food\public\index.php(37): CodeIgniter\CodeIgniter->run()
#4 C:\Users\Adasi\Documents\Project_food\system\Commands\Server\rewrite.php(43): require_once('C:\\Users\\Adasi\\...')
#5 {main}
CRITICAL - 2022-04-07 11:00:36 --> Call to undefined function App\Controllers\Admin\consultaCep()
#0 C:\Users\Adasi\Documents\Project_food\system\CodeIgniter.php(825): App\Controllers\Admin\Bairros->consultaCep()
#1 C:\Users\Adasi\Documents\Project_food\system\CodeIgniter.php(412): CodeIgniter\CodeIgniter->runController()
#2 C:\Users\Adasi\Documents\Project_food\system\CodeIgniter.php(320): CodeIgniter\CodeIgniter->handleRequest()
#3 C:\Users\Adasi\Documents\Project_food\public\index.php(37): CodeIgniter\CodeIgniter->run()
#4 C:\Users\Adasi\Documents\Project_food\system\Commands\Server\rewrite.php(43): require_once('C:\\Users\\Adasi\\...')
#5 {main}
CRITICAL - 2022-04-07 11:04:36 --> Arquivo inv치lido: testeci4.php
#0 C:\Users\Adasi\Documents\Project_food\system\View\View.php(198): CodeIgniter\Exceptions\FrameworkException::forInvalidFile()
#1 C:\Users\Adasi\Documents\Project_food\system\Common.php(1089): CodeIgniter\View\View->render()
#2 C:\Users\Adasi\Documents\Project_food\app\Controllers\Home.php(9): view()
#3 C:\Users\Adasi\Documents\Project_food\system\CodeIgniter.php(825): App\Controllers\Home->index()
#4 C:\Users\Adasi\Documents\Project_food\system\CodeIgniter.php(412): CodeIgniter\CodeIgniter->runController()
#5 C:\Users\Adasi\Documents\Project_food\system\CodeIgniter.php(320): CodeIgniter\CodeIgniter->handleRequest()
#6 C:\Users\Adasi\Documents\Project_food\public\index.php(37): CodeIgniter\CodeIgniter->run()
#7 C:\Users\Adasi\Documents\Project_food\system\Commands\Server\rewrite.php(43): require_once('C:\\Users\\Adasi\\...')
#8 {main}
CRITICAL - 2022-04-07 11:05:23 --> Arquivo inv치lido: testeci4.php
#0 C:\Users\Adasi\Documents\Project_food\system\View\View.php(198): CodeIgniter\Exceptions\FrameworkException::forInvalidFile()
#1 C:\Users\Adasi\Documents\Project_food\system\Common.php(1089): CodeIgniter\View\View->render()
#2 C:\Users\Adasi\Documents\Project_food\app\Controllers\Home.php(9): view()
#3 C:\Users\Adasi\Documents\Project_food\system\CodeIgniter.php(825): App\Controllers\Home->index()
#4 C:\Users\Adasi\Documents\Project_food\system\CodeIgniter.php(412): CodeIgniter\CodeIgniter->runController()
#5 C:\Users\Adasi\Documents\Project_food\system\CodeIgniter.php(320): CodeIgniter\CodeIgniter->handleRequest()
#6 C:\Users\Adasi\Documents\Project_food\public\index.php(37): CodeIgniter\CodeIgniter->run()
#7 C:\Users\Adasi\Documents\Project_food\system\Commands\Server\rewrite.php(43): require_once('C:\\Users\\Adasi\\...')
#8 {main}
ERROR - 2022-04-07 11:39:09 --> ErrorException: pg_query(): Query failed: ERROR:  duplicate key value violates unique constraint &quot;pk_bairros&quot;
DETAIL:  Key (id)=(1) already exists. in C:\Users\Adasi\Documents\Project_food\system\Database\Postgre\Connection.php:135
Stack trace:
#0 [internal function]: CodeIgniter\Debug\Exceptions->errorHandler()
#1 C:\Users\Adasi\Documents\Project_food\system\Database\Postgre\Connection.php(135): pg_query()
#2 C:\Users\Adasi\Documents\Project_food\system\Database\BaseConnection.php(670): CodeIgniter\Database\Postgre\Connection->execute()
#3 C:\Users\Adasi\Documents\Project_food\system\Database\BaseConnection.php(598): CodeIgniter\Database\BaseConnection->simpleQuery()
#4 C:\Users\Adasi\Documents\Project_food\system\Database\BaseBuilder.php(1771): CodeIgniter\Database\BaseConnection->query()
#5 C:\Users\Adasi\Documents\Project_food\system\Model.php(239): CodeIgniter\Database\BaseBuilder->insert()
#6 C:\Users\Adasi\Documents\Project_food\system\BaseModel.php(738): CodeIgniter\Model->doInsert()
#7 C:\Users\Adasi\Documents\Project_food\system\Model.php(625): CodeIgniter\BaseModel->insert()
#8 C:\Users\Adasi\Documents\Project_food\system\BaseModel.php(658): CodeIgniter\Model->insert()
#9 C:\Users\Adasi\Documents\Project_food\app\Controllers\Admin\Bairros.php(190): CodeIgniter\BaseModel->save()
#10 C:\Users\Adasi\Documents\Project_food\system\CodeIgniter.php(825): App\Controllers\Admin\Bairros->cadastrar()
#11 C:\Users\Adasi\Documents\Project_food\system\CodeIgniter.php(412): CodeIgniter\CodeIgniter->runController()
#12 C:\Users\Adasi\Documents\Project_food\system\CodeIgniter.php(320): CodeIgniter\CodeIgniter->handleRequest()
#13 C:\Users\Adasi\Documents\Project_food\public\index.php(37): CodeIgniter\CodeIgniter->run()
#14 C:\Users\Adasi\Documents\Project_food\system\Commands\Server\rewrite.php(43): require_once('C:\\Users\\Adasi\\...')
#15 {main}
CRITICAL - 2022-04-07 11:39:09 --> pg_query(): Query failed: ERROR:  duplicate key value violates unique constraint &quot;pk_bairros&quot;
DETAIL:  Key (id)=(1) already exists.
#0 [internal function]: CodeIgniter\Debug\Exceptions->errorHandler()
#1 C:\Users\Adasi\Documents\Project_food\system\Database\Postgre\Connection.php(135): pg_query()
#2 C:\Users\Adasi\Documents\Project_food\system\Database\BaseConnection.php(670): CodeIgniter\Database\Postgre\Connection->execute()
#3 C:\Users\Adasi\Documents\Project_food\system\Database\BaseConnection.php(598): CodeIgniter\Database\BaseConnection->simpleQuery()
#4 C:\Users\Adasi\Documents\Project_food\system\Database\BaseBuilder.php(1771): CodeIgniter\Database\BaseConnection->query()
#5 C:\Users\Adasi\Documents\Project_food\system\Model.php(239): CodeIgniter\Database\BaseBuilder->insert()
#6 C:\Users\Adasi\Documents\Project_food\system\BaseModel.php(738): CodeIgniter\Model->doInsert()
#7 C:\Users\Adasi\Documents\Project_food\system\Model.php(625): CodeIgniter\BaseModel->insert()
#8 C:\Users\Adasi\Documents\Project_food\system\BaseModel.php(658): CodeIgniter\Model->insert()
#9 C:\Users\Adasi\Documents\Project_food\app\Controllers\Admin\Bairros.php(190): CodeIgniter\BaseModel->save()
#10 C:\Users\Adasi\Documents\Project_food\system\CodeIgniter.php(825): App\Controllers\Admin\Bairros->cadastrar()
#11 C:\Users\Adasi\Documents\Project_food\system\CodeIgniter.php(412): CodeIgniter\CodeIgniter->runController()
#12 C:\Users\Adasi\Documents\Project_food\system\CodeIgniter.php(320): CodeIgniter\CodeIgniter->handleRequest()
#13 C:\Users\Adasi\Documents\Project_food\public\index.php(37): CodeIgniter\CodeIgniter->run()
#14 C:\Users\Adasi\Documents\Project_food\system\Commands\Server\rewrite.php(43): require_once('C:\\Users\\Adasi\\...')
#15 {main}
CRITICAL - 2022-04-07 11:42:38 --> Argument 1 passed to App\Controllers\Admin\Bairros::buscaBairroOu404() must be of the type int or null, string given, called in C:\Users\Adasi\Documents\Project_food\app\Controllers\Admin\Bairros.php on line 158
#0 C:\Users\Adasi\Documents\Project_food\app\Controllers\Admin\Bairros.php(158): App\Controllers\Admin\Bairros->buscaBairroOu404()
#1 C:\Users\Adasi\Documents\Project_food\system\CodeIgniter.php(825): App\Controllers\Admin\Bairros->show()
#2 C:\Users\Adasi\Documents\Project_food\system\CodeIgniter.php(412): CodeIgniter\CodeIgniter->runController()
#3 C:\Users\Adasi\Documents\Project_food\system\CodeIgniter.php(320): CodeIgniter\CodeIgniter->handleRequest()
#4 C:\Users\Adasi\Documents\Project_food\public\index.php(37): CodeIgniter\CodeIgniter->run()
#5 C:\Users\Adasi\Documents\Project_food\system\Commands\Server\rewrite.php(43): require_once('C:\\Users\\Adasi\\...')
#6 {main}
CRITICAL - 2022-04-07 11:42:39 --> Argument 1 passed to App\Controllers\Admin\Bairros::buscaBairroOu404() must be of the type int or null, string given, called in C:\Users\Adasi\Documents\Project_food\app\Controllers\Admin\Bairros.php on line 158
#0 C:\Users\Adasi\Documents\Project_food\app\Controllers\Admin\Bairros.php(158): App\Controllers\Admin\Bairros->buscaBairroOu404()
#1 C:\Users\Adasi\Documents\Project_food\system\CodeIgniter.php(825): App\Controllers\Admin\Bairros->show()
#2 C:\Users\Adasi\Documents\Project_food\system\CodeIgniter.php(412): CodeIgniter\CodeIgniter->runController()
#3 C:\Users\Adasi\Documents\Project_food\system\CodeIgniter.php(320): CodeIgniter\CodeIgniter->handleRequest()
#4 C:\Users\Adasi\Documents\Project_food\public\index.php(37): CodeIgniter\CodeIgniter->run()
#5 C:\Users\Adasi\Documents\Project_food\system\Commands\Server\rewrite.php(43): require_once('C:\\Users\\Adasi\\...')
#6 {main}
CRITICAL - 2022-04-07 11:42:39 --> Argument 1 passed to App\Controllers\Admin\Bairros::buscaBairroOu404() must be of the type int or null, string given, called in C:\Users\Adasi\Documents\Project_food\app\Controllers\Admin\Bairros.php on line 158
#0 C:\Users\Adasi\Documents\Project_food\app\Controllers\Admin\Bairros.php(158): App\Controllers\Admin\Bairros->buscaBairroOu404()
#1 C:\Users\Adasi\Documents\Project_food\system\CodeIgniter.php(825): App\Controllers\Admin\Bairros->show()
#2 C:\Users\Adasi\Documents\Project_food\system\CodeIgniter.php(412): CodeIgniter\CodeIgniter->runController()
#3 C:\Users\Adasi\Documents\Project_food\system\CodeIgniter.php(320): CodeIgniter\CodeIgniter->handleRequest()
#4 C:\Users\Adasi\Documents\Project_food\public\index.php(37): CodeIgniter\CodeIgniter->run()
#5 C:\Users\Adasi\Documents\Project_food\system\Commands\Server\rewrite.php(43): require_once('C:\\Users\\Adasi\\...')
#6 {main}
CRITICAL - 2022-04-07 11:42:40 --> Argument 1 passed to App\Controllers\Admin\Bairros::buscaBairroOu404() must be of the type int or null, string given, called in C:\Users\Adasi\Documents\Project_food\app\Controllers\Admin\Bairros.php on line 158
#0 C:\Users\Adasi\Documents\Project_food\app\Controllers\Admin\Bairros.php(158): App\Controllers\Admin\Bairros->buscaBairroOu404()
#1 C:\Users\Adasi\Documents\Project_food\system\CodeIgniter.php(825): App\Controllers\Admin\Bairros->show()
#2 C:\Users\Adasi\Documents\Project_food\system\CodeIgniter.php(412): CodeIgniter\CodeIgniter->runController()
#3 C:\Users\Adasi\Documents\Project_food\system\CodeIgniter.php(320): CodeIgniter\CodeIgniter->handleRequest()
#4 C:\Users\Adasi\Documents\Project_food\public\index.php(37): CodeIgniter\CodeIgniter->run()
#5 C:\Users\Adasi\Documents\Project_food\system\Commands\Server\rewrite.php(43): require_once('C:\\Users\\Adasi\\...')
#6 {main}
CRITICAL - 2022-04-07 11:42:41 --> Argument 1 passed to App\Controllers\Admin\Bairros::buscaBairroOu404() must be of the type int or null, string given, called in C:\Users\Adasi\Documents\Project_food\app\Controllers\Admin\Bairros.php on line 158
#0 C:\Users\Adasi\Documents\Project_food\app\Controllers\Admin\Bairros.php(158): App\Controllers\Admin\Bairros->buscaBairroOu404()
#1 C:\Users\Adasi\Documents\Project_food\system\CodeIgniter.php(825): App\Controllers\Admin\Bairros->show()
#2 C:\Users\Adasi\Documents\Project_food\system\CodeIgniter.php(412): CodeIgniter\CodeIgniter->runController()
#3 C:\Users\Adasi\Documents\Project_food\system\CodeIgniter.php(320): CodeIgniter\CodeIgniter->handleRequest()
#4 C:\Users\Adasi\Documents\Project_food\public\index.php(37): CodeIgniter\CodeIgniter->run()
#5 C:\Users\Adasi\Documents\Project_food\system\Commands\Server\rewrite.php(43): require_once('C:\\Users\\Adasi\\...')
#6 {main}
CRITICAL - 2022-04-07 11:42:41 --> Argument 1 passed to App\Controllers\Admin\Bairros::buscaBairroOu404() must be of the type int or null, string given, called in C:\Users\Adasi\Documents\Project_food\app\Controllers\Admin\Bairros.php on line 158
#0 C:\Users\Adasi\Documents\Project_food\app\Controllers\Admin\Bairros.php(158): App\Controllers\Admin\Bairros->buscaBairroOu404()
#1 C:\Users\Adasi\Documents\Project_food\system\CodeIgniter.php(825): App\Controllers\Admin\Bairros->show()
#2 C:\Users\Adasi\Documents\Project_food\system\CodeIgniter.php(412): CodeIgniter\CodeIgniter->runController()
#3 C:\Users\Adasi\Documents\Project_food\system\CodeIgniter.php(320): CodeIgniter\CodeIgniter->handleRequest()
#4 C:\Users\Adasi\Documents\Project_food\public\index.php(37): CodeIgniter\CodeIgniter->run()
#5 C:\Users\Adasi\Documents\Project_food\system\Commands\Server\rewrite.php(43): require_once('C:\\Users\\Adasi\\...')
#6 {main}
CRITICAL - 2022-04-07 11:47:54 --> Argument 1 passed to App\Controllers\Admin\Bairros::buscaBairroOu404() must be of the type int or null, string given, called in C:\Users\Adasi\Documents\Project_food\app\Controllers\Admin\Bairros.php on line 158
#0 C:\Users\Adasi\Documents\Project_food\app\Controllers\Admin\Bairros.php(158): App\Controllers\Admin\Bairros->buscaBairroOu404()
#1 C:\Users\Adasi\Documents\Project_food\system\CodeIgniter.php(825): App\Controllers\Admin\Bairros->show()
#2 C:\Users\Adasi\Documents\Project_food\system\CodeIgniter.php(412): CodeIgniter\CodeIgniter->runController()
#3 C:\Users\Adasi\Documents\Project_food\system\CodeIgniter.php(320): CodeIgniter\CodeIgniter->handleRequest()
#4 C:\Users\Adasi\Documents\Project_food\public\index.php(37): CodeIgniter\CodeIgniter->run()
#5 C:\Users\Adasi\Documents\Project_food\system\Commands\Server\rewrite.php(43): require_once('C:\\Users\\Adasi\\...')
#6 {main}
CRITICAL - 2022-04-07 11:47:54 --> Argument 1 passed to App\Controllers\Admin\Bairros::buscaBairroOu404() must be of the type int or null, string given, called in C:\Users\Adasi\Documents\Project_food\app\Controllers\Admin\Bairros.php on line 158
#0 C:\Users\Adasi\Documents\Project_food\app\Controllers\Admin\Bairros.php(158): App\Controllers\Admin\Bairros->buscaBairroOu404()
#1 C:\Users\Adasi\Documents\Project_food\system\CodeIgniter.php(825): App\Controllers\Admin\Bairros->show()
#2 C:\Users\Adasi\Documents\Project_food\system\CodeIgniter.php(412): CodeIgniter\CodeIgniter->runController()
#3 C:\Users\Adasi\Documents\Project_food\system\CodeIgniter.php(320): CodeIgniter\CodeIgniter->handleRequest()
#4 C:\Users\Adasi\Documents\Project_food\public\index.php(37): CodeIgniter\CodeIgniter->run()
#5 C:\Users\Adasi\Documents\Project_food\system\Commands\Server\rewrite.php(43): require_once('C:\\Users\\Adasi\\...')
#6 {main}
CRITICAL - 2022-04-07 11:47:55 --> Argument 1 passed to App\Controllers\Admin\Bairros::buscaBairroOu404() must be of the type int or null, string given, called in C:\Users\Adasi\Documents\Project_food\app\Controllers\Admin\Bairros.php on line 158
#0 C:\Users\Adasi\Documents\Project_food\app\Controllers\Admin\Bairros.php(158): App\Controllers\Admin\Bairros->buscaBairroOu404()
#1 C:\Users\Adasi\Documents\Project_food\system\CodeIgniter.php(825): App\Controllers\Admin\Bairros->show()
#2 C:\Users\Adasi\Documents\Project_food\system\CodeIgniter.php(412): CodeIgniter\CodeIgniter->runController()
#3 C:\Users\Adasi\Documents\Project_food\system\CodeIgniter.php(320): CodeIgniter\CodeIgniter->handleRequest()
#4 C:\Users\Adasi\Documents\Project_food\public\index.php(37): CodeIgniter\CodeIgniter->run()
#5 C:\Users\Adasi\Documents\Project_food\system\Commands\Server\rewrite.php(43): require_once('C:\\Users\\Adasi\\...')
#6 {main}
CRITICAL - 2022-04-07 11:47:55 --> Argument 1 passed to App\Controllers\Admin\Bairros::buscaBairroOu404() must be of the type int or null, string given, called in C:\Users\Adasi\Documents\Project_food\app\Controllers\Admin\Bairros.php on line 158
#0 C:\Users\Adasi\Documents\Project_food\app\Controllers\Admin\Bairros.php(158): App\Controllers\Admin\Bairros->buscaBairroOu404()
#1 C:\Users\Adasi\Documents\Project_food\system\CodeIgniter.php(825): App\Controllers\Admin\Bairros->show()
#2 C:\Users\Adasi\Documents\Project_food\system\CodeIgniter.php(412): CodeIgniter\CodeIgniter->runController()
#3 C:\Users\Adasi\Documents\Project_food\system\CodeIgniter.php(320): CodeIgniter\CodeIgniter->handleRequest()
#4 C:\Users\Adasi\Documents\Project_food\public\index.php(37): CodeIgniter\CodeIgniter->run()
#5 C:\Users\Adasi\Documents\Project_food\system\Commands\Server\rewrite.php(43): require_once('C:\\Users\\Adasi\\...')
#6 {main}
CRITICAL - 2022-04-07 11:47:56 --> Argument 1 passed to App\Controllers\Admin\Bairros::buscaBairroOu404() must be of the type int or null, string given, called in C:\Users\Adasi\Documents\Project_food\app\Controllers\Admin\Bairros.php on line 158
#0 C:\Users\Adasi\Documents\Project_food\app\Controllers\Admin\Bairros.php(158): App\Controllers\Admin\Bairros->buscaBairroOu404()
#1 C:\Users\Adasi\Documents\Project_food\system\CodeIgniter.php(825): App\Controllers\Admin\Bairros->show()
#2 C:\Users\Adasi\Documents\Project_food\system\CodeIgniter.php(412): CodeIgniter\CodeIgniter->runController()
#3 C:\Users\Adasi\Documents\Project_food\system\CodeIgniter.php(320): CodeIgniter\CodeIgniter->handleRequest()
#4 C:\Users\Adasi\Documents\Project_food\public\index.php(37): CodeIgniter\CodeIgniter->run()
#5 C:\Users\Adasi\Documents\Project_food\system\Commands\Server\rewrite.php(43): require_once('C:\\Users\\Adasi\\...')
#6 {main}
CRITICAL - 2022-04-07 11:47:56 --> Argument 1 passed to App\Controllers\Admin\Bairros::buscaBairroOu404() must be of the type int or null, string given, called in C:\Users\Adasi\Documents\Project_food\app\Controllers\Admin\Bairros.php on line 158
#0 C:\Users\Adasi\Documents\Project_food\app\Controllers\Admin\Bairros.php(158): App\Controllers\Admin\Bairros->buscaBairroOu404()
#1 C:\Users\Adasi\Documents\Project_food\system\CodeIgniter.php(825): App\Controllers\Admin\Bairros->show()
#2 C:\Users\Adasi\Documents\Project_food\system\CodeIgniter.php(412): CodeIgniter\CodeIgniter->runController()
#3 C:\Users\Adasi\Documents\Project_food\system\CodeIgniter.php(320): CodeIgniter\CodeIgniter->handleRequest()
#4 C:\Users\Adasi\Documents\Project_food\public\index.php(37): CodeIgniter\CodeIgniter->run()
#5 C:\Users\Adasi\Documents\Project_food\system\Commands\Server\rewrite.php(43): require_once('C:\\Users\\Adasi\\...')
#6 {main}
CRITICAL - 2022-04-07 11:48:06 --> Argument 1 passed to App\Controllers\Admin\Bairros::buscaBairroOu404() must be of the type int or null, string given, called in C:\Users\Adasi\Documents\Project_food\app\Controllers\Admin\Bairros.php on line 57
#0 C:\Users\Adasi\Documents\Project_food\app\Controllers\Admin\Bairros.php(57): App\Controllers\Admin\Bairros->buscaBairroOu404()
#1 C:\Users\Adasi\Documents\Project_food\system\CodeIgniter.php(825): App\Controllers\Admin\Bairros->editar()
#2 C:\Users\Adasi\Documents\Project_food\system\CodeIgniter.php(412): CodeIgniter\CodeIgniter->runController()
#3 C:\Users\Adasi\Documents\Project_food\system\CodeIgniter.php(320): CodeIgniter\CodeIgniter->handleRequest()
#4 C:\Users\Adasi\Documents\Project_food\public\index.php(37): CodeIgniter\CodeIgniter->run()
#5 C:\Users\Adasi\Documents\Project_food\system\Commands\Server\rewrite.php(43): require_once('C:\\Users\\Adasi\\...')
#6 {main}
CRITICAL - 2022-04-07 11:48:06 --> Argument 1 passed to App\Controllers\Admin\Bairros::buscaBairroOu404() must be of the type int or null, string given, called in C:\Users\Adasi\Documents\Project_food\app\Controllers\Admin\Bairros.php on line 57
#0 C:\Users\Adasi\Documents\Project_food\app\Controllers\Admin\Bairros.php(57): App\Controllers\Admin\Bairros->buscaBairroOu404()
#1 C:\Users\Adasi\Documents\Project_food\system\CodeIgniter.php(825): App\Controllers\Admin\Bairros->editar()
#2 C:\Users\Adasi\Documents\Project_food\system\CodeIgniter.php(412): CodeIgniter\CodeIgniter->runController()
#3 C:\Users\Adasi\Documents\Project_food\system\CodeIgniter.php(320): CodeIgniter\CodeIgniter->handleRequest()
#4 C:\Users\Adasi\Documents\Project_food\public\index.php(37): CodeIgniter\CodeIgniter->run()
#5 C:\Users\Adasi\Documents\Project_food\system\Commands\Server\rewrite.php(43): require_once('C:\\Users\\Adasi\\...')
#6 {main}
CRITICAL - 2022-04-07 11:48:07 --> Argument 1 passed to App\Controllers\Admin\Bairros::buscaBairroOu404() must be of the type int or null, string given, called in C:\Users\Adasi\Documents\Project_food\app\Controllers\Admin\Bairros.php on line 57
#0 C:\Users\Adasi\Documents\Project_food\app\Controllers\Admin\Bairros.php(57): App\Controllers\Admin\Bairros->buscaBairroOu404()
#1 C:\Users\Adasi\Documents\Project_food\system\CodeIgniter.php(825): App\Controllers\Admin\Bairros->editar()
#2 C:\Users\Adasi\Documents\Project_food\system\CodeIgniter.php(412): CodeIgniter\CodeIgniter->runController()
#3 C:\Users\Adasi\Documents\Project_food\system\CodeIgniter.php(320): CodeIgniter\CodeIgniter->handleRequest()
#4 C:\Users\Adasi\Documents\Project_food\public\index.php(37): CodeIgniter\CodeIgniter->run()
#5 C:\Users\Adasi\Documents\Project_food\system\Commands\Server\rewrite.php(43): require_once('C:\\Users\\Adasi\\...')
#6 {main}
CRITICAL - 2022-04-07 11:48:08 --> Argument 1 passed to App\Controllers\Admin\Bairros::buscaBairroOu404() must be of the type int or null, string given, called in C:\Users\Adasi\Documents\Project_food\app\Controllers\Admin\Bairros.php on line 57
#0 C:\Users\Adasi\Documents\Project_food\app\Controllers\Admin\Bairros.php(57): App\Controllers\Admin\Bairros->buscaBairroOu404()
#1 C:\Users\Adasi\Documents\Project_food\system\CodeIgniter.php(825): App\Controllers\Admin\Bairros->editar()
#2 C:\Users\Adasi\Documents\Project_food\system\CodeIgniter.php(412): CodeIgniter\CodeIgniter->runController()
#3 C:\Users\Adasi\Documents\Project_food\system\CodeIgniter.php(320): CodeIgniter\CodeIgniter->handleRequest()
#4 C:\Users\Adasi\Documents\Project_food\public\index.php(37): CodeIgniter\CodeIgniter->run()
#5 C:\Users\Adasi\Documents\Project_food\system\Commands\Server\rewrite.php(43): require_once('C:\\Users\\Adasi\\...')
#6 {main}
CRITICAL - 2022-04-07 11:48:08 --> Argument 1 passed to App\Controllers\Admin\Bairros::buscaBairroOu404() must be of the type int or null, string given, called in C:\Users\Adasi\Documents\Project_food\app\Controllers\Admin\Bairros.php on line 57
#0 C:\Users\Adasi\Documents\Project_food\app\Controllers\Admin\Bairros.php(57): App\Controllers\Admin\Bairros->buscaBairroOu404()
#1 C:\Users\Adasi\Documents\Project_food\system\CodeIgniter.php(825): App\Controllers\Admin\Bairros->editar()
#2 C:\Users\Adasi\Documents\Project_food\system\CodeIgniter.php(412): CodeIgniter\CodeIgniter->runController()
#3 C:\Users\Adasi\Documents\Project_food\system\CodeIgniter.php(320): CodeIgniter\CodeIgniter->handleRequest()
#4 C:\Users\Adasi\Documents\Project_food\public\index.php(37): CodeIgniter\CodeIgniter->run()
#5 C:\Users\Adasi\Documents\Project_food\system\Commands\Server\rewrite.php(43): require_once('C:\\Users\\Adasi\\...')
#6 {main}
CRITICAL - 2022-04-07 11:48:09 --> Argument 1 passed to App\Controllers\Admin\Bairros::buscaBairroOu404() must be of the type int or null, string given, called in C:\Users\Adasi\Documents\Project_food\app\Controllers\Admin\Bairros.php on line 57
#0 C:\Users\Adasi\Documents\Project_food\app\Controllers\Admin\Bairros.php(57): App\Controllers\Admin\Bairros->buscaBairroOu404()
#1 C:\Users\Adasi\Documents\Project_food\system\CodeIgniter.php(825): App\Controllers\Admin\Bairros->editar()
#2 C:\Users\Adasi\Documents\Project_food\system\CodeIgniter.php(412): CodeIgniter\CodeIgniter->runController()
#3 C:\Users\Adasi\Documents\Project_food\system\CodeIgniter.php(320): CodeIgniter\CodeIgniter->handleRequest()
#4 C:\Users\Adasi\Documents\Project_food\public\index.php(37): CodeIgniter\CodeIgniter->run()
#5 C:\Users\Adasi\Documents\Project_food\system\Commands\Server\rewrite.php(43): require_once('C:\\Users\\Adasi\\...')
#6 {main}
CRITICAL - 2022-04-07 11:48:11 --> Argument 1 passed to App\Controllers\Admin\Bairros::buscaBairroOu404() must be of the type int or null, string given, called in C:\Users\Adasi\Documents\Project_food\app\Controllers\Admin\Bairros.php on line 158
#0 C:\Users\Adasi\Documents\Project_food\app\Controllers\Admin\Bairros.php(158): App\Controllers\Admin\Bairros->buscaBairroOu404()
#1 C:\Users\Adasi\Documents\Project_food\system\CodeIgniter.php(825): App\Controllers\Admin\Bairros->show()
#2 C:\Users\Adasi\Documents\Project_food\system\CodeIgniter.php(412): CodeIgniter\CodeIgniter->runController()
#3 C:\Users\Adasi\Documents\Project_food\system\CodeIgniter.php(320): CodeIgniter\CodeIgniter->handleRequest()
#4 C:\Users\Adasi\Documents\Project_food\public\index.php(37): CodeIgniter\CodeIgniter->run()
#5 C:\Users\Adasi\Documents\Project_food\system\Commands\Server\rewrite.php(43): require_once('C:\\Users\\Adasi\\...')
#6 {main}
CRITICAL - 2022-04-07 11:48:11 --> Argument 1 passed to App\Controllers\Admin\Bairros::buscaBairroOu404() must be of the type int or null, string given, called in C:\Users\Adasi\Documents\Project_food\app\Controllers\Admin\Bairros.php on line 158
#0 C:\Users\Adasi\Documents\Project_food\app\Controllers\Admin\Bairros.php(158): App\Controllers\Admin\Bairros->buscaBairroOu404()
#1 C:\Users\Adasi\Documents\Project_food\system\CodeIgniter.php(825): App\Controllers\Admin\Bairros->show()
#2 C:\Users\Adasi\Documents\Project_food\system\CodeIgniter.php(412): CodeIgniter\CodeIgniter->runController()
#3 C:\Users\Adasi\Documents\Project_food\system\CodeIgniter.php(320): CodeIgniter\CodeIgniter->handleRequest()
#4 C:\Users\Adasi\Documents\Project_food\public\index.php(37): CodeIgniter\CodeIgniter->run()
#5 C:\Users\Adasi\Documents\Project_food\system\Commands\Server\rewrite.php(43): require_once('C:\\Users\\Adasi\\...')
#6 {main}
CRITICAL - 2022-04-07 11:48:12 --> Argument 1 passed to App\Controllers\Admin\Bairros::buscaBairroOu404() must be of the type int or null, string given, called in C:\Users\Adasi\Documents\Project_food\app\Controllers\Admin\Bairros.php on line 158
#0 C:\Users\Adasi\Documents\Project_food\app\Controllers\Admin\Bairros.php(158): App\Controllers\Admin\Bairros->buscaBairroOu404()
#1 C:\Users\Adasi\Documents\Project_food\system\CodeIgniter.php(825): App\Controllers\Admin\Bairros->show()
#2 C:\Users\Adasi\Documents\Project_food\system\CodeIgniter.php(412): CodeIgniter\CodeIgniter->runController()
#3 C:\Users\Adasi\Documents\Project_food\system\CodeIgniter.php(320): CodeIgniter\CodeIgniter->handleRequest()
#4 C:\Users\Adasi\Documents\Project_food\public\index.php(37): CodeIgniter\CodeIgniter->run()
#5 C:\Users\Adasi\Documents\Project_food\system\Commands\Server\rewrite.php(43): require_once('C:\\Users\\Adasi\\...')
#6 {main}
CRITICAL - 2022-04-07 11:48:13 --> Argument 1 passed to App\Controllers\Admin\Bairros::buscaBairroOu404() must be of the type int or null, string given, called in C:\Users\Adasi\Documents\Project_food\app\Controllers\Admin\Bairros.php on line 158
#0 C:\Users\Adasi\Documents\Project_food\app\Controllers\Admin\Bairros.php(158): App\Controllers\Admin\Bairros->buscaBairroOu404()
#1 C:\Users\Adasi\Documents\Project_food\system\CodeIgniter.php(825): App\Controllers\Admin\Bairros->show()
#2 C:\Users\Adasi\Documents\Project_food\system\CodeIgniter.php(412): CodeIgniter\CodeIgniter->runController()
#3 C:\Users\Adasi\Documents\Project_food\system\CodeIgniter.php(320): CodeIgniter\CodeIgniter->handleRequest()
#4 C:\Users\Adasi\Documents\Project_food\public\index.php(37): CodeIgniter\CodeIgniter->run()
#5 C:\Users\Adasi\Documents\Project_food\system\Commands\Server\rewrite.php(43): require_once('C:\\Users\\Adasi\\...')
#6 {main}
CRITICAL - 2022-04-07 11:48:14 --> Argument 1 passed to App\Controllers\Admin\Bairros::buscaBairroOu404() must be of the type int or null, string given, called in C:\Users\Adasi\Documents\Project_food\app\Controllers\Admin\Bairros.php on line 158
#0 C:\Users\Adasi\Documents\Project_food\app\Controllers\Admin\Bairros.php(158): App\Controllers\Admin\Bairros->buscaBairroOu404()
#1 C:\Users\Adasi\Documents\Project_food\system\CodeIgniter.php(825): App\Controllers\Admin\Bairros->show()
#2 C:\Users\Adasi\Documents\Project_food\system\CodeIgniter.php(412): CodeIgniter\CodeIgniter->runController()
#3 C:\Users\Adasi\Documents\Project_food\system\CodeIgniter.php(320): CodeIgniter\CodeIgniter->handleRequest()
#4 C:\Users\Adasi\Documents\Project_food\public\index.php(37): CodeIgniter\CodeIgniter->run()
#5 C:\Users\Adasi\Documents\Project_food\system\Commands\Server\rewrite.php(43): require_once('C:\\Users\\Adasi\\...')
#6 {main}
CRITICAL - 2022-04-07 11:48:14 --> Argument 1 passed to App\Controllers\Admin\Bairros::buscaBairroOu404() must be of the type int or null, string given, called in C:\Users\Adasi\Documents\Project_food\app\Controllers\Admin\Bairros.php on line 158
#0 C:\Users\Adasi\Documents\Project_food\app\Controllers\Admin\Bairros.php(158): App\Controllers\Admin\Bairros->buscaBairroOu404()
#1 C:\Users\Adasi\Documents\Project_food\system\CodeIgniter.php(825): App\Controllers\Admin\Bairros->show()
#2 C:\Users\Adasi\Documents\Project_food\system\CodeIgniter.php(412): CodeIgniter\CodeIgniter->runController()
#3 C:\Users\Adasi\Documents\Project_food\system\CodeIgniter.php(320): CodeIgniter\CodeIgniter->handleRequest()
#4 C:\Users\Adasi\Documents\Project_food\public\index.php(37): CodeIgniter\CodeIgniter->run()
#5 C:\Users\Adasi\Documents\Project_food\system\Commands\Server\rewrite.php(43): require_once('C:\\Users\\Adasi\\...')
#6 {main}
